Kind,Name,Essential,Cyclomatic,CyclomaticModified,CyclomaticStrict
Public Constructor,"junit.extensions.ActiveTestSuite.ActiveTestSuite",1,1,1,1
Public Constructor,"junit.extensions.ActiveTestSuite.ActiveTestSuite",1,1,1,1
Public Constructor,"junit.extensions.ActiveTestSuite.ActiveTestSuite",1,1,1,1
Public Constructor,"junit.extensions.ActiveTestSuite.ActiveTestSuite",1,1,1,1
Public Method,"junit.extensions.ActiveTestSuite.run",1,1,1,1
Public Method,"junit.extensions.ActiveTestSuite.runFinished",1,1,1,1
Public Method,"junit.extensions.ActiveTestSuite.runTest",1,1,1,1
Public Method,"junit.extensions.ActiveTestSuite.runTest.(Anon_1).run",1,1,1,1
Method,"junit.extensions.ActiveTestSuite.waitUntilFinished",3,3,3,3
Public Constructor,"junit.extensions.RepeatedTest.RepeatedTest",1,2,2,2
Public Method,"junit.extensions.RepeatedTest.countTestCases",1,1,1,1
Public Method,"junit.extensions.RepeatedTest.run",3,3,3,3
Public Method,"junit.extensions.RepeatedTest.toString",1,1,1,1
Public Constructor,"junit.extensions.TestDecorator.TestDecorator",1,1,1,1
Public Method,"junit.extensions.TestDecorator.basicRun",1,1,1,1
Public Method,"junit.extensions.TestDecorator.countTestCases",1,1,1,1
Public Method,"junit.extensions.TestDecorator.getTest",1,1,1,1
Public Method,"junit.extensions.TestDecorator.run",1,1,1,1
Public Method,"junit.extensions.TestDecorator.toString",1,1,1,1
Public Constructor,"junit.extensions.TestSetup.TestSetup",1,1,1,1
Public Method,"junit.extensions.TestSetup.run",1,1,1,1
Public Method,"junit.extensions.TestSetup.run.(Anon_1).protect",1,1,1,1
Protected Method,"junit.extensions.TestSetup.setUp",1,1,1,1
Protected Method,"junit.extensions.TestSetup.tearDown",1,1,1,1
Protected Constructor,"junit.framework.Assert.Assert",1,1,1,1
Public Static Method,"junit.framework.Assert.assertEquals",1,1,1,1
Public Static Method,"junit.framework.Assert.assertEquals",1,1,1,1
Public Static Method,"junit.framework.Assert.assertEquals",1,1,1,1
Public Static Method,"junit.framework.Assert.assertEquals",3,4,4,6
Public Static Method,"junit.framework.Assert.assertEquals",3,3,3,5
Public Static Method,"junit.framework.Assert.assertEquals",1,3,3,3
Public Static Method,"junit.framework.Assert.assertEquals",1,1,1,1
Public Static Method,"junit.framework.Assert.assertEquals",1,3,3,3
Public Static Method,"junit.framework.Assert.assertEquals",1,1,1,1
Public Static Method,"junit.framework.Assert.assertEquals",1,1,1,1
Public Static Method,"junit.framework.Assert.assertEquals",1,1,1,1
Public Static Method,"junit.framework.Assert.assertEquals",1,1,1,1
Public Static Method,"junit.framework.Assert.assertEquals",1,1,1,1
Public Static Method,"junit.framework.Assert.assertEquals",1,1,1,1
Public Static Method,"junit.framework.Assert.assertEquals",1,1,1,1
Public Static Method,"junit.framework.Assert.assertEquals",1,1,1,1
Public Static Method,"junit.framework.Assert.assertEquals",1,1,1,1
Public Static Method,"junit.framework.Assert.assertEquals",1,1,1,1
Public Static Method,"junit.framework.Assert.assertEquals",1,1,1,1
Public Static Method,"junit.framework.Assert.assertEquals",1,1,1,1
Public Static Method,"junit.framework.Assert.assertFalse",1,1,1,1
Public Static Method,"junit.framework.Assert.assertFalse",1,1,1,1
Public Static Method,"junit.framework.Assert.assertNotNull",1,1,1,1
Public Static Method,"junit.framework.Assert.assertNotNull",1,1,1,1
Public Static Method,"junit.framework.Assert.assertNotSame",1,1,1,1
Public Static Method,"junit.framework.Assert.assertNotSame",1,2,2,2
Public Static Method,"junit.framework.Assert.assertNull",1,1,1,1
Public Static Method,"junit.framework.Assert.assertNull",1,1,1,1
Public Static Method,"junit.framework.Assert.assertSame",1,1,1,1
Public Static Method,"junit.framework.Assert.assertSame",1,2,2,2
Public Static Method,"junit.framework.Assert.assertTrue",1,1,1,1
Public Static Method,"junit.framework.Assert.assertTrue",1,2,2,2
Public Static Method,"junit.framework.Assert.fail",1,1,1,1
Public Static Method,"junit.framework.Assert.fail",1,2,2,2
Public Static Method,"junit.framework.Assert.failNotEquals",1,1,1,1
Public Static Method,"junit.framework.Assert.failNotSame",1,2,2,2
Public Static Method,"junit.framework.Assert.failSame",1,2,2,2
Public Static Method,"junit.framework.Assert.format",1,2,2,3
Public Constructor,"junit.framework.AssertionFailedError.AssertionFailedError",1,1,1,1
Public Constructor,"junit.framework.AssertionFailedError.AssertionFailedError",1,1,1,1
Public Constructor,"junit.framework.ComparisonCompactor.ComparisonCompactor",1,1,1,1
Private Method,"junit.framework.ComparisonCompactor.areStringsEqual",1,1,1,1
Public Method,"junit.framework.ComparisonCompactor.compact",1,2,2,4
Private Method,"junit.framework.ComparisonCompactor.compactString",1,3,3,3
Private Method,"junit.framework.ComparisonCompactor.computeCommonPrefix",1,2,2,2
Private Method,"junit.framework.ComparisonCompactor.computeCommonSuffix",1,2,2,2
Private Method,"junit.framework.ComparisonCompactor.findCommonPrefix",3,3,3,3
Private Method,"junit.framework.ComparisonCompactor.findCommonSuffix",3,3,3,4
Public Constructor,"junit.framework.ComparisonFailure.ComparisonFailure",1,1,1,1
Public Method,"junit.framework.ComparisonFailure.getActual",1,1,1,1
Public Method,"junit.framework.ComparisonFailure.getExpected",1,1,1,1
Public Method,"junit.framework.ComparisonFailure.getMessage",1,1,1,1
Public Constructor,"junit.framework.JUnit4TestAdapter.JUnit4TestAdapter",1,1,1,1
Public Constructor,"junit.framework.JUnit4TestAdapter.JUnit4TestAdapter",1,1,1,1
Public Method,"junit.framework.JUnit4TestAdapter.countTestCases",1,1,1,1
Public Method,"junit.framework.JUnit4TestAdapter.filter",1,1,1,1
Public Method,"junit.framework.JUnit4TestAdapter.getDescription",1,1,1,1
Public Method,"junit.framework.JUnit4TestAdapter.getTestClass",1,1,1,1
Public Method,"junit.framework.JUnit4TestAdapter.getTests",1,1,1,1
Private Method,"junit.framework.JUnit4TestAdapter.isIgnored",1,1,1,1
Private Method,"junit.framework.JUnit4TestAdapter.removeIgnored",1,4,4,4
Public Method,"junit.framework.JUnit4TestAdapter.run",1,1,1,1
Public Method,"junit.framework.JUnit4TestAdapter.sort",1,1,1,1
Public Method,"junit.framework.JUnit4TestAdapter.toString",1,1,1,1
Public Method,"junit.framework.JUnit4TestAdapterCache.asTest",1,3,3,3
Public Method,"junit.framework.JUnit4TestAdapterCache.asTestList",1,3,3,3
Method,"junit.framework.JUnit4TestAdapterCache.createTest",1,3,3,3
Public Static Method,"junit.framework.JUnit4TestAdapterCache.getDefault",1,1,1,1
Public Method,"junit.framework.JUnit4TestAdapterCache.getNotifier",1,1,1,1
Public Method,"junit.framework.JUnit4TestAdapterCache.getNotifier.(Anon_1).testFailure",1,1,1,1
Public Method,"junit.framework.JUnit4TestAdapterCache.getNotifier.(Anon_1).testFinished",1,1,1,1
Public Method,"junit.framework.JUnit4TestAdapterCache.getNotifier.(Anon_1).testStarted",1,1,1,1
Constructor,"junit.framework.JUnit4TestCaseFacade.JUnit4TestCaseFacade",1,1,1,1
Public Method,"junit.framework.JUnit4TestCaseFacade.countTestCases",1,1,1,1
Public Method,"junit.framework.JUnit4TestCaseFacade.getDescription",1,1,1,1
Public Method,"junit.framework.JUnit4TestCaseFacade.run",1,1,1,1
Public Method,"junit.framework.JUnit4TestCaseFacade.toString",1,1,1,1
Public Abstract Method,"junit.framework.Protectable.protect",1,1,1,1
Public Abstract Method,"junit.framework.Test.countTestCases",1,1,1,1
Public Abstract Method,"junit.framework.Test.run",1,1,1,1
Public Constructor,"junit.framework.TestCase.TestCase",1,1,1,1
Public Constructor,"junit.framework.TestCase.TestCase",1,1,1,1
Public Method,"junit.framework.TestCase.countTestCases",1,1,1,1
Protected Method,"junit.framework.TestCase.createResult",1,1,1,1
Public Method,"junit.framework.TestCase.getName",1,1,1,1
Public Method,"junit.framework.TestCase.run",1,1,1,1
Public Method,"junit.framework.TestCase.run",1,1,1,1
Public Method,"junit.framework.TestCase.runBare",1,5,5,5
Protected Method,"junit.framework.TestCase.runTest",1,5,5,5
Public Method,"junit.framework.TestCase.setName",1,1,1,1
Protected Method,"junit.framework.TestCase.setUp",1,1,1,1
Protected Method,"junit.framework.TestCase.tearDown",1,1,1,1
Public Method,"junit.framework.TestCase.toString",1,1,1,1
Public Constructor,"junit.framework.TestFailure.TestFailure",1,1,1,1
Public Method,"junit.framework.TestFailure.exceptionMessage",1,1,1,1
Public Method,"junit.framework.TestFailure.failedTest",1,1,1,1
Public Method,"junit.framework.TestFailure.isFailure",1,1,1,1
Public Method,"junit.framework.TestFailure.thrownException",1,1,1,1
Public Method,"junit.framework.TestFailure.toString",1,1,1,1
Public Method,"junit.framework.TestFailure.trace",1,1,1,1
Public Abstract Method,"junit.framework.TestListener.addError",1,1,1,1
Public Abstract Method,"junit.framework.TestListener.addFailure",1,1,1,1
Public Abstract Method,"junit.framework.TestListener.endTest",1,1,1,1
Public Abstract Method,"junit.framework.TestListener.startTest",1,1,1,1
Public Constructor,"junit.framework.TestResult.TestResult",1,1,1,1
Public Method,"junit.framework.TestResult.addError",1,2,2,2
Public Method,"junit.framework.TestResult.addFailure",1,2,2,2
Public Method,"junit.framework.TestResult.addListener",1,1,1,1
Private Method,"junit.framework.TestResult.cloneListeners",1,1,1,1
Public Method,"junit.framework.TestResult.endTest",1,2,2,2
Public Method,"junit.framework.TestResult.errorCount",1,1,1,1
Public Method,"junit.framework.TestResult.errors",1,1,1,1
Public Method,"junit.framework.TestResult.failureCount",1,1,1,1
Public Method,"junit.framework.TestResult.failures",1,1,1,1
Public Method,"junit.framework.TestResult.removeListener",1,1,1,1
Protected Method,"junit.framework.TestResult.run",1,1,1,1
Public Method,"junit.framework.TestResult.run.(Anon_1).protect",1,1,1,1
Public Method,"junit.framework.TestResult.runCount",1,1,1,1
Public Method,"junit.framework.TestResult.runProtected",1,4,4,4
Public Method,"junit.framework.TestResult.shouldStop",1,1,1,1
Public Method,"junit.framework.TestResult.startTest",1,2,2,2
Public Method,"junit.framework.TestResult.stop",1,1,1,1
Public Method,"junit.framework.TestResult.wasSuccessful",1,1,1,2
Public Constructor,"junit.framework.TestSuite.TestSuite",1,1,1,1
Public Constructor,"junit.framework.TestSuite.TestSuite",1,2,2,2
Public Constructor,"junit.framework.TestSuite.TestSuite",1,1,1,1
Public Constructor,"junit.framework.TestSuite.TestSuite",1,1,1,1
Public Constructor,"junit.framework.TestSuite.TestSuite",1,1,1,1
Public Constructor,"junit.framework.TestSuite.TestSuite",1,1,1,1
Public Method,"junit.framework.TestSuite.addTest",1,1,1,1
Private Method,"junit.framework.TestSuite.addTestMethod",3,4,4,4
Public Method,"junit.framework.TestSuite.addTestSuite",1,1,1,1
Private Method,"junit.framework.TestSuite.addTestsFromTestCase",3,6,6,6
Public Method,"junit.framework.TestSuite.countTestCases",1,2,2,2
Public Static Method,"junit.framework.TestSuite.createTest",5,7,7,7
Private Static Method,"junit.framework.TestSuite.exceptionToString",1,1,1,1
Public Method,"junit.framework.TestSuite.getName",1,1,1,1
Public Static Method,"junit.framework.TestSuite.getTestConstructor",1,2,2,2
Private Method,"junit.framework.TestSuite.isPublicTestMethod",1,1,1,2
Private Method,"junit.framework.TestSuite.isTestMethod",1,1,1,3
Public Method,"junit.framework.TestSuite.run",3,3,3,3
Public Method,"junit.framework.TestSuite.runTest",1,1,1,1
Public Method,"junit.framework.TestSuite.setName",1,1,1,1
Public Method,"junit.framework.TestSuite.testAt",1,1,1,1
Private Method,"junit.framework.TestSuite.testCaseForClass",1,2,2,2
Public Method,"junit.framework.TestSuite.testCount",1,1,1,1
Public Method,"junit.framework.TestSuite.tests",1,1,1,1
Public Method,"junit.framework.TestSuite.toString",1,2,2,2
Public Static Method,"junit.framework.TestSuite.warning",1,1,1,1
Protected Method,"junit.framework.TestSuite.warning.(Anon_1).runTest",1,1,1,1
Public Method,"junit.runner.BaseTestRunner.addError",1,1,1,1
Public Method,"junit.runner.BaseTestRunner.addFailure",1,1,1,1
Protected Method,"junit.runner.BaseTestRunner.clearStatus",1,1,1,1
Public Method,"junit.runner.BaseTestRunner.elapsedTimeAsString",1,1,1,1
Public Method,"junit.runner.BaseTestRunner.endTest",1,1,1,1
Public Method,"junit.runner.BaseTestRunner.extractClassName",1,2,2,2
Static Method,"junit.runner.BaseTestRunner.filterLine",3,3,3,3
Public Static Method,"junit.runner.BaseTestRunner.getFilteredTrace",3,5,5,5
Public Static Method,"junit.runner.BaseTestRunner.getFilteredTrace",1,1,1,1
Public Static Method,"junit.runner.BaseTestRunner.getPreference",1,1,1,1
Public Static Method,"junit.runner.BaseTestRunner.getPreference",1,3,3,3
Protected Static Method,"junit.runner.BaseTestRunner.getPreferences",1,2,2,2
Private Static Method,"junit.runner.BaseTestRunner.getPreferencesFile",1,1,1,1
Public Method,"junit.runner.BaseTestRunner.getTest",9,10,10,10
Protected Method,"junit.runner.BaseTestRunner.loadSuiteClass",1,1,1,1
Protected Method,"junit.runner.BaseTestRunner.processArguments",1,6,6,6
Private Static Method,"junit.runner.BaseTestRunner.readPreferences",1,4,4,4
Protected Abstract Method,"junit.runner.BaseTestRunner.runFailed",1,1,1,1
Public Static Method,"junit.runner.BaseTestRunner.savePreferences",1,1,1,1
Public Method,"junit.runner.BaseTestRunner.setLoading",1,1,1,1
Public Static Method,"junit.runner.BaseTestRunner.setPreference",1,1,1,1
Protected Static Method,"junit.runner.BaseTestRunner.setPreferences",1,1,1,1
Protected Static Method,"junit.runner.BaseTestRunner.showStackRaw",1,1,1,2
Public Method,"junit.runner.BaseTestRunner.startTest",1,1,1,1
Public Abstract Method,"junit.runner.BaseTestRunner.testEnded",1,1,1,1
Public Abstract Method,"junit.runner.BaseTestRunner.testFailed",1,1,1,1
Public Abstract Method,"junit.runner.BaseTestRunner.testStarted",1,1,1,1
Public Static Method,"junit.runner.BaseTestRunner.truncate",1,2,2,3
Protected Method,"junit.runner.BaseTestRunner.useReloadingTestSuiteLoader",1,1,1,2
Public Abstract Method,"junit.runner.TestRunListener.testEnded",1,1,1,1
Public Abstract Method,"junit.runner.TestRunListener.testFailed",1,1,1,1
Public Abstract Method,"junit.runner.TestRunListener.testRunEnded",1,1,1,1
Public Abstract Method,"junit.runner.TestRunListener.testRunStarted",1,1,1,1
Public Abstract Method,"junit.runner.TestRunListener.testRunStopped",1,1,1,1
Public Abstract Method,"junit.runner.TestRunListener.testStarted",1,1,1,1
Private Constructor,"junit.runner.Version.Version",1,1,1,1
Public Static Method,"junit.runner.Version.id",1,1,1,1
Public Static Method,"junit.runner.Version.main",1,1,1,1
Public Static Method,"junit.samples.AllTests.main",1,1,1,1
Public Static Method,"junit.samples.AllTests.suite",1,1,1,1
Public Static Method,"junit.samples.ListTest.main",1,1,1,1
Protected Method,"junit.samples.ListTest.setUp",1,1,1,1
Public Static Method,"junit.samples.ListTest.suite",1,1,1,1
Public Method,"junit.samples.ListTest.testCapacity",1,2,2,2
Public Method,"junit.samples.ListTest.testContains",1,1,1,1
Public Method,"junit.samples.ListTest.testElementAt",1,2,2,2
Public Method,"junit.samples.ListTest.testRemoveAll",1,1,1,1
Public Method,"junit.samples.ListTest.testRemoveElement",1,1,1,1
Public Static Method,"junit.samples.SimpleTest.main",1,1,1,1
Protected Method,"junit.samples.SimpleTest.setUp",1,1,1,1
Public Static Method,"junit.samples.SimpleTest.suite",1,1,1,1
Public Method,"junit.samples.SimpleTest.testAdd",1,1,1,1
Public Method,"junit.samples.SimpleTest.testDivideByZero",1,1,1,1
Public Method,"junit.samples.SimpleTest.testEquals",1,1,1,1
Public Abstract Method,"junit.samples.money.IMoney.add",1,1,1,1
Public Abstract Method,"junit.samples.money.IMoney.addMoney",1,1,1,1
Public Abstract Method,"junit.samples.money.IMoney.addMoneyBag",1,1,1,1
Public Abstract Method,"junit.samples.money.IMoney.appendTo",1,1,1,1
Public Abstract Method,"junit.samples.money.IMoney.isZero",1,1,1,1
Public Abstract Method,"junit.samples.money.IMoney.multiply",1,1,1,1
Public Abstract Method,"junit.samples.money.IMoney.negate",1,1,1,1
Public Abstract Method,"junit.samples.money.IMoney.subtract",1,1,1,1
Public Constructor,"junit.samples.money.Money.Money",1,1,1,1
Public Method,"junit.samples.money.Money.add",1,1,1,1
Public Method,"junit.samples.money.Money.addMoney",1,2,2,2
Public Method,"junit.samples.money.Money.addMoneyBag",1,1,1,1
Public Method,"junit.samples.money.Money.amount",1,1,1,1
Public Method,"junit.samples.money.Money.appendTo",1,1,1,1
Public Method,"junit.samples.money.Money.currency",1,1,1,1
Public Method,"junit.samples.money.Money.equals",4,4,4,5
Public Method,"junit.samples.money.Money.hashCode",1,2,2,2
Public Method,"junit.samples.money.Money.isZero",1,1,1,1
Public Method,"junit.samples.money.Money.multiply",1,1,1,1
Public Method,"junit.samples.money.Money.negate",1,1,1,1
Public Method,"junit.samples.money.Money.subtract",1,1,1,1
Public Method,"junit.samples.money.Money.toString",1,1,1,1
Public Method,"junit.samples.money.MoneyBag.add",1,1,1,1
Public Method,"junit.samples.money.MoneyBag.addMoney",1,1,1,1
Public Method,"junit.samples.money.MoneyBag.addMoneyBag",1,1,1,1
Method,"junit.samples.money.MoneyBag.appendBag",1,2,2,2
Method,"junit.samples.money.MoneyBag.appendMoney",4,4,4,4
Public Method,"junit.samples.money.MoneyBag.appendTo",1,1,1,1
Private Method,"junit.samples.money.MoneyBag.contains",1,2,2,2
Public Static Method,"junit.samples.money.MoneyBag.create",1,1,1,1
Public Method,"junit.samples.money.MoneyBag.equals",7,7,7,7
Private Method,"junit.samples.money.MoneyBag.findMoney",3,3,3,3
Public Method,"junit.samples.money.MoneyBag.hashCode",1,2,2,2
Public Method,"junit.samples.money.MoneyBag.isZero",1,1,1,1
Public Method,"junit.samples.money.MoneyBag.multiply",1,3,3,3
Public Method,"junit.samples.money.MoneyBag.negate",1,2,2,2
Private Method,"junit.samples.money.MoneyBag.simplify",1,2,2,2
Public Method,"junit.samples.money.MoneyBag.subtract",1,1,1,1
Public Method,"junit.samples.money.MoneyBag.toString",1,2,2,2
Public Static Method,"junit.samples.money.MoneyTest.main",1,1,1,1
Protected Method,"junit.samples.money.MoneyTest.setUp",1,1,1,1
Public Method,"junit.samples.money.MoneyTest.testBagMultiply",1,1,1,1
Public Method,"junit.samples.money.MoneyTest.testBagNegate",1,1,1,1
Public Method,"junit.samples.money.MoneyTest.testBagNotEquals",1,1,1,1
Public Method,"junit.samples.money.MoneyTest.testBagSimpleAdd",1,1,1,1
Public Method,"junit.samples.money.MoneyTest.testBagSubtract",1,1,1,1
Public Method,"junit.samples.money.MoneyTest.testBagSumAdd",1,1,1,1
Public Method,"junit.samples.money.MoneyTest.testIsZero",1,1,1,1
Public Method,"junit.samples.money.MoneyTest.testMixedSimpleAdd",1,1,1,1
Public Method,"junit.samples.money.MoneyTest.testMoneyBagEquals",1,1,1,1
Public Method,"junit.samples.money.MoneyTest.testMoneyBagHash",1,1,1,1
Public Method,"junit.samples.money.MoneyTest.testMoneyEquals",1,1,1,1
Public Method,"junit.samples.money.MoneyTest.testMoneyHash",1,1,1,1
Public Method,"junit.samples.money.MoneyTest.testNormalize2",1,1,1,1
Public Method,"junit.samples.money.MoneyTest.testNormalize3",1,1,1,1
Public Method,"junit.samples.money.MoneyTest.testNormalize4",1,1,1,1
Public Method,"junit.samples.money.MoneyTest.testPrint",1,1,1,1
Public Method,"junit.samples.money.MoneyTest.testSimpleAdd",1,1,1,1
Public Method,"junit.samples.money.MoneyTest.testSimpleBagAdd",1,1,1,1
Public Method,"junit.samples.money.MoneyTest.testSimpleMultiply",1,1,1,1
Public Method,"junit.samples.money.MoneyTest.testSimpleNegate",1,1,1,1
Public Method,"junit.samples.money.MoneyTest.testSimpleSubtract",1,1,1,1
Public Method,"junit.samples.money.MoneyTest.testSimplify",1,1,1,1
Public Static Method,"junit.tests.AllTests.main",1,1,1,1
Public Static Method,"junit.tests.AllTests.suite",1,1,1,1
Protected Method,"junit.tests.WasRun.runTest",1,1,1,1
Public Method,"junit.tests.extensions.ActiveTestTest.SuccessTest.runTest",1,1,1,1
Method,"junit.tests.extensions.ActiveTestTest.createActiveTestSuite",1,2,2,2
Public Method,"junit.tests.extensions.ActiveTestTest.testActiveRepeatedTest",1,1,1,1
Public Method,"junit.tests.extensions.ActiveTestTest.testActiveRepeatedTest0",1,1,1,1
Public Method,"junit.tests.extensions.ActiveTestTest.testActiveRepeatedTest1",1,1,1,1
Public Method,"junit.tests.extensions.ActiveTestTest.testActiveTest",1,1,1,1
Public Static Method,"junit.tests.extensions.AllTests.main",1,1,1,1
Public Static Method,"junit.tests.extensions.AllTests.suite",1,1,1,1
Constructor,"junit.tests.extensions.ExtensionTest.TornDown.TornDown",1,1,1,1
Protected Method,"junit.tests.extensions.ExtensionTest.TornDown.tearDown",1,1,1,1
Public Method,"junit.tests.extensions.ExtensionTest.testRunningErrorInTestSetup",1,1,1,1
Public Method,"junit.tests.extensions.ExtensionTest.testRunningErrorInTestSetup.(Anon_1).runTest",1,1,1,1
Public Method,"junit.tests.extensions.ExtensionTest.testRunningErrorsInTestSetup",1,1,1,1
Public Method,"junit.tests.extensions.ExtensionTest.testRunningErrorsInTestSetup.(Anon_2).runTest",1,1,1,1
Public Method,"junit.tests.extensions.ExtensionTest.testRunningErrorsInTestSetup.(Anon_3).runTest",1,1,1,1
Public Method,"junit.tests.extensions.ExtensionTest.testSetupErrorDontTearDown",1,1,1,1
Public Method,"junit.tests.extensions.ExtensionTest.testSetupErrorDontTearDown.(Anon_4).setUp",1,1,1,1
Public Method,"junit.tests.extensions.ExtensionTest.testSetupErrorInTestSetup",1,1,1,1
Public Method,"junit.tests.extensions.ExtensionTest.testSetupErrorInTestSetup.(Anon_5).setUp",1,1,1,1
Public Constructor,"junit.tests.extensions.RepeatedTestTest.RepeatedTestTest",1,1,1,1
Public Method,"junit.tests.extensions.RepeatedTestTest.SuccessTest.runTest",1,1,1,1
Public Method,"junit.tests.extensions.RepeatedTestTest.testRepeatedMoreThanOnce",1,1,1,1
Public Method,"junit.tests.extensions.RepeatedTestTest.testRepeatedNegative",1,2,2,2
Public Method,"junit.tests.extensions.RepeatedTestTest.testRepeatedOnce",1,1,1,1
Public Method,"junit.tests.extensions.RepeatedTestTest.testRepeatedZero",1,1,1,1
Public Static Method,"junit.tests.framework.AllTests.main",1,1,1,1
Public Static Method,"junit.tests.framework.AllTests.suite",1,1,1,1
Public Method,"junit.tests.framework.AssertTest.testAssertEquals",1,2,2,2
Public Method,"junit.tests.framework.AssertTest.testAssertEqualsNull",1,1,1,1
Public Method,"junit.tests.framework.AssertTest.testAssertFalse",1,2,2,2
Public Method,"junit.tests.framework.AssertTest.testAssertNotNull",1,2,2,2
Public Method,"junit.tests.framework.AssertTest.testAssertNotSame",1,2,2,2
Public Method,"junit.tests.framework.AssertTest.testAssertNotSameFailsNull",1,2,2,2
Public Method,"junit.tests.framework.AssertTest.testAssertNull",1,2,2,2
Public Method,"junit.tests.framework.AssertTest.testAssertNullNotEqualsNull",1,2,2,2
Public Method,"junit.tests.framework.AssertTest.testAssertNullNotEqualsString",1,2,2,2
Public Method,"junit.tests.framework.AssertTest.testAssertSame",1,2,2,2
Public Method,"junit.tests.framework.AssertTest.testAssertStringEquals",1,1,1,1
Public Method,"junit.tests.framework.AssertTest.testAssertStringNotEqualsNull",1,2,2,2
Public Method,"junit.tests.framework.AssertTest.testAssertTrue",1,2,2,2
Public Method,"junit.tests.framework.AssertTest.testAssertionFailedErrorToStringWithMessage",1,2,2,2
Public Method,"junit.tests.framework.AssertTest.testAssertionFailedErrorToStringWithNoMessage",1,2,2,2
Public Method,"junit.tests.framework.AssertTest.testFail",1,2,2,2
Public Method,"junit.tests.framework.ComparisonCompactorTest.testBug609972",1,1,1,1
Public Method,"junit.tests.framework.ComparisonCompactorTest.testComparisonErrorEndSameComplete",1,1,1,1
Public Method,"junit.tests.framework.ComparisonCompactorTest.testComparisonErrorEndSameCompleteContext",1,1,1,1
Public Method,"junit.tests.framework.ComparisonCompactorTest.testComparisonErrorOverlapingMatches",1,1,1,1
Public Method,"junit.tests.framework.ComparisonCompactorTest.testComparisonErrorOverlapingMatches2",1,1,1,1
Public Method,"junit.tests.framework.ComparisonCompactorTest.testComparisonErrorOverlapingMatches2Context",1,1,1,1
Public Method,"junit.tests.framework.ComparisonCompactorTest.testComparisonErrorOverlapingMatchesContext",1,1,1,1
Public Method,"junit.tests.framework.ComparisonCompactorTest.testComparisonErrorStartSameComplete",1,1,1,1
Public Method,"junit.tests.framework.ComparisonCompactorTest.testComparisonErrorWithActualNull",1,1,1,1
Public Method,"junit.tests.framework.ComparisonCompactorTest.testComparisonErrorWithActualNullContext",1,1,1,1
Public Method,"junit.tests.framework.ComparisonCompactorTest.testComparisonErrorWithExpectedNull",1,1,1,1
Public Method,"junit.tests.framework.ComparisonCompactorTest.testComparisonErrorWithExpectedNullContext",1,1,1,1
Public Method,"junit.tests.framework.ComparisonCompactorTest.testEndSame",1,1,1,1
Public Method,"junit.tests.framework.ComparisonCompactorTest.testMessage",1,1,1,1
Public Method,"junit.tests.framework.ComparisonCompactorTest.testNoContextStartAndEndSame",1,1,1,1
Public Method,"junit.tests.framework.ComparisonCompactorTest.testSame",1,1,1,1
Public Method,"junit.tests.framework.ComparisonCompactorTest.testStartAndEndContext",1,1,1,1
Public Method,"junit.tests.framework.ComparisonCompactorTest.testStartAndEndContextWithEllipses",1,1,1,1
Public Method,"junit.tests.framework.ComparisonCompactorTest.testStartSame",1,1,1,1
Public Method,"junit.tests.framework.ComparisonFailureTest.testConnection",1,1,1,1
Public Method,"junit.tests.framework.ComparisonFailureTest.testExceptionToStringWithMessage",1,3,3,3
Public Method,"junit.tests.framework.ComparisonFailureTest.testExceptionToStringWithoutMessage",1,3,3,3
Public Method,"junit.tests.framework.ComparisonFailureTest.testThrowing",1,2,2,2
Public Method,"junit.tests.framework.DoublePrecisionAssertTest.testAssertEqualsNaNFails",1,2,2,2
Public Method,"junit.tests.framework.DoublePrecisionAssertTest.testAssertNaNEqualsFails",1,2,2,2
Public Method,"junit.tests.framework.DoublePrecisionAssertTest.testAssertNaNEqualsNaN",1,1,1,1
Public Method,"junit.tests.framework.DoublePrecisionAssertTest.testAssertNegInfinityEqualsInfinity",1,1,1,1
Public Method,"junit.tests.framework.DoublePrecisionAssertTest.testAssertPosInfinityEqualsInfinity",1,1,1,1
Public Method,"junit.tests.framework.DoublePrecisionAssertTest.testAssertPosInfinityNotEquals",1,2,2,2
Public Method,"junit.tests.framework.DoublePrecisionAssertTest.testAssertPosInfinityNotEqualsNegInfinity",1,2,2,2
Public Method,"junit.tests.framework.Failure.runTest",1,1,1,1
Public Method,"junit.tests.framework.FloatAssertTest.testAllInfinities",1,2,2,2
Public Method,"junit.tests.framework.FloatAssertTest.testAssertEqualsNaNFails",1,2,2,2
Public Method,"junit.tests.framework.FloatAssertTest.testAssertNaNEqualsFails",1,2,2,2
Public Method,"junit.tests.framework.FloatAssertTest.testAssertNaNEqualsNaN",1,1,1,1
Public Method,"junit.tests.framework.FloatAssertTest.testAssertNegInfinityEqualsInfinity",1,1,1,1
Public Method,"junit.tests.framework.FloatAssertTest.testAssertPosInfinityEqualsInfinity",1,1,1,1
Public Method,"junit.tests.framework.FloatAssertTest.testAssertPosInfinityNotEquals",1,2,2,2
Public Method,"junit.tests.framework.FloatAssertTest.testAssertPosInfinityNotEqualsNegInfinity",1,2,2,2
Public Method,"junit.tests.framework.InheritedTestCase.test2",1,1,1,1
Public Method,"junit.tests.framework.NoArgTestCaseTest.testNothing",1,1,1,1
Public Method,"junit.tests.framework.NoTestCaseClass.testSuccess",1,1,1,1
Public Method,"junit.tests.framework.NoTestCases.noTestCase",1,1,1,1
Protected Method,"junit.tests.framework.NotPublicTestCase.testNotPublic",1,1,1,1
Public Method,"junit.tests.framework.NotPublicTestCase.testPublic",1,1,1,1
Public Method,"junit.tests.framework.NotVoidTestCase.testNotVoid",1,1,1,1
Public Method,"junit.tests.framework.NotVoidTestCase.testVoid",1,1,1,1
Public Method,"junit.tests.framework.OneTestCase.noTestCase",1,1,1,1
Public Method,"junit.tests.framework.OneTestCase.testCase",1,1,1,1
Public Method,"junit.tests.framework.OneTestCase.testCase",1,1,1,1
Public Method,"junit.tests.framework.OverrideTestCase.testCase",1,1,1,1
Public Method,"junit.tests.framework.Success.runTest",1,1,1,1
Public Method,"junit.tests.framework.Success.testSuccess",1,1,1,1
Public Constructor,"junit.tests.framework.SuiteTest.SuiteTest",1,1,1,1
Protected Method,"junit.tests.framework.SuiteTest.setUp",1,1,1,1
Public Static Method,"junit.tests.framework.SuiteTest.suite",1,1,1,1
Public Method,"junit.tests.framework.SuiteTest.testAddTestSuite",1,1,1,1
Public Method,"junit.tests.framework.SuiteTest.testCreateSuiteFromArray",1,1,1,1
Public Method,"junit.tests.framework.SuiteTest.testInheritedTests",1,1,1,1
Public Method,"junit.tests.framework.SuiteTest.testNoTestCaseClass",1,1,1,1
Public Method,"junit.tests.framework.SuiteTest.testNoTestCases",1,1,1,1
Public Method,"junit.tests.framework.SuiteTest.testNotExistingTestCase",1,1,1,1
Public Method,"junit.tests.framework.SuiteTest.testNotPublicTestCase",1,1,1,1
Public Method,"junit.tests.framework.SuiteTest.testNotVoidTestCase",1,1,1,1
Public Method,"junit.tests.framework.SuiteTest.testOneTestCase",1,1,1,1
Public Method,"junit.tests.framework.SuiteTest.testOneTestCaseEclipseSeesSameStructureAs381",1,1,1,1
Public Method,"junit.tests.framework.SuiteTest.testShadowedTests",1,1,1,1
Protected Method,"junit.tests.framework.TestCaseTest.TornDown.runTest",1,1,1,1
Protected Method,"junit.tests.framework.TestCaseTest.TornDown.tearDown",1,1,1,1
Public Method,"junit.tests.framework.TestCaseTest.testCaseToString",1,1,1,1
Public Method,"junit.tests.framework.TestCaseTest.testError",1,1,1,1
Protected Method,"junit.tests.framework.TestCaseTest.testError.(Anon_1).runTest",1,1,1,1
Public Method,"junit.tests.framework.TestCaseTest.testErrorTearingDownDoesntMaskErrorRunning",1,2,2,2
Protected Method,"junit.tests.framework.TestCaseTest.testErrorTearingDownDoesntMaskErrorRunning.(Anon_9).runTest",1,1,1,1
Protected Method,"junit.tests.framework.TestCaseTest.testErrorTearingDownDoesntMaskErrorRunning.(Anon_9).tearDown",1,1,1,1
Public Method,"junit.tests.framework.TestCaseTest.testExceptionRunningAndTearDown",1,1,1,1
Public Method,"junit.tests.framework.TestCaseTest.testExceptionRunningAndTearDown.(Anon_8).tearDown",1,1,1,1
Public Method,"junit.tests.framework.TestCaseTest.testFailure",1,1,1,1
Protected Method,"junit.tests.framework.TestCaseTest.testFailure.(Anon_5).runTest",1,1,1,1
Public Method,"junit.tests.framework.TestCaseTest.testNamelessTestCase",1,1,1,1
Public Method,"junit.tests.framework.TestCaseTest.testNoArgTestCasePasses",1,1,1,1
Public Method,"junit.tests.framework.TestCaseTest.testRunAndTearDownFails",1,1,1,1
Protected Method,"junit.tests.framework.TestCaseTest.testRunAndTearDownFails.(Anon_2).runTest",1,1,1,1
Protected Method,"junit.tests.framework.TestCaseTest.testRunAndTearDownFails.(Anon_2).tearDown",1,1,1,1
Public Method,"junit.tests.framework.TestCaseTest.testSetupFails",1,1,1,1
Protected Method,"junit.tests.framework.TestCaseTest.testSetupFails.(Anon_3).runTest",1,1,1,1
Protected Method,"junit.tests.framework.TestCaseTest.testSetupFails.(Anon_3).setUp",1,1,1,1
Public Method,"junit.tests.framework.TestCaseTest.testSuccess",1,1,1,1
Protected Method,"junit.tests.framework.TestCaseTest.testSuccess.(Anon_4).runTest",1,1,1,1
Public Method,"junit.tests.framework.TestCaseTest.testTearDownAfterError",1,1,1,1
Public Method,"junit.tests.framework.TestCaseTest.testTearDownFails",1,1,1,1
Protected Method,"junit.tests.framework.TestCaseTest.testTearDownFails.(Anon_6).runTest",1,1,1,1
Protected Method,"junit.tests.framework.TestCaseTest.testTearDownFails.(Anon_6).tearDown",1,1,1,1
Public Method,"junit.tests.framework.TestCaseTest.testTearDownSetupFails",1,1,1,1
Protected Method,"junit.tests.framework.TestCaseTest.testTearDownSetupFails.(Anon_7).setUp",1,1,1,1
Public Method,"junit.tests.framework.TestCaseTest.testWasRun",1,1,1,1
Method,"junit.tests.framework.TestCaseTest.verifyError",1,1,1,1
Method,"junit.tests.framework.TestCaseTest.verifyFailure",1,1,1,1
Method,"junit.tests.framework.TestCaseTest.verifySuccess",1,1,1,1
Public Constructor,"junit.tests.framework.TestImplementorTest.DoubleTestCase.DoubleTestCase",1,1,1,1
Public Method,"junit.tests.framework.TestImplementorTest.DoubleTestCase.countTestCases",1,1,1,1
Public Method,"junit.tests.framework.TestImplementorTest.DoubleTestCase.run",1,1,1,1
Public Method,"junit.tests.framework.TestImplementorTest.DoubleTestCase.run.(Anon_1).protect",1,1,1,1
Public Constructor,"junit.tests.framework.TestImplementorTest.TestImplementorTest",1,1,1,1
Public Method,"junit.tests.framework.TestImplementorTest.TestImplementorTest.(Anon_2).runTest",1,1,1,1
Public Method,"junit.tests.framework.TestImplementorTest.testSuccessfulRun",1,1,1,1
Public Method,"junit.tests.framework.TestListenerTest.addError",1,1,1,1
Public Method,"junit.tests.framework.TestListenerTest.addFailure",1,1,1,1
Public Method,"junit.tests.framework.TestListenerTest.endTest",1,1,1,1
Protected Method,"junit.tests.framework.TestListenerTest.setUp",1,1,1,1
Public Method,"junit.tests.framework.TestListenerTest.startTest",1,1,1,1
Public Method,"junit.tests.framework.TestListenerTest.testError",1,1,1,1
Public Method,"junit.tests.framework.TestListenerTest.testError.(Anon_1).runTest",1,1,1,1
Public Method,"junit.tests.framework.TestListenerTest.testFailure",1,1,1,1
Public Method,"junit.tests.framework.TestListenerTest.testFailure.(Anon_2).runTest",1,1,1,1
Public Method,"junit.tests.framework.TestListenerTest.testStartStop",1,1,1,1
Public Method,"junit.tests.framework.TestListenerTest.testStartStop.(Anon_3).runTest",1,1,1,1
Public Method,"junit.tests.framework.ThreeTestCases.testCase",1,1,1,1
Public Method,"junit.tests.framework.ThreeTestCases.testCase2",1,1,1,1
Public Method,"junit.tests.framework.ThreeTestCases.testCase3thisTimeItsPersonal",1,1,1,1
Static Method,"junit.tests.runner.AllTests.isJDK11",1,1,1,1
Public Static Method,"junit.tests.runner.AllTests.main",1,1,1,1
Public Static Method,"junit.tests.runner.AllTests.suite",1,1,1,1
Public Static Method,"junit.tests.runner.BaseTestRunnerTest.DoesntExtendTestCase.suite",1,1,1,1
Protected Method,"junit.tests.runner.BaseTestRunnerTest.MockRunner.runFailed",1,1,1,1
Public Method,"junit.tests.runner.BaseTestRunnerTest.MockRunner.testEnded",1,1,1,1
Public Method,"junit.tests.runner.BaseTestRunnerTest.MockRunner.testFailed",1,1,1,1
Public Method,"junit.tests.runner.BaseTestRunnerTest.MockRunner.testStarted",1,1,1,1
Public Method,"junit.tests.runner.BaseTestRunnerTest.NonStatic.suite",1,1,1,1
Public Method,"junit.tests.runner.BaseTestRunnerTest.testInvokeNonStaticSuite",1,1,1,1
Public Method,"junit.tests.runner.BaseTestRunnerTest.testInvokeSuiteOnNonSubclassOfTestCase",1,1,1,1
Protected Method,"junit.tests.runner.StackFilterTest.setUp",1,1,1,1
Public Method,"junit.tests.runner.StackFilterTest.testFilter",1,1,1,1
Constructor,"junit.tests.runner.TextFeedbackTest.TestResultPrinter.TestResultPrinter",1,1,1,1
Protected Method,"junit.tests.runner.TextFeedbackTest.TestResultPrinter.elapsedTimeAsString",1,1,1,1
Private Method,"junit.tests.runner.TextFeedbackTest.expected",1,2,2,2
Public Static Method,"junit.tests.runner.TextFeedbackTest.main",1,1,1,1
Public Method,"junit.tests.runner.TextFeedbackTest.setUp",1,1,1,1
Public Method,"junit.tests.runner.TextFeedbackTest.testEmptySuite",1,1,1,1
Public Method,"junit.tests.runner.TextFeedbackTest.testError",1,1,1,1
Public Method,"junit.tests.runner.TextFeedbackTest.testError.(Anon_6).printErrors",1,1,1,1
Public Method,"junit.tests.runner.TextFeedbackTest.testError.(Anon_7).runTest",1,1,1,1
Public Method,"junit.tests.runner.TextFeedbackTest.testFailure",1,1,1,1
Public Method,"junit.tests.runner.TextFeedbackTest.testFailure.(Anon_4).printFailures",1,1,1,1
Public Method,"junit.tests.runner.TextFeedbackTest.testFailure.(Anon_5).runTest",1,1,1,1
Public Method,"junit.tests.runner.TextFeedbackTest.testOneTest",1,1,1,1
Public Method,"junit.tests.runner.TextFeedbackTest.testOneTest.(Anon_1).runTest",1,1,1,1
Public Method,"junit.tests.runner.TextFeedbackTest.testTwoTests",1,1,1,1
Public Method,"junit.tests.runner.TextFeedbackTest.testTwoTests.(Anon_2).runTest",1,1,1,1
Public Method,"junit.tests.runner.TextFeedbackTest.testTwoTests.(Anon_3).runTest",1,1,1,1
Public Method,"junit.tests.runner.TextRunnerSingleMethodTest.InvocationTest.testNotInvoked",1,1,1,1
Public Method,"junit.tests.runner.TextRunnerSingleMethodTest.InvocationTest.testWasInvoked",1,1,1,1
Public Method,"junit.tests.runner.TextRunnerSingleMethodTest.testSingle",1,1,1,1
Method,"junit.tests.runner.TextRunnerTest.execTest",1,3,3,3
Public Method,"junit.tests.runner.TextRunnerTest.testError",1,1,1,1
Public Method,"junit.tests.runner.TextRunnerTest.testFailure",1,1,1,1
Public Method,"junit.tests.runner.TextRunnerTest.testRunReturnsResult",1,1,1,1
Public Method,"junit.tests.runner.TextRunnerTest.testRunReturnsResult.(Anon_1).write",1,1,1,1
Public Method,"junit.tests.runner.TextRunnerTest.testSuccess",1,1,1,1
Public Constructor,"junit.textui.ResultPrinter.ResultPrinter",1,1,1,1
Public Method,"junit.textui.ResultPrinter.addError",1,1,1,1
Public Method,"junit.textui.ResultPrinter.addFailure",1,1,1,1
Protected Method,"junit.textui.ResultPrinter.elapsedTimeAsString",1,1,1,1
Public Method,"junit.textui.ResultPrinter.endTest",1,1,1,1
Public Method,"junit.textui.ResultPrinter.getWriter",1,1,1,1
Method,"junit.textui.ResultPrinter.print",1,1,1,1
Public Method,"junit.textui.ResultPrinter.printDefect",1,1,1,1
Protected Method,"junit.textui.ResultPrinter.printDefectHeader",1,1,1,1
Protected Method,"junit.textui.ResultPrinter.printDefectTrace",1,1,1,1
Protected Method,"junit.textui.ResultPrinter.printDefects",1,4,4,4
Protected Method,"junit.textui.ResultPrinter.printErrors",1,1,1,1
Protected Method,"junit.textui.ResultPrinter.printFailures",1,1,1,1
Protected Method,"junit.textui.ResultPrinter.printFooter",1,3,3,3
Protected Method,"junit.textui.ResultPrinter.printHeader",1,1,1,1
Method,"junit.textui.ResultPrinter.printWaitPrompt",1,1,1,1
Public Method,"junit.textui.ResultPrinter.startTest",1,2,2,2
Public Constructor,"junit.textui.TestRunner.TestRunner",1,1,1,1
Public Constructor,"junit.textui.TestRunner.TestRunner",1,1,1,1
Public Constructor,"junit.textui.TestRunner.TestRunner",1,1,1,1
Protected Method,"junit.textui.TestRunner.createTestResult",1,1,1,1
Public Method,"junit.textui.TestRunner.doRun",1,1,1,1
Public Method,"junit.textui.TestRunner.doRun",1,1,1,1
Public Static Method,"junit.textui.TestRunner.main",1,3,3,3
Protected Method,"junit.textui.TestRunner.pause",1,3,3,3
Public Static Method,"junit.textui.TestRunner.run",1,1,1,1
Public Static Method,"junit.textui.TestRunner.run",1,1,1,1
Public Static Method,"junit.textui.TestRunner.runAndWait",1,1,1,1
Protected Method,"junit.textui.TestRunner.runFailed",1,1,1,1
Protected Method,"junit.textui.TestRunner.runSingleMethod",1,1,1,1
Public Method,"junit.textui.TestRunner.setPrinter",1,1,1,1
Public Method,"junit.textui.TestRunner.start",3,9,9,9
Public Method,"junit.textui.TestRunner.testEnded",1,1,1,1
Public Method,"junit.textui.TestRunner.testFailed",1,1,1,1
Public Method,"junit.textui.TestRunner.testStarted",1,1,1,1
Protected Constructor,"org.junit.Assert.Assert",1,1,1,1
Public Static Method,"org.junit.Assert.assertArrayEquals",1,1,1,1
Public Static Method,"org.junit.Assert.assertArrayEquals",1,1,1,1
Public Static Method,"org.junit.Assert.assertArrayEquals",1,1,1,1
Public Static Method,"org.junit.Assert.assertArrayEquals",1,1,1,1
Public Static Method,"org.junit.Assert.assertArrayEquals",1,1,1,1
Public Static Method,"org.junit.Assert.assertArrayEquals",1,1,1,1
Public Static Method,"org.junit.Assert.assertArrayEquals",1,1,1,1
Public Static Method,"org.junit.Assert.assertArrayEquals",1,1,1,1
Public Static Method,"org.junit.Assert.assertArrayEquals",1,1,1,1
Public Static Method,"org.junit.Assert.assertArrayEquals",1,1,1,1
Public Static Method,"org.junit.Assert.assertArrayEquals",1,1,1,1
Public Static Method,"org.junit.Assert.assertArrayEquals",1,1,1,1
Public Static Method,"org.junit.Assert.assertArrayEquals",1,1,1,1
Public Static Method,"org.junit.Assert.assertArrayEquals",1,1,1,1
Public Static Method,"org.junit.Assert.assertArrayEquals",1,1,1,1
Public Static Method,"org.junit.Assert.assertArrayEquals",1,1,1,1
Public Static Method,"org.junit.Assert.assertEquals",3,5,5,8
Public Static Method,"org.junit.Assert.assertEquals",1,1,1,1
Public Static Method,"org.junit.Assert.assertEquals",1,3,3,3
Public Static Method,"org.junit.Assert.assertEquals",1,1,1,1
Public Static Method,"org.junit.Assert.assertEquals",1,1,1,1
Public Static Method,"org.junit.Assert.assertEquals",1,1,1,1
Public Static Method,"org.junit.Assert.assertEquals",1,1,1,1
Public Static Method,"org.junit.Assert.assertEquals",1,1,1,1
Public Static Method,"org.junit.Assert.assertEquals",1,1,1,1
Public Static Method,"org.junit.Assert.assertEquals",1,1,1,1
Public Static Method,"org.junit.Assert.assertFalse",1,1,1,1
Public Static Method,"org.junit.Assert.assertFalse",1,1,1,1
Public Static Method,"org.junit.Assert.assertNotNull",1,1,1,1
Public Static Method,"org.junit.Assert.assertNotNull",1,1,1,1
Public Static Method,"org.junit.Assert.assertNotSame",1,2,2,2
Public Static Method,"org.junit.Assert.assertNotSame",1,1,1,1
Public Static Method,"org.junit.Assert.assertNull",1,1,1,1
Public Static Method,"org.junit.Assert.assertNull",1,1,1,1
Public Static Method,"org.junit.Assert.assertSame",1,2,2,2
Public Static Method,"org.junit.Assert.assertSame",1,1,1,1
Public Static Generic Method,"org.junit.Assert.assertThat",1,1,1,1
Public Static Generic Method,"org.junit.Assert.assertThat",1,2,2,2
Public Static Method,"org.junit.Assert.assertTrue",1,2,2,2
Public Static Method,"org.junit.Assert.assertTrue",1,1,1,1
Public Static Method,"org.junit.Assert.fail",1,2,2,2
Public Static Method,"org.junit.Assert.fail",1,1,1,1
Private Static Method,"org.junit.Assert.failNotEquals",1,1,1,1
Private Static Method,"org.junit.Assert.failNotSame",1,2,2,2
Private Static Method,"org.junit.Assert.failSame",1,2,2,2
Static Method,"org.junit.Assert.format",1,3,3,4
Private Static Method,"org.junit.Assert.formatClassAndValue",1,2,2,2
Private Static Method,"org.junit.Assert.internalArrayEquals",1,1,1,1
Private Static Method,"org.junit.Assert.isEquals",1,1,1,1
Public Static Method,"org.junit.Assume.assumeNoException",1,1,1,1
Public Static Method,"org.junit.Assume.assumeNotNull",1,1,1,1
Public Static Generic Method,"org.junit.Assume.assumeThat",1,2,2,2
Public Static Method,"org.junit.Assume.assumeTrue",1,1,1,1
Public Constructor,"org.junit.ComparisonFailure.ComparisonCompactor.ComparisonCompactor",1,1,1,1
Private Method,"org.junit.ComparisonFailure.ComparisonCompactor.areStringsEqual",1,1,1,1
Private Method,"org.junit.ComparisonFailure.ComparisonCompactor.compact",1,2,2,4
Private Method,"org.junit.ComparisonFailure.ComparisonCompactor.compactString",1,3,3,3
Private Method,"org.junit.ComparisonFailure.ComparisonCompactor.computeCommonPrefix",1,2,2,2
Private Method,"org.junit.ComparisonFailure.ComparisonCompactor.computeCommonSuffix",1,2,2,2
Private Method,"org.junit.ComparisonFailure.ComparisonCompactor.findCommonPrefix",3,3,3,3
Private Method,"org.junit.ComparisonFailure.ComparisonCompactor.findCommonSuffix",3,3,3,4
Public Constructor,"org.junit.ComparisonFailure.ComparisonFailure",1,1,1,1
Public Method,"org.junit.ComparisonFailure.getActual",1,1,1,1
Public Method,"org.junit.ComparisonFailure.getExpected",1,1,1,1
Public Method,"org.junit.ComparisonFailure.getMessage",1,1,1,1
Abstract Method,"org.junit.Ignore.value",1,1,1,1
Private Constructor,"org.junit.Test.None.None",1,1,1,1
Abstract Method,"org.junit.Test.expected",1,1,1,1
Abstract Method,"org.junit.Test.timeout",1,1,1,1
Public Constructor,"org.junit.experimental.ParallelComputer.ParallelComputer",1,1,1,1
Public Static Method,"org.junit.experimental.ParallelComputer.classes",1,1,1,1
Protected Method,"org.junit.experimental.ParallelComputer.getRunner",1,2,2,2
Public Method,"org.junit.experimental.ParallelComputer.getSuite",1,2,2,2
Public Static Method,"org.junit.experimental.ParallelComputer.methods",1,1,1,1
Private Static Generic Method,"org.junit.experimental.ParallelComputer.parallelize",1,2,2,2
Public Method,"org.junit.experimental.ParallelComputer.parallelize.(Anon_1).finished",1,3,3,3
Public Method,"org.junit.experimental.ParallelComputer.parallelize.(Anon_1).schedule",1,1,1,1
Public Method,"org.junit.experimental.ParallelComputer.parallelize.(Anon_1).schedule.(Anon_2).call",1,1,1,1
Public Constructor,"org.junit.experimental.categories.Categories.Categories",1,2,2,2
Public Constructor,"org.junit.experimental.categories.Categories.CategoryFilter.CategoryFilter",1,1,1,1
Private Method,"org.junit.experimental.categories.Categories.CategoryFilter.categories",1,1,1,1
Public Method,"org.junit.experimental.categories.Categories.CategoryFilter.describe",1,1,1,1
Private Method,"org.junit.experimental.categories.Categories.CategoryFilter.directCategories",3,3,3,3
Private Method,"org.junit.experimental.categories.Categories.CategoryFilter.hasCorrectCategoryAnnotation",6,6,6,8
Public Static Method,"org.junit.experimental.categories.Categories.CategoryFilter.include",1,1,1,1
Private Method,"org.junit.experimental.categories.Categories.CategoryFilter.parentDescription",1,2,2,2
Public Method,"org.junit.experimental.categories.Categories.CategoryFilter.shouldRun",4,4,4,4
Public Abstract Method,"org.junit.experimental.categories.Categories.ExcludeCategory.value",1,1,1,1
Public Abstract Method,"org.junit.experimental.categories.Categories.IncludeCategory.value",1,1,1,1
Private Method,"org.junit.experimental.categories.Categories.assertNoCategorizedDescendentsOfUncategorizeableParents",1,3,3,3
Private Method,"org.junit.experimental.categories.Categories.assertNoDescendantsHaveCategoryAnnotations",1,3,3,3
Private Static Method,"org.junit.experimental.categories.Categories.canHaveCategorizedChildren",3,3,3,3
Private Method,"org.junit.experimental.categories.Categories.getExcludedCategory",1,2,2,2
Private Method,"org.junit.experimental.categories.Categories.getIncludedCategory",1,2,2,2
Abstract Method,"org.junit.experimental.categories.Category.value",1,1,1,1
Public Constructor,"org.junit.experimental.max.CouldNotReadCoreException.CouldNotReadCoreException",1,1,1,1
Private Constructor,"org.junit.experimental.max.MaxCore.MaxCore",1,1,1,1
Private Method,"org.junit.experimental.max.MaxCore.buildRunner",4,5,5,5
Private Method,"org.junit.experimental.max.MaxCore.constructLeafRequest",1,2,2,2
Public Method,"org.junit.experimental.max.MaxCore.constructLeafRequest.(Anon_1).getRunner",1,2,2,2
Private Method,"org.junit.experimental.max.MaxCore.findLeaves",1,1,1,1
Private Method,"org.junit.experimental.max.MaxCore.findLeaves",1,4,4,4
Public Static Method,"org.junit.experimental.max.MaxCore.forFolder",1,1,1,1
Private Method,"org.junit.experimental.max.MaxCore.getMalformedTestClass",1,2,2,2
Public Method,"org.junit.experimental.max.MaxCore.run",1,1,1,1
Public Method,"org.junit.experimental.max.MaxCore.run",1,1,1,1
Public Method,"org.junit.experimental.max.MaxCore.run",1,1,1,1
Public Method,"org.junit.experimental.max.MaxCore.sortRequest",1,2,2,2
Public Method,"org.junit.experimental.max.MaxCore.sortedLeavesForTest",1,1,1,1
Public Static Method,"org.junit.experimental.max.MaxCore.storedLocally",1,1,1,1
Private Constructor,"org.junit.experimental.max.MaxHistory.MaxHistory",1,1,1,1
Public Method,"org.junit.experimental.max.MaxHistory.RememberingListener.testFailure",1,1,1,1
Public Method,"org.junit.experimental.max.MaxHistory.RememberingListener.testFinished",1,1,1,1
Public Method,"org.junit.experimental.max.MaxHistory.RememberingListener.testRunFinished",1,1,1,1
Public Method,"org.junit.experimental.max.MaxHistory.RememberingListener.testStarted",1,1,1,1
Public Method,"org.junit.experimental.max.MaxHistory.TestComparator.compare",3,4,4,4
Private Method,"org.junit.experimental.max.MaxHistory.TestComparator.getFailure",1,2,2,2
Public Static Method,"org.junit.experimental.max.MaxHistory.forFolder",3,3,3,3
Method,"org.junit.experimental.max.MaxHistory.getFailureTimestamp",1,1,1,1
Method,"org.junit.experimental.max.MaxHistory.getTestDuration",1,1,1,1
Method,"org.junit.experimental.max.MaxHistory.isNewTest",1,1,1,1
Public Method,"org.junit.experimental.max.MaxHistory.listener",1,1,1,1
Method,"org.junit.experimental.max.MaxHistory.putTestDuration",1,1,1,1
Method,"org.junit.experimental.max.MaxHistory.putTestFailureTimestamp",1,1,1,1
Private Static Method,"org.junit.experimental.max.MaxHistory.readHistory",1,2,2,2
Private Method,"org.junit.experimental.max.MaxHistory.save",1,1,1,1
Public Method,"org.junit.experimental.max.MaxHistory.testComparator",1,1,1,1
Public Constructor,"org.junit.experimental.results.FailureList.FailureList",1,1,1,1
Public Method,"org.junit.experimental.results.FailureList.result",1,3,3,3
Public Constructor,"org.junit.experimental.results.PrintableResult.PrintableResult",1,1,1,1
Private Constructor,"org.junit.experimental.results.PrintableResult.PrintableResult",1,1,1,1
Public Method,"org.junit.experimental.results.PrintableResult.failureCount",1,1,1,1
Public Static Method,"org.junit.experimental.results.PrintableResult.testResult",1,1,1,1
Public Static Method,"org.junit.experimental.results.PrintableResult.testResult",1,1,1,1
Public Method,"org.junit.experimental.results.PrintableResult.toString",1,1,1,1
Public Static Method,"org.junit.experimental.results.ResultMatchers.failureCountIs",1,1,1,1
Public Method,"org.junit.experimental.results.ResultMatchers.failureCountIs.(Anon_1).describeTo",1,1,1,1
Public Method,"org.junit.experimental.results.ResultMatchers.failureCountIs.(Anon_1).matchesSafely",1,1,1,1
Public Static Method,"org.junit.experimental.results.ResultMatchers.hasFailureContaining",1,1,1,1
Public Method,"org.junit.experimental.results.ResultMatchers.hasFailureContaining.(Anon_3).describeTo",1,1,1,1
Public Method,"org.junit.experimental.results.ResultMatchers.hasFailureContaining.(Anon_3).matches",1,1,1,1
Public Static Method,"org.junit.experimental.results.ResultMatchers.hasSingleFailureContaining",1,1,1,1
Public Method,"org.junit.experimental.results.ResultMatchers.hasSingleFailureContaining.(Anon_2).describeTo",1,1,1,1
Public Method,"org.junit.experimental.results.ResultMatchers.hasSingleFailureContaining.(Anon_2).matches",1,1,1,2
Public Static Method,"org.junit.experimental.results.ResultMatchers.isSuccessful",1,1,1,1
Public Constructor,"org.junit.experimental.runners.Enclosed.Enclosed",1,1,1,1
Private Constructor,"org.junit.experimental.theories.ParameterSignature.ParameterSignature",1,1,1,1
Public Method,"org.junit.experimental.theories.ParameterSignature.canAcceptArrayType",1,1,1,2
Public Method,"org.junit.experimental.theories.ParameterSignature.canAcceptType",1,1,1,1
Public Generic Method,"org.junit.experimental.theories.ParameterSignature.findDeepAnnotation",1,1,1,1
Private Generic Method,"org.junit.experimental.theories.ParameterSignature.findDeepAnnotation",5,5,5,5
Public Generic Method,"org.junit.experimental.theories.ParameterSignature.getAnnotation",3,3,3,3
Public Method,"org.junit.experimental.theories.ParameterSignature.getAnnotations",1,1,1,1
Public Method,"org.junit.experimental.theories.ParameterSignature.getType",1,1,1,1
Public Method,"org.junit.experimental.theories.ParameterSignature.hasAnnotation",1,1,1,1
Public Static Method,"org.junit.experimental.theories.ParameterSignature.signatures",1,1,1,1
Public Static Method,"org.junit.experimental.theories.ParameterSignature.signatures",1,1,1,1
Private Static Method,"org.junit.experimental.theories.ParameterSignature.signatures",1,2,2,2
Public Abstract Method,"org.junit.experimental.theories.ParameterSupplier.getValueSources",1,1,1,1
Abstract Method,"org.junit.experimental.theories.ParametersSuppliedBy.value",1,1,1,1
Public Static Method,"org.junit.experimental.theories.PotentialAssignment.forValue",1,1,1,1
Public Method,"org.junit.experimental.theories.PotentialAssignment.forValue.(Anon_1).getDescription",1,1,1,1
Public Method,"org.junit.experimental.theories.PotentialAssignment.forValue.(Anon_1).getValue",1,1,1,1
Public Method,"org.junit.experimental.theories.PotentialAssignment.forValue.(Anon_1).toString",1,1,1,1
Public Abstract Method,"org.junit.experimental.theories.PotentialAssignment.getDescription",1,1,1,1
Public Abstract Method,"org.junit.experimental.theories.PotentialAssignment.getValue",1,1,1,1
Public Constructor,"org.junit.experimental.theories.Theories.Theories",1,1,1,1
Public Constructor,"org.junit.experimental.theories.Theories.TheoryAnchor.TheoryAnchor",1,1,1,1
Public Method,"org.junit.experimental.theories.Theories.TheoryAnchor.evaluate",1,2,2,2
Private Method,"org.junit.experimental.theories.Theories.TheoryAnchor.getTestClass",1,1,1,1
Protected Method,"org.junit.experimental.theories.Theories.TheoryAnchor.handleAssumptionViolation",1,1,1,1
Protected Method,"org.junit.experimental.theories.Theories.TheoryAnchor.handleDataPointSuccess",1,1,1,1
Private Method,"org.junit.experimental.theories.Theories.TheoryAnchor.methodCompletesWithParameters",1,1,1,1
Public Method,"org.junit.experimental.theories.Theories.TheoryAnchor.methodCompletesWithParameters.(Anon_3).evaluate",1,2,2,2
Private Method,"org.junit.experimental.theories.Theories.TheoryAnchor.nullsOk",1,2,2,2
Protected Method,"org.junit.experimental.theories.Theories.TheoryAnchor.reportParameterizedError",1,2,2,2
Protected Method,"org.junit.experimental.theories.Theories.TheoryAnchor.runWithAssignment",1,2,2,2
Protected Method,"org.junit.experimental.theories.Theories.TheoryAnchor.runWithCompleteAssignment",1,1,1,1
Protected Method,"org.junit.experimental.theories.Theories.TheoryAnchor.runWithCompleteAssignment.(Anon_1).collectInitializationErrors",1,1,1,1
Public Method,"org.junit.experimental.theories.Theories.TheoryAnchor.runWithCompleteAssignment.(Anon_1).createTest",1,1,1,1
Public Method,"org.junit.experimental.theories.Theories.TheoryAnchor.runWithCompleteAssignment.(Anon_1).methodBlock",1,1,1,1
Public Method,"org.junit.experimental.theories.Theories.TheoryAnchor.runWithCompleteAssignment.(Anon_1).methodBlock.(Anon_2).evaluate",1,3,3,3
Protected Method,"org.junit.experimental.theories.Theories.TheoryAnchor.runWithCompleteAssignment.(Anon_1).methodInvoker",1,1,1,1
Protected Method,"org.junit.experimental.theories.Theories.TheoryAnchor.runWithIncompleteAssignment",1,2,2,2
Protected Method,"org.junit.experimental.theories.Theories.collectInitializationErrors",1,1,1,1
Protected Method,"org.junit.experimental.theories.Theories.computeTestMethods",1,1,1,1
Public Method,"org.junit.experimental.theories.Theories.methodBlock",1,1,1,1
Protected Method,"org.junit.experimental.theories.Theories.validateConstructor",1,1,1,1
Private Method,"org.junit.experimental.theories.Theories.validateDataPointFields",1,3,3,4
Protected Method,"org.junit.experimental.theories.Theories.validateTestMethods",1,3,3,3
Abstract Method,"org.junit.experimental.theories.Theory.nullsAccepted",1,1,1,1
Public Constructor,"org.junit.experimental.theories.internal.AllMembersSupplier.AllMembersSupplier",1,1,1,1
Private Constructor,"org.junit.experimental.theories.internal.AllMembersSupplier.MethodParameterValue.MethodParameterValue",1,1,1,1
Public Method,"org.junit.experimental.theories.internal.AllMembersSupplier.MethodParameterValue.getDescription",1,1,1,1
Public Method,"org.junit.experimental.theories.internal.AllMembersSupplier.MethodParameterValue.getValue",4,4,4,4
Private Method,"org.junit.experimental.theories.internal.AllMembersSupplier.addArrayValues",1,2,2,2
Private Method,"org.junit.experimental.theories.internal.AllMembersSupplier.addFields",1,5,5,7
Private Method,"org.junit.experimental.theories.internal.AllMembersSupplier.addMultiPointMethods",1,3,3,3
Private Method,"org.junit.experimental.theories.internal.AllMembersSupplier.addSinglePointMethods",1,3,3,3
Private Method,"org.junit.experimental.theories.internal.AllMembersSupplier.getStaticFieldValue",3,3,3,3
Public Method,"org.junit.experimental.theories.internal.AllMembersSupplier.getValueSources",1,1,1,1
Private Constructor,"org.junit.experimental.theories.internal.Assignments.Assignments",1,1,1,1
Public Static Method,"org.junit.experimental.theories.internal.Assignments.allUnassigned",1,1,1,1
Public Method,"org.junit.experimental.theories.internal.Assignments.assignNext",1,1,1,1
Public Method,"org.junit.experimental.theories.internal.Assignments.getActualValues",1,3,3,4
Public Method,"org.junit.experimental.theories.internal.Assignments.getAllArguments",1,1,1,1
Public Method,"org.junit.experimental.theories.internal.Assignments.getAnnotatedSupplier",1,2,2,2
Public Method,"org.junit.experimental.theories.internal.Assignments.getArgumentStrings",1,2,2,2
Public Method,"org.junit.experimental.theories.internal.Assignments.getConstructorArguments",1,1,1,1
Private Method,"org.junit.experimental.theories.internal.Assignments.getConstructorParameterCount",1,1,1,1
Public Method,"org.junit.experimental.theories.internal.Assignments.getMethodArguments",1,1,1,1
Public Method,"org.junit.experimental.theories.internal.Assignments.getSupplier",1,2,2,2
Public Method,"org.junit.experimental.theories.internal.Assignments.isComplete",1,1,1,1
Public Method,"org.junit.experimental.theories.internal.Assignments.nextUnassigned",1,1,1,1
Public Method,"org.junit.experimental.theories.internal.Assignments.potentialsForNextUnassigned",1,1,1,1
Public Constructor,"org.junit.experimental.theories.internal.ParameterizedAssertionError.ParameterizedAssertionError",1,1,1,1
Public Method,"org.junit.experimental.theories.internal.ParameterizedAssertionError.equals",1,1,1,1
Public Static Method,"org.junit.experimental.theories.internal.ParameterizedAssertionError.join",1,1,1,1
Public Static Method,"org.junit.experimental.theories.internal.ParameterizedAssertionError.join",1,3,3,3
Private Static Method,"org.junit.experimental.theories.internal.ParameterizedAssertionError.stringValueOf",1,2,2,2
Abstract Method,"org.junit.experimental.theories.suppliers.TestedOn.ints",1,1,1,1
Public Method,"org.junit.experimental.theories.suppliers.TestedOnSupplier.getValueSources",1,2,2,2
Public Constructor,"org.junit.internal.ArrayComparisonFailure.ArrayComparisonFailure",1,1,1,1
Public Method,"org.junit.internal.ArrayComparisonFailure.addDimension",1,1,1,1
Public Method,"org.junit.internal.ArrayComparisonFailure.getMessage",1,3,3,3
Public Method,"org.junit.internal.ArrayComparisonFailure.toString",1,1,1,1
Public Constructor,"org.junit.internal.AssumptionViolatedException.AssumptionViolatedException",1,2,2,2
Public Constructor,"org.junit.internal.AssumptionViolatedException.AssumptionViolatedException",1,1,1,1
Public Method,"org.junit.internal.AssumptionViolatedException.describeTo",1,2,2,2
Public Method,"org.junit.internal.AssumptionViolatedException.getMessage",1,1,1,1
Public Method,"org.junit.internal.ComparisonCriteria.arrayEquals",1,7,7,8
Private Method,"org.junit.internal.ComparisonCriteria.assertArraysAreSameLength",1,4,4,4
Protected Abstract Method,"org.junit.internal.ComparisonCriteria.assertElementsEqual",1,1,1,1
Private Method,"org.junit.internal.ComparisonCriteria.isArray",1,1,1,2
Protected Method,"org.junit.internal.ExactComparisonCriteria.assertElementsEqual",1,1,1,1
Public Constructor,"org.junit.internal.InexactComparisonCriteria.InexactComparisonCriteria",1,1,1,1
Protected Method,"org.junit.internal.InexactComparisonCriteria.assertElementsEqual",1,2,2,2
Abstract Method,"org.junit.internal.JUnitSystem.exit",1,1,1,1
Abstract Method,"org.junit.internal.JUnitSystem.out",1,1,1,1
Public Method,"org.junit.internal.RealSystem.exit",1,1,1,1
Public Method,"org.junit.internal.RealSystem.out",1,1,1,1
Public Constructor,"org.junit.internal.TextListener.TextListener",1,1,1,1
Public Constructor,"org.junit.internal.TextListener.TextListener",1,1,1,1
Protected Method,"org.junit.internal.TextListener.elapsedTimeAsString",1,1,1,1
Private Method,"org.junit.internal.TextListener.getWriter",1,1,1,1
Protected Method,"org.junit.internal.TextListener.printFailure",1,1,1,1
Protected Method,"org.junit.internal.TextListener.printFailures",1,4,4,4
Protected Method,"org.junit.internal.TextListener.printFooter",1,3,3,3
Protected Method,"org.junit.internal.TextListener.printHeader",1,1,1,1
Public Method,"org.junit.internal.TextListener.testFailure",1,1,1,1
Public Method,"org.junit.internal.TextListener.testIgnored",1,1,1,1
Public Method,"org.junit.internal.TextListener.testRunFinished",1,1,1,1
Public Method,"org.junit.internal.TextListener.testStarted",1,1,1,1
Public Constructor,"org.junit.internal.builders.AllDefaultPossibilitiesBuilder.AllDefaultPossibilitiesBuilder",1,1,1,1
Protected Method,"org.junit.internal.builders.AllDefaultPossibilitiesBuilder.annotatedBuilder",1,1,1,1
Protected Method,"org.junit.internal.builders.AllDefaultPossibilitiesBuilder.ignoredBuilder",1,1,1,1
Protected Method,"org.junit.internal.builders.AllDefaultPossibilitiesBuilder.junit3Builder",1,1,1,1
Protected Method,"org.junit.internal.builders.AllDefaultPossibilitiesBuilder.junit4Builder",1,1,1,1
Public Method,"org.junit.internal.builders.AllDefaultPossibilitiesBuilder.runnerForClass",3,3,3,3
Protected Method,"org.junit.internal.builders.AllDefaultPossibilitiesBuilder.suiteMethodBuilder",1,2,2,2
Public Constructor,"org.junit.internal.builders.AnnotatedBuilder.AnnotatedBuilder",1,1,1,1
Public Method,"org.junit.internal.builders.AnnotatedBuilder.buildRunner",3,3,3,3
Public Method,"org.junit.internal.builders.AnnotatedBuilder.runnerForClass",1,2,2,2
Public Method,"org.junit.internal.builders.IgnoredBuilder.runnerForClass",1,2,2,2
Public Constructor,"org.junit.internal.builders.IgnoredClassRunner.IgnoredClassRunner",1,1,1,1
Public Method,"org.junit.internal.builders.IgnoredClassRunner.getDescription",1,1,1,1
Public Method,"org.junit.internal.builders.IgnoredClassRunner.run",1,1,1,1
Method,"org.junit.internal.builders.JUnit3Builder.isPre4Test",1,1,1,1
Public Method,"org.junit.internal.builders.JUnit3Builder.runnerForClass",1,2,2,2
Public Method,"org.junit.internal.builders.JUnit4Builder.runnerForClass",1,1,1,1
Public Method,"org.junit.internal.builders.NullBuilder.runnerForClass",1,1,1,1
Public Method,"org.junit.internal.builders.SuiteMethodBuilder.hasSuiteMethod",1,2,2,2
Public Method,"org.junit.internal.builders.SuiteMethodBuilder.runnerForClass",1,2,2,2
Public Constructor,"org.junit.internal.matchers.CombinableMatcher.CombinableMatcher",1,1,1,1
Public Method,"org.junit.internal.matchers.CombinableMatcher.and",1,1,1,1
Public Method,"org.junit.internal.matchers.CombinableMatcher.describeTo",1,1,1,1
Public Method,"org.junit.internal.matchers.CombinableMatcher.matches",1,1,1,1
Public Method,"org.junit.internal.matchers.CombinableMatcher.or",1,1,1,1
Public Static Generic Method,"org.junit.internal.matchers.Each.each",1,1,1,1
Public Method,"org.junit.internal.matchers.Each.each.(Anon_1).describeTo",1,1,1,1
Public Method,"org.junit.internal.matchers.Each.each.(Anon_1).matches",1,1,1,1
Public Constructor,"org.junit.internal.matchers.IsCollectionContaining.IsCollectionContaining",1,1,1,1
Public Method,"org.junit.internal.matchers.IsCollectionContaining.describeTo",1,1,1,1
Public Static Generic Method,"org.junit.internal.matchers.IsCollectionContaining.hasItem",1,1,1,1
Public Static Generic Method,"org.junit.internal.matchers.IsCollectionContaining.hasItem",1,1,1,1
Public Static Generic Method,"org.junit.internal.matchers.IsCollectionContaining.hasItems",1,2,2,2
Public Static Generic Method,"org.junit.internal.matchers.IsCollectionContaining.hasItems",1,2,2,2
Public Method,"org.junit.internal.matchers.IsCollectionContaining.matchesSafely",3,3,3,3
Public Constructor,"org.junit.internal.matchers.StringContains.StringContains",1,1,1,1
Public Static Method,"org.junit.internal.matchers.StringContains.containsString",1,1,1,1
Protected Method,"org.junit.internal.matchers.StringContains.evalSubstringOf",1,1,1,1
Protected Method,"org.junit.internal.matchers.StringContains.relationship",1,1,1,1
Protected Constructor,"org.junit.internal.matchers.SubstringMatcher.SubstringMatcher",1,1,1,1
Public Method,"org.junit.internal.matchers.SubstringMatcher.describeTo",1,1,1,1
Protected Abstract Method,"org.junit.internal.matchers.SubstringMatcher.evalSubstringOf",1,1,1,1
Public Method,"org.junit.internal.matchers.SubstringMatcher.matchesSafely",1,1,1,1
Protected Abstract Method,"org.junit.internal.matchers.SubstringMatcher.relationship",1,1,1,1
Protected Constructor,"org.junit.internal.matchers.TypeSafeMatcher.TypeSafeMatcher",1,1,1,1
Protected Constructor,"org.junit.internal.matchers.TypeSafeMatcher.TypeSafeMatcher",1,1,1,1
Private Static Method,"org.junit.internal.matchers.TypeSafeMatcher.findExpectedType",4,4,4,4
Private Static Method,"org.junit.internal.matchers.TypeSafeMatcher.isMatchesSafelyMethod",1,1,1,3
Public Method,"org.junit.internal.matchers.TypeSafeMatcher.matches",1,1,1,3
Public Abstract Method,"org.junit.internal.matchers.TypeSafeMatcher.matchesSafely",1,1,1,1
Public Constructor,"org.junit.internal.requests.ClassRequest.ClassRequest",1,1,1,1
Public Constructor,"org.junit.internal.requests.ClassRequest.ClassRequest",1,1,1,1
Public Method,"org.junit.internal.requests.ClassRequest.getRunner",1,1,1,1
Public Constructor,"org.junit.internal.requests.FilterRequest.FilterRequest",1,1,1,1
Public Method,"org.junit.internal.requests.FilterRequest.getRunner",1,2,2,2
Public Constructor,"org.junit.internal.requests.SortingRequest.SortingRequest",1,1,1,1
Public Method,"org.junit.internal.requests.SortingRequest.getRunner",1,1,1,1
Public Constructor,"org.junit.internal.runners.ClassRoadie.ClassRoadie",1,1,1,1
Protected Method,"org.junit.internal.runners.ClassRoadie.addFailure",1,1,1,1
Private Method,"org.junit.internal.runners.ClassRoadie.runAfters",1,4,4,4
Private Method,"org.junit.internal.runners.ClassRoadie.runBefores",1,5,5,5
Public Method,"org.junit.internal.runners.ClassRoadie.runProtected",1,2,2,2
Protected Method,"org.junit.internal.runners.ClassRoadie.runUnprotected",1,1,1,1
Public Constructor,"org.junit.internal.runners.ErrorReportingRunner.ErrorReportingRunner",1,1,1,1
Private Method,"org.junit.internal.runners.ErrorReportingRunner.describeCause",1,1,1,1
Private Method,"org.junit.internal.runners.ErrorReportingRunner.getCauses",4,4,4,4
Public Method,"org.junit.internal.runners.ErrorReportingRunner.getDescription",1,2,2,2
Public Method,"org.junit.internal.runners.ErrorReportingRunner.run",1,2,2,2
Private Method,"org.junit.internal.runners.ErrorReportingRunner.runCause",1,1,1,1
Public Constructor,"org.junit.internal.runners.InitializationError.InitializationError",1,1,1,1
Public Constructor,"org.junit.internal.runners.InitializationError.InitializationError",1,1,1,1
Public Constructor,"org.junit.internal.runners.InitializationError.InitializationError",1,1,1,1
Public Method,"org.junit.internal.runners.InitializationError.getCauses",1,1,1,1
Public Constructor,"org.junit.internal.runners.JUnit38ClassRunner.JUnit38ClassRunner",1,1,1,1
Public Constructor,"org.junit.internal.runners.JUnit38ClassRunner.JUnit38ClassRunner",1,1,1,1
Private Constructor,"org.junit.internal.runners.JUnit38ClassRunner.OldTestClassAdaptingListener.OldTestClassAdaptingListener",1,1,1,1
Public Method,"org.junit.internal.runners.JUnit38ClassRunner.OldTestClassAdaptingListener.addError",1,1,1,1
Public Method,"org.junit.internal.runners.JUnit38ClassRunner.OldTestClassAdaptingListener.addFailure",1,1,1,1
Private Method,"org.junit.internal.runners.JUnit38ClassRunner.OldTestClassAdaptingListener.asDescription",1,2,2,2
Public Method,"org.junit.internal.runners.JUnit38ClassRunner.OldTestClassAdaptingListener.endTest",1,1,1,1
Private Method,"org.junit.internal.runners.JUnit38ClassRunner.OldTestClassAdaptingListener.getEffectiveClass",1,1,1,1
Private Method,"org.junit.internal.runners.JUnit38ClassRunner.OldTestClassAdaptingListener.getName",1,2,2,2
Public Method,"org.junit.internal.runners.JUnit38ClassRunner.OldTestClassAdaptingListener.startTest",1,1,1,1
Public Method,"org.junit.internal.runners.JUnit38ClassRunner.createAdaptingListener",1,1,1,1
Private Static Method,"org.junit.internal.runners.JUnit38ClassRunner.createSuiteDescription",1,2,2,2
Public Method,"org.junit.internal.runners.JUnit38ClassRunner.filter",1,5,5,5
Public Method,"org.junit.internal.runners.JUnit38ClassRunner.getDescription",1,1,1,1
Private Method,"org.junit.internal.runners.JUnit38ClassRunner.getTest",1,1,1,1
Private Static Method,"org.junit.internal.runners.JUnit38ClassRunner.makeDescription",5,7,7,7
Public Method,"org.junit.internal.runners.JUnit38ClassRunner.run",1,1,1,1
Private Method,"org.junit.internal.runners.JUnit38ClassRunner.setTest",1,1,1,1
Public Method,"org.junit.internal.runners.JUnit38ClassRunner.sort",1,2,2,2
Public Constructor,"org.junit.internal.runners.JUnit4ClassRunner.JUnit4ClassRunner",1,1,1,1
Protected Method,"org.junit.internal.runners.JUnit4ClassRunner.classAnnotations",1,1,1,1
Protected Method,"org.junit.internal.runners.JUnit4ClassRunner.createTest",1,1,1,1
Public Method,"org.junit.internal.runners.JUnit4ClassRunner.filter",1,4,4,4
Public Method,"org.junit.internal.runners.JUnit4ClassRunner.getDescription",1,2,2,2
Protected Method,"org.junit.internal.runners.JUnit4ClassRunner.getName",1,1,1,1
Protected Method,"org.junit.internal.runners.JUnit4ClassRunner.getTestClass",1,1,1,1
Protected Method,"org.junit.internal.runners.JUnit4ClassRunner.getTestMethods",1,1,1,1
Protected Method,"org.junit.internal.runners.JUnit4ClassRunner.invokeTestMethod",1,3,3,3
Protected Method,"org.junit.internal.runners.JUnit4ClassRunner.methodDescription",1,1,1,1
Public Method,"org.junit.internal.runners.JUnit4ClassRunner.run",1,1,1,1
Public Method,"org.junit.internal.runners.JUnit4ClassRunner.run.(Anon_1).run",1,1,1,1
Protected Method,"org.junit.internal.runners.JUnit4ClassRunner.runMethods",1,2,2,2
Public Method,"org.junit.internal.runners.JUnit4ClassRunner.sort",1,1,1,1
Public Method,"org.junit.internal.runners.JUnit4ClassRunner.sort.(Anon_2).compare",1,1,1,1
Private Method,"org.junit.internal.runners.JUnit4ClassRunner.testAborted",1,1,1,1
Protected Method,"org.junit.internal.runners.JUnit4ClassRunner.testAnnotations",1,1,1,1
Protected Method,"org.junit.internal.runners.JUnit4ClassRunner.testName",1,1,1,1
Protected Method,"org.junit.internal.runners.JUnit4ClassRunner.validate",1,1,1,1
Protected Method,"org.junit.internal.runners.JUnit4ClassRunner.wrapMethod",1,1,1,1
Public Constructor,"org.junit.internal.runners.MethodRoadie.MethodRoadie",1,1,1,1
Protected Method,"org.junit.internal.runners.MethodRoadie.addFailure",1,1,1,1
Public Method,"org.junit.internal.runners.MethodRoadie.run",1,3,3,3
Private Method,"org.junit.internal.runners.MethodRoadie.runAfters",1,4,4,4
Private Method,"org.junit.internal.runners.MethodRoadie.runBefores",1,5,5,5
Public Method,"org.junit.internal.runners.MethodRoadie.runBeforesThenTestThenAfters",1,3,3,3
Public Method,"org.junit.internal.runners.MethodRoadie.runTest",1,1,1,1
Public Method,"org.junit.internal.runners.MethodRoadie.runTest.(Anon_3).run",1,1,1,1
Protected Method,"org.junit.internal.runners.MethodRoadie.runTestMethod",4,7,7,7
Private Method,"org.junit.internal.runners.MethodRoadie.runWithTimeout",1,1,1,1
Public Method,"org.junit.internal.runners.MethodRoadie.runWithTimeout.(Anon_1).run",1,4,4,4
Public Method,"org.junit.internal.runners.MethodRoadie.runWithTimeout.(Anon_1).run.(Anon_2).call",1,1,1,1
Public Constructor,"org.junit.internal.runners.MethodValidator.MethodValidator",1,1,1,1
Public Method,"org.junit.internal.runners.MethodValidator.assertValid",1,2,2,2
Public Method,"org.junit.internal.runners.MethodValidator.validateInstanceMethods",1,2,2,2
Public Method,"org.junit.internal.runners.MethodValidator.validateMethodsForDefaultRunner",1,1,1,1
Public Method,"org.junit.internal.runners.MethodValidator.validateNoArgConstructor",1,2,2,2
Public Method,"org.junit.internal.runners.MethodValidator.validateStaticMethods",1,1,1,1
Private Method,"org.junit.internal.runners.MethodValidator.validateTestMethods",1,8,8,8
Public Constructor,"org.junit.internal.runners.SuiteMethod.SuiteMethod",1,1,1,1
Public Static Method,"org.junit.internal.runners.SuiteMethod.testFromSuiteMethod",1,3,3,3
Public Constructor,"org.junit.internal.runners.TestClass.TestClass",1,1,1,1
Method,"org.junit.internal.runners.TestClass.getAfters",1,1,1,1
Public Method,"org.junit.internal.runners.TestClass.getAnnotatedMethods",1,5,5,6
Method,"org.junit.internal.runners.TestClass.getBefores",1,1,1,1
Public Method,"org.junit.internal.runners.TestClass.getConstructor",1,1,1,1
Public Method,"org.junit.internal.runners.TestClass.getJavaClass",1,1,1,1
Public Method,"org.junit.internal.runners.TestClass.getName",1,1,1,1
Private Method,"org.junit.internal.runners.TestClass.getSuperClasses",1,2,2,2
Public Method,"org.junit.internal.runners.TestClass.getTestMethods",1,1,1,1
Private Method,"org.junit.internal.runners.TestClass.isShadowed",3,3,3,3
Private Method,"org.junit.internal.runners.TestClass.isShadowed",5,5,5,5
Private Method,"org.junit.internal.runners.TestClass.runsTopToBottom",1,1,1,2
Public Constructor,"org.junit.internal.runners.TestMethod.TestMethod",1,1,1,1
Method,"org.junit.internal.runners.TestMethod.expectsException",1,1,1,1
Method,"org.junit.internal.runners.TestMethod.getAfters",1,1,1,1
Method,"org.junit.internal.runners.TestMethod.getBefores",1,1,1,1
Protected Method,"org.junit.internal.runners.TestMethod.getExpectedException",1,2,2,3
Public Method,"org.junit.internal.runners.TestMethod.getTimeout",1,2,2,2
Public Method,"org.junit.internal.runners.TestMethod.invoke",1,1,1,1
Public Method,"org.junit.internal.runners.TestMethod.isIgnored",1,1,1,1
Method,"org.junit.internal.runners.TestMethod.isUnexpected",1,1,1,1
Public Constructor,"org.junit.internal.runners.model.EachTestNotifier.EachTestNotifier",1,1,1,1
Public Method,"org.junit.internal.runners.model.EachTestNotifier.addFailedAssumption",1,1,1,1
Public Method,"org.junit.internal.runners.model.EachTestNotifier.addFailure",1,2,2,2
Private Method,"org.junit.internal.runners.model.EachTestNotifier.addMultipleFailureException",1,2,2,2
Public Method,"org.junit.internal.runners.model.EachTestNotifier.fireTestFinished",1,1,1,1
Public Method,"org.junit.internal.runners.model.EachTestNotifier.fireTestIgnored",1,1,1,1
Public Method,"org.junit.internal.runners.model.EachTestNotifier.fireTestStarted",1,1,1,1
Public Constructor,"org.junit.internal.runners.model.MultipleFailureException.MultipleFailureException",1,1,1,1
Public Method,"org.junit.internal.runners.model.ReflectiveCallable.run",1,2,2,2
Protected Abstract Method,"org.junit.internal.runners.model.ReflectiveCallable.runReflectiveCall",1,1,1,1
Private Constructor,"org.junit.internal.runners.rules.RuleFieldValidator.RuleFieldValidator",1,1,1,1
Private Method,"org.junit.internal.runners.rules.RuleFieldValidator.addError",1,1,1,1
Private Method,"org.junit.internal.runners.rules.RuleFieldValidator.isMethodRule",1,1,1,1
Private Method,"org.junit.internal.runners.rules.RuleFieldValidator.isTestRule",1,1,1,1
Private Method,"org.junit.internal.runners.rules.RuleFieldValidator.optionallyValidateStatic",1,2,2,3
Public Method,"org.junit.internal.runners.rules.RuleFieldValidator.validate",1,2,2,2
Private Method,"org.junit.internal.runners.rules.RuleFieldValidator.validateField",1,1,1,1
Private Method,"org.junit.internal.runners.rules.RuleFieldValidator.validatePublic",1,2,2,2
Private Method,"org.junit.internal.runners.rules.RuleFieldValidator.validateTestRuleOrMethodRule",1,2,2,3
Public Method,"org.junit.internal.runners.rules.RuleFieldValidator.valueOf",1,1,1,1
Public Method,"org.junit.internal.runners.rules.RuleFieldValidator.values",1,1,1,1
Public Constructor,"org.junit.internal.runners.statements.ExpectException.ExpectException",1,1,1,1
Public Method,"org.junit.internal.runners.statements.ExpectException.evaluate",1,5,5,5
Public Constructor,"org.junit.internal.runners.statements.Fail.Fail",1,1,1,1
Public Method,"org.junit.internal.runners.statements.Fail.evaluate",1,1,1,1
Public Constructor,"org.junit.internal.runners.statements.FailOnTimeout.FailOnTimeout",1,1,1,1
Public Method,"org.junit.internal.runners.statements.FailOnTimeout.evaluate",1,3,3,3
Public Method,"org.junit.internal.runners.statements.FailOnTimeout.evaluate.(Anon_1).run",1,2,2,2
Public Constructor,"org.junit.internal.runners.statements.InvokeMethod.InvokeMethod",1,1,1,1
Public Method,"org.junit.internal.runners.statements.InvokeMethod.evaluate",1,1,1,1
Public Constructor,"org.junit.internal.runners.statements.RunAfters.RunAfters",1,1,1,1
Public Method,"org.junit.internal.runners.statements.RunAfters.evaluate",1,4,4,4
Public Constructor,"org.junit.internal.runners.statements.RunBefores.RunBefores",1,1,1,1
Public Method,"org.junit.internal.runners.statements.RunBefores.evaluate",1,2,2,2
Public Static Generic Method,"org.junit.matchers.JUnitMatchers.both",1,1,1,1
Public Static Method,"org.junit.matchers.JUnitMatchers.containsString",1,1,1,1
Public Static Generic Method,"org.junit.matchers.JUnitMatchers.either",1,1,1,1
Public Static Generic Method,"org.junit.matchers.JUnitMatchers.everyItem",1,1,1,1
Public Static Generic Method,"org.junit.matchers.JUnitMatchers.hasItem",1,1,1,1
Public Static Generic Method,"org.junit.matchers.JUnitMatchers.hasItem",1,1,1,1
Public Static Generic Method,"org.junit.matchers.JUnitMatchers.hasItems",1,1,1,1
Public Static Generic Method,"org.junit.matchers.JUnitMatchers.hasItems",1,1,1,1
Public Method,"org.junit.rules.ErrorCollector.addError",1,1,1,1
Public Method,"org.junit.rules.ErrorCollector.checkSucceeds",1,2,2,2
Public Generic Method,"org.junit.rules.ErrorCollector.checkThat",1,1,1,1
Public Method,"org.junit.rules.ErrorCollector.checkThat.(Anon_1).call",1,1,1,1
Protected Method,"org.junit.rules.ErrorCollector.verify",1,1,1,1
Private Constructor,"org.junit.rules.ExpectedException.ExpectedException",1,1,1,1
Public Constructor,"org.junit.rules.ExpectedException.ExpectedExceptionStatement.ExpectedExceptionStatement",1,1,1,1
Public Method,"org.junit.rules.ExpectedException.ExpectedExceptionStatement.evaluate",1,4,4,4
Public Method,"org.junit.rules.ExpectedException.apply",1,1,1,1
Public Method,"org.junit.rules.ExpectedException.expect",1,2,2,2
Public Method,"org.junit.rules.ExpectedException.expect",1,1,1,1
Public Method,"org.junit.rules.ExpectedException.expectMessage",1,1,1,1
Public Method,"org.junit.rules.ExpectedException.expectMessage",1,1,1,1
Private Method,"org.junit.rules.ExpectedException.hasMessage",1,1,1,1
Public Method,"org.junit.rules.ExpectedException.hasMessage.(Anon_1).describeTo",1,1,1,1
Public Method,"org.junit.rules.ExpectedException.hasMessage.(Anon_1).matchesSafely",1,1,1,1
Public Static Method,"org.junit.rules.ExpectedException.none",1,1,1,1
Protected Method,"org.junit.rules.ExternalResource.after",1,1,1,1
Public Method,"org.junit.rules.ExternalResource.apply",1,1,1,1
Protected Method,"org.junit.rules.ExternalResource.before",1,1,1,1
Private Method,"org.junit.rules.ExternalResource.statement",1,1,1,1
Public Method,"org.junit.rules.ExternalResource.statement.(Anon_1).evaluate",1,1,1,1
Abstract Method,"org.junit.rules.MethodRule.apply",1,1,1,1
Public Constructor,"org.junit.rules.RunRules.RunRules",1,1,1,1
Private Static Method,"org.junit.rules.RunRules.applyAll",1,2,2,2
Public Method,"org.junit.rules.RunRules.evaluate",1,1,1,1
Protected Method,"org.junit.rules.TemporaryFolder.after",1,1,1,1
Protected Method,"org.junit.rules.TemporaryFolder.before",1,1,1,1
Public Method,"org.junit.rules.TemporaryFolder.create",1,1,1,1
Public Method,"org.junit.rules.TemporaryFolder.delete",1,1,1,1
Public Method,"org.junit.rules.TemporaryFolder.getRoot",1,1,1,1
Public Method,"org.junit.rules.TemporaryFolder.newFile",1,1,1,1
Public Method,"org.junit.rules.TemporaryFolder.newFolder",1,1,1,1
Private Method,"org.junit.rules.TemporaryFolder.recursiveDelete",1,3,3,3
Public Method,"org.junit.rules.TestName.getMethodName",1,1,1,1
Protected Method,"org.junit.rules.TestName.starting",1,1,1,1
Abstract Method,"org.junit.rules.TestRule.apply",1,1,1,1
Public Method,"org.junit.rules.TestWatcher.apply",1,1,1,1
Public Method,"org.junit.rules.TestWatcher.apply.(Anon_1).evaluate",1,2,2,2
Protected Method,"org.junit.rules.TestWatcher.failed",1,1,1,1
Protected Method,"org.junit.rules.TestWatcher.finished",1,1,1,1
Protected Method,"org.junit.rules.TestWatcher.starting",1,1,1,1
Protected Method,"org.junit.rules.TestWatcher.succeeded",1,1,1,1
Public Method,"org.junit.rules.TestWatchman.apply",1,1,1,1
Public Method,"org.junit.rules.TestWatchman.apply.(Anon_1).evaluate",1,2,2,2
Public Method,"org.junit.rules.TestWatchman.failed",1,1,1,1
Public Method,"org.junit.rules.TestWatchman.finished",1,1,1,1
Public Method,"org.junit.rules.TestWatchman.starting",1,1,1,1
Public Method,"org.junit.rules.TestWatchman.succeeded",1,1,1,1
Public Constructor,"org.junit.rules.Timeout.Timeout",1,1,1,1
Public Method,"org.junit.rules.Timeout.apply",1,1,1,1
Public Method,"org.junit.rules.Verifier.apply",1,1,1,1
Public Method,"org.junit.rules.Verifier.apply.(Anon_1).evaluate",1,1,1,1
Protected Method,"org.junit.rules.Verifier.verify",1,1,1,1
Protected Method,"org.junit.runner.Computer.getRunner",1,1,1,1
Public Method,"org.junit.runner.Computer.getSuite",1,1,1,1
Public Method,"org.junit.runner.Computer.getSuite.(Anon_1).runnerForClass",1,1,1,1
Public Static Method,"org.junit.runner.Computer.serial",1,1,1,1
Public Abstract Method,"org.junit.runner.Describable.getDescription",1,1,1,1
Private Constructor,"org.junit.runner.Description.Description",1,1,1,1
Public Method,"org.junit.runner.Description.addChild",1,1,1,1
Public Method,"org.junit.runner.Description.childlessCopy",1,1,1,1
Public Static Method,"org.junit.runner.Description.createSuiteDescription",1,2,2,2
Public Static Method,"org.junit.runner.Description.createSuiteDescription",1,1,1,1
Public Static Method,"org.junit.runner.Description.createTestDescription",1,1,1,1
Public Static Method,"org.junit.runner.Description.createTestDescription",1,1,1,1
Public Method,"org.junit.runner.Description.equals",1,2,2,2
Public Generic Method,"org.junit.runner.Description.getAnnotation",3,3,3,3
Public Method,"org.junit.runner.Description.getAnnotations",1,1,1,1
Public Method,"org.junit.runner.Description.getChildren",1,1,1,1
Public Method,"org.junit.runner.Description.getClassName",1,2,2,2
Public Method,"org.junit.runner.Description.getDisplayName",1,1,1,1
Public Method,"org.junit.runner.Description.getMethodName",1,1,1,1
Public Method,"org.junit.runner.Description.getTestClass",3,3,3,3
Public Method,"org.junit.runner.Description.hashCode",1,1,1,1
Public Method,"org.junit.runner.Description.isEmpty",1,1,1,1
Public Method,"org.junit.runner.Description.isSuite",1,1,1,1
Public Method,"org.junit.runner.Description.isTest",1,1,1,1
Private Method,"org.junit.runner.Description.methodStringMatcher",1,1,1,1
Private Method,"org.junit.runner.Description.parseMethod",1,2,2,2
Public Method,"org.junit.runner.Description.testCount",1,3,3,3
Public Method,"org.junit.runner.Description.toString",1,1,1,1
Public Constructor,"org.junit.runner.JUnitCore.JUnitCore",1,1,1,1
Public Method,"org.junit.runner.JUnitCore.addListener",1,1,1,1
Static Method,"org.junit.runner.JUnitCore.defaultComputer",1,1,1,1
Public Method,"org.junit.runner.JUnitCore.getVersion",1,1,1,1
Public Static Method,"org.junit.runner.JUnitCore.main",1,1,1,1
Public Method,"org.junit.runner.JUnitCore.removeListener",1,1,1,1
Public Method,"org.junit.runner.JUnitCore.run",1,1,1,1
Public Method,"org.junit.runner.JUnitCore.run",1,1,1,1
Public Method,"org.junit.runner.JUnitCore.run",1,1,1,1
Public Method,"org.junit.runner.JUnitCore.run",1,1,1,1
Public Method,"org.junit.runner.JUnitCore.run",1,1,1,1
Public Static Method,"org.junit.runner.JUnitCore.runClasses",1,1,1,1
Public Static Method,"org.junit.runner.JUnitCore.runClasses",1,1,1,1
Public Method,"org.junit.runner.JUnitCore.runMain",1,4,4,4
Public Static Method,"org.junit.runner.JUnitCore.runMainAndExit",1,2,2,2
Public Static Method,"org.junit.runner.Request.aClass",1,1,1,1
Public Static Method,"org.junit.runner.Request.classWithoutSuiteMethod",1,1,1,1
Public Static Method,"org.junit.runner.Request.classes",1,2,2,2
Public Static Method,"org.junit.runner.Request.classes",1,1,1,1
Public Static Method,"org.junit.runner.Request.errorReport",1,1,1,1
Public Method,"org.junit.runner.Request.filterWith",1,1,1,1
Public Method,"org.junit.runner.Request.filterWith",1,1,1,1
Public Abstract Method,"org.junit.runner.Request.getRunner",1,1,1,1
Public Static Method,"org.junit.runner.Request.method",1,1,1,1
Public Static Method,"org.junit.runner.Request.runner",1,1,1,1
Public Method,"org.junit.runner.Request.runner.(Anon_1).getRunner",1,1,1,1
Public Method,"org.junit.runner.Request.sortWith",1,1,1,1
Public Method,"org.junit.runner.Result.Listener.testAssumptionFailure",1,1,1,1
Public Method,"org.junit.runner.Result.Listener.testFailure",1,1,1,1
Public Method,"org.junit.runner.Result.Listener.testFinished",1,1,1,1
Public Method,"org.junit.runner.Result.Listener.testIgnored",1,1,1,1
Public Method,"org.junit.runner.Result.Listener.testRunFinished",1,1,1,1
Public Method,"org.junit.runner.Result.Listener.testRunStarted",1,1,1,1
Public Method,"org.junit.runner.Result.createListener",1,1,1,1
Public Method,"org.junit.runner.Result.getFailureCount",1,1,1,1
Public Method,"org.junit.runner.Result.getFailures",1,1,1,1
Public Method,"org.junit.runner.Result.getIgnoreCount",1,1,1,1
Public Method,"org.junit.runner.Result.getRunCount",1,1,1,1
Public Method,"org.junit.runner.Result.getRunTime",1,1,1,1
Public Method,"org.junit.runner.Result.wasSuccessful",1,1,1,1
Abstract Method,"org.junit.runner.RunWith.value",1,1,1,1
Public Abstract Method,"org.junit.runner.Runner.getDescription",1,1,1,1
Public Abstract Method,"org.junit.runner.Runner.run",1,1,1,1
Public Method,"org.junit.runner.Runner.testCount",1,1,1,1
Public Method,"org.junit.runner.manipulation.Filter.(Anon_1).apply",1,1,1,1
Public Method,"org.junit.runner.manipulation.Filter.(Anon_1).describe",1,1,1,1
Public Method,"org.junit.runner.manipulation.Filter.(Anon_1).intersect",1,1,1,1
Public Method,"org.junit.runner.manipulation.Filter.(Anon_1).shouldRun",1,1,1,1
Public Method,"org.junit.runner.manipulation.Filter.apply",1,2,2,2
Public Abstract Method,"org.junit.runner.manipulation.Filter.describe",1,1,1,1
Public Method,"org.junit.runner.manipulation.Filter.intersect",1,2,2,3
Public Method,"org.junit.runner.manipulation.Filter.intersect.(Anon_3).describe",1,1,1,1
Public Method,"org.junit.runner.manipulation.Filter.intersect.(Anon_3).shouldRun",1,1,1,2
Public Static Method,"org.junit.runner.manipulation.Filter.matchMethodDescription",1,1,1,1
Public Method,"org.junit.runner.manipulation.Filter.matchMethodDescription.(Anon_2).describe",1,1,1,1
Public Method,"org.junit.runner.manipulation.Filter.matchMethodDescription.(Anon_2).shouldRun",4,4,4,4
Public Abstract Method,"org.junit.runner.manipulation.Filter.shouldRun",1,1,1,1
Abstract Method,"org.junit.runner.manipulation.Filterable.filter",1,1,1,1
Public Abstract Method,"org.junit.runner.manipulation.Sortable.sort",1,1,1,1
Public Method,"org.junit.runner.manipulation.Sorter.(Anon_1).compare",1,1,1,1
Public Constructor,"org.junit.runner.manipulation.Sorter.Sorter",1,1,1,1
Public Method,"org.junit.runner.manipulation.Sorter.apply",1,2,2,2
Public Method,"org.junit.runner.manipulation.Sorter.compare",1,1,1,1
Public Constructor,"org.junit.runner.notification.Failure.Failure",1,1,1,1
Public Method,"org.junit.runner.notification.Failure.getDescription",1,1,1,1
Public Method,"org.junit.runner.notification.Failure.getException",1,1,1,1
Public Method,"org.junit.runner.notification.Failure.getMessage",1,1,1,1
Public Method,"org.junit.runner.notification.Failure.getTestHeader",1,1,1,1
Public Method,"org.junit.runner.notification.Failure.getTrace",1,1,1,1
Public Method,"org.junit.runner.notification.Failure.toString",1,1,1,1
Public Method,"org.junit.runner.notification.RunListener.testAssumptionFailure",1,1,1,1
Public Method,"org.junit.runner.notification.RunListener.testFailure",1,1,1,1
Public Method,"org.junit.runner.notification.RunListener.testFinished",1,1,1,1
Public Method,"org.junit.runner.notification.RunListener.testIgnored",1,1,1,1
Public Method,"org.junit.runner.notification.RunListener.testRunFinished",1,1,1,1
Public Method,"org.junit.runner.notification.RunListener.testRunStarted",1,1,1,1
Public Method,"org.junit.runner.notification.RunListener.testStarted",1,1,1,1
Protected Abstract Method,"org.junit.runner.notification.RunNotifier.SafeNotifier.notifyListener",1,1,1,1
Method,"org.junit.runner.notification.RunNotifier.SafeNotifier.run",1,3,3,3
Public Method,"org.junit.runner.notification.RunNotifier.addFirstListener",1,1,1,1
Public Method,"org.junit.runner.notification.RunNotifier.addListener",1,1,1,1
Public Method,"org.junit.runner.notification.RunNotifier.fireTestAssumptionFailed",1,1,1,1
Protected Method,"org.junit.runner.notification.RunNotifier.fireTestAssumptionFailed.(Anon_5).notifyListener",1,1,1,1
Public Method,"org.junit.runner.notification.RunNotifier.fireTestFailure",1,1,1,1
Protected Method,"org.junit.runner.notification.RunNotifier.fireTestFailure.(Anon_4).notifyListener",1,1,1,1
Public Method,"org.junit.runner.notification.RunNotifier.fireTestFinished",1,1,1,1
Protected Method,"org.junit.runner.notification.RunNotifier.fireTestFinished.(Anon_7).notifyListener",1,1,1,1
Public Method,"org.junit.runner.notification.RunNotifier.fireTestIgnored",1,1,1,1
Protected Method,"org.junit.runner.notification.RunNotifier.fireTestIgnored.(Anon_6).notifyListener",1,1,1,1
Public Method,"org.junit.runner.notification.RunNotifier.fireTestRunFinished",1,1,1,1
Protected Method,"org.junit.runner.notification.RunNotifier.fireTestRunFinished.(Anon_2).notifyListener",1,1,1,1
Public Method,"org.junit.runner.notification.RunNotifier.fireTestRunStarted",1,1,1,1
Protected Method,"org.junit.runner.notification.RunNotifier.fireTestRunStarted.(Anon_1).notifyListener",1,1,1,1
Public Method,"org.junit.runner.notification.RunNotifier.fireTestStarted",1,2,2,2
Protected Method,"org.junit.runner.notification.RunNotifier.fireTestStarted.(Anon_3).notifyListener",1,1,1,1
Public Method,"org.junit.runner.notification.RunNotifier.pleaseStop",1,1,1,1
Public Method,"org.junit.runner.notification.RunNotifier.removeListener",1,1,1,1
Public Constructor,"org.junit.runners.AllTests.AllTests",1,1,1,1
Public Constructor,"org.junit.runners.BlockJUnit4ClassRunner.BlockJUnit4ClassRunner",1,1,1,1
Protected Method,"org.junit.runners.BlockJUnit4ClassRunner.collectInitializationErrors",1,1,1,1
Protected Method,"org.junit.runners.BlockJUnit4ClassRunner.computeTestMethods",1,1,1,1
Protected Method,"org.junit.runners.BlockJUnit4ClassRunner.createTest",1,1,1,1
Protected Method,"org.junit.runners.BlockJUnit4ClassRunner.describeChild",1,1,1,1
Private Method,"org.junit.runners.BlockJUnit4ClassRunner.expectsException",1,1,1,1
Protected Method,"org.junit.runners.BlockJUnit4ClassRunner.getChildren",1,1,1,1
Private Method,"org.junit.runners.BlockJUnit4ClassRunner.getExpectedException",1,2,2,3
Private Method,"org.junit.runners.BlockJUnit4ClassRunner.getMethodRules",1,1,1,1
Protected Method,"org.junit.runners.BlockJUnit4ClassRunner.getTestRules",1,1,1,1
Private Method,"org.junit.runners.BlockJUnit4ClassRunner.getTimeout",1,2,2,2
Private Method,"org.junit.runners.BlockJUnit4ClassRunner.hasOneConstructor",1,1,1,1
Protected Method,"org.junit.runners.BlockJUnit4ClassRunner.methodBlock",1,2,2,2
Protected Method,"org.junit.runners.BlockJUnit4ClassRunner.methodBlock.(Anon_1).runReflectiveCall",1,1,1,1
Protected Method,"org.junit.runners.BlockJUnit4ClassRunner.methodInvoker",1,1,1,1
Protected Method,"org.junit.runners.BlockJUnit4ClassRunner.possiblyExpectingExceptions",1,2,2,2
Protected Method,"org.junit.runners.BlockJUnit4ClassRunner.rules",1,1,1,1
Protected Method,"org.junit.runners.BlockJUnit4ClassRunner.runChild",1,2,2,2
Protected Method,"org.junit.runners.BlockJUnit4ClassRunner.testName",1,1,1,1
Protected Method,"org.junit.runners.BlockJUnit4ClassRunner.validateConstructor",1,1,1,1
Private Method,"org.junit.runners.BlockJUnit4ClassRunner.validateFields",1,1,1,1
Protected Method,"org.junit.runners.BlockJUnit4ClassRunner.validateInstanceMethods",1,2,2,2
Protected Method,"org.junit.runners.BlockJUnit4ClassRunner.validateOnlyOneConstructor",1,2,2,2
Protected Method,"org.junit.runners.BlockJUnit4ClassRunner.validateTestMethods",1,1,1,1
Protected Method,"org.junit.runners.BlockJUnit4ClassRunner.validateZeroArgConstructor",1,2,2,3
Protected Method,"org.junit.runners.BlockJUnit4ClassRunner.withAfters",1,2,2,2
Protected Method,"org.junit.runners.BlockJUnit4ClassRunner.withBefores",1,2,2,2
Private Method,"org.junit.runners.BlockJUnit4ClassRunner.withMethodRules",1,3,3,3
Protected Method,"org.junit.runners.BlockJUnit4ClassRunner.withPotentialTimeout",1,2,2,2
Private Method,"org.junit.runners.BlockJUnit4ClassRunner.withRules",1,1,1,1
Private Method,"org.junit.runners.BlockJUnit4ClassRunner.withTestRules",1,2,2,2
Public Constructor,"org.junit.runners.JUnit4.JUnit4",1,1,1,1
Public Constructor,"org.junit.runners.Parameterized.Parameterized",1,2,2,2
Constructor,"org.junit.runners.Parameterized.TestClassRunnerForParameters.TestClassRunnerForParameters",1,1,1,1
Protected Method,"org.junit.runners.Parameterized.TestClassRunnerForParameters.classBlock",1,1,1,1
Private Method,"org.junit.runners.Parameterized.TestClassRunnerForParameters.computeParams",1,2,2,2
Public Method,"org.junit.runners.Parameterized.TestClassRunnerForParameters.createTest",1,1,1,1
Protected Method,"org.junit.runners.Parameterized.TestClassRunnerForParameters.getName",1,1,1,1
Protected Method,"org.junit.runners.Parameterized.TestClassRunnerForParameters.testName",1,1,1,1
Protected Method,"org.junit.runners.Parameterized.TestClassRunnerForParameters.validateConstructor",1,1,1,1
Protected Method,"org.junit.runners.Parameterized.getChildren",1,1,1,1
Private Method,"org.junit.runners.Parameterized.getParametersList",1,1,1,1
Private Method,"org.junit.runners.Parameterized.getParametersMethod",3,3,3,4
Public Method,"org.junit.runners.ParentRunner.(Anon_1).finished",1,1,1,1
Public Method,"org.junit.runners.ParentRunner.(Anon_1).schedule",1,1,1,1
Protected Constructor,"org.junit.runners.ParentRunner.ParentRunner",1,1,1,1
Protected Method,"org.junit.runners.ParentRunner.childrenInvoker",1,1,1,1
Public Method,"org.junit.runners.ParentRunner.childrenInvoker.(Anon_2).evaluate",1,1,1,1
Protected Method,"org.junit.runners.ParentRunner.classBlock",1,1,1,1
Protected Method,"org.junit.runners.ParentRunner.classRules",1,1,1,1
Protected Method,"org.junit.runners.ParentRunner.collectInitializationErrors",1,1,1,1
Private Method,"org.junit.runners.ParentRunner.comparator",1,1,1,1
Public Method,"org.junit.runners.ParentRunner.comparator.(Anon_4).compare",1,1,1,1
Protected Abstract Method,"org.junit.runners.ParentRunner.describeChild",1,1,1,1
Public Method,"org.junit.runners.ParentRunner.filter",1,5,5,5
Protected Abstract Method,"org.junit.runners.ParentRunner.getChildren",1,1,1,1
Public Method,"org.junit.runners.ParentRunner.getDescription",1,2,2,2
Private Method,"org.junit.runners.ParentRunner.getFilteredChildren",1,2,2,2
Protected Method,"org.junit.runners.ParentRunner.getName",1,1,1,1
Public Method,"org.junit.runners.ParentRunner.getTestClass",1,1,1,1
Public Method,"org.junit.runners.ParentRunner.run",1,4,4,4
Protected Abstract Method,"org.junit.runners.ParentRunner.runChild",1,1,1,1
Private Method,"org.junit.runners.ParentRunner.runChildren",1,2,2,2
Public Method,"org.junit.runners.ParentRunner.runChildren.(for_loop_2).(Anon_3).run",1,1,1,1
Protected Method,"org.junit.runners.ParentRunner.runLeaf",1,3,3,3
Public Method,"org.junit.runners.ParentRunner.setScheduler",1,1,1,1
Private Method,"org.junit.runners.ParentRunner.shouldRun",1,1,1,1
Public Method,"org.junit.runners.ParentRunner.sort",1,2,2,2
Private Method,"org.junit.runners.ParentRunner.sortChild",1,1,1,1
Private Method,"org.junit.runners.ParentRunner.validate",1,2,2,2
Private Method,"org.junit.runners.ParentRunner.validateClassRules",1,1,1,1
Protected Method,"org.junit.runners.ParentRunner.validatePublicVoidNoArgMethods",1,2,2,2
Protected Method,"org.junit.runners.ParentRunner.withAfterClasses",1,2,2,2
Protected Method,"org.junit.runners.ParentRunner.withBeforeClasses",1,2,2,2
Private Method,"org.junit.runners.ParentRunner.withClassRules",1,2,2,2
Public Constructor,"org.junit.runners.Suite.Suite",1,1,1,1
Public Constructor,"org.junit.runners.Suite.Suite",1,1,1,1
Protected Constructor,"org.junit.runners.Suite.Suite",1,1,1,1
Protected Constructor,"org.junit.runners.Suite.Suite",1,1,1,1
Protected Constructor,"org.junit.runners.Suite.Suite",1,1,1,1
Public Abstract Method,"org.junit.runners.Suite.SuiteClasses.value",1,1,1,1
Protected Method,"org.junit.runners.Suite.describeChild",1,1,1,1
Public Static Method,"org.junit.runners.Suite.emptySuite",1,2,2,2
Private Static Method,"org.junit.runners.Suite.getAnnotatedClasses",1,2,2,2
Protected Method,"org.junit.runners.Suite.getChildren",1,1,1,1
Protected Method,"org.junit.runners.Suite.runChild",1,1,1,1
Constructor,"org.junit.runners.model.FrameworkField.FrameworkField",1,1,1,1
Public Method,"org.junit.runners.model.FrameworkField.get",1,1,1,1
Public Method,"org.junit.runners.model.FrameworkField.getAnnotations",1,1,1,1
Public Method,"org.junit.runners.model.FrameworkField.getField",1,1,1,1
Public Method,"org.junit.runners.model.FrameworkField.getName",1,1,1,1
Public Method,"org.junit.runners.model.FrameworkField.getType",1,1,1,1
Public Method,"org.junit.runners.model.FrameworkField.isPublic",1,1,1,1
Public Method,"org.junit.runners.model.FrameworkField.isShadowedBy",1,1,1,1
Public Method,"org.junit.runners.model.FrameworkField.isStatic",1,1,1,1
Abstract Method,"org.junit.runners.model.FrameworkMember.getAnnotations",1,1,1,1
Method,"org.junit.runners.model.FrameworkMember.isShadowedBy",3,3,3,3
Abstract Method,"org.junit.runners.model.FrameworkMember.isShadowedBy",1,1,1,1
Public Constructor,"org.junit.runners.model.FrameworkMethod.FrameworkMethod",1,1,1,1
Public Method,"org.junit.runners.model.FrameworkMethod.equals",1,2,2,2
Public Generic Method,"org.junit.runners.model.FrameworkMethod.getAnnotation",1,1,1,1
Public Method,"org.junit.runners.model.FrameworkMethod.getAnnotations",1,1,1,1
Public Method,"org.junit.runners.model.FrameworkMethod.getMethod",1,1,1,1
Public Method,"org.junit.runners.model.FrameworkMethod.getName",1,1,1,1
Private Method,"org.junit.runners.model.FrameworkMethod.getParameterTypes",1,1,1,1
Public Method,"org.junit.runners.model.FrameworkMethod.hashCode",1,1,1,1
Public Method,"org.junit.runners.model.FrameworkMethod.invokeExplosively",1,1,1,1
Protected Method,"org.junit.runners.model.FrameworkMethod.invokeExplosively.(Anon_1).runReflectiveCall",1,1,1,1
Public Method,"org.junit.runners.model.FrameworkMethod.isShadowedBy",5,5,5,5
Public Method,"org.junit.runners.model.FrameworkMethod.producesType",1,1,1,2
Public Method,"org.junit.runners.model.FrameworkMethod.validatePublicVoid",1,6,6,6
Public Method,"org.junit.runners.model.FrameworkMethod.validatePublicVoidNoArg",1,2,2,2
Public Constructor,"org.junit.runners.model.InitializationError.InitializationError",1,1,1,1
Public Constructor,"org.junit.runners.model.InitializationError.InitializationError",1,1,1,1
Public Constructor,"org.junit.runners.model.InitializationError.InitializationError",1,1,1,1
Public Method,"org.junit.runners.model.InitializationError.getCauses",1,1,1,1
Public Constructor,"org.junit.runners.model.MultipleFailureException.MultipleFailureException",1,1,1,1
Public Static Method,"org.junit.runners.model.MultipleFailureException.assertEmpty",1,3,3,3
Public Method,"org.junit.runners.model.MultipleFailureException.getFailures",1,1,1,1
Public Method,"org.junit.runners.model.MultipleFailureException.getMessage",1,2,2,2
Method,"org.junit.runners.model.RunnerBuilder.addParent",1,2,2,2
Method,"org.junit.runners.model.RunnerBuilder.removeParent",1,1,1,1
Public Abstract Method,"org.junit.runners.model.RunnerBuilder.runnerForClass",1,1,1,1
Public Method,"org.junit.runners.model.RunnerBuilder.runners",1,1,1,1
Public Method,"org.junit.runners.model.RunnerBuilder.runners",1,1,1,1
Private Method,"org.junit.runners.model.RunnerBuilder.runners",1,3,3,3
Public Method,"org.junit.runners.model.RunnerBuilder.safeRunnerForClass",1,2,2,2
Abstract Method,"org.junit.runners.model.RunnerScheduler.finished",1,1,1,1
Abstract Method,"org.junit.runners.model.RunnerScheduler.schedule",1,1,1,1
Public Abstract Method,"org.junit.runners.model.Statement.evaluate",1,1,1,1
Public Constructor,"org.junit.runners.model.TestClass.TestClass",1,5,5,6
Private Generic Method,"org.junit.runners.model.TestClass.addToAnnotationLists",3,4,4,4
Public Generic Method,"org.junit.runners.model.TestClass.getAnnotatedFieldValues",1,4,4,4
Public Method,"org.junit.runners.model.TestClass.getAnnotatedFields",1,1,1,1
Private Generic Method,"org.junit.runners.model.TestClass.getAnnotatedMembers",1,2,2,2
Public Method,"org.junit.runners.model.TestClass.getAnnotatedMethods",1,1,1,1
Public Method,"org.junit.runners.model.TestClass.getAnnotations",1,2,2,2
Public Method,"org.junit.runners.model.TestClass.getJavaClass",1,1,1,1
Public Method,"org.junit.runners.model.TestClass.getName",1,2,2,2
Public Method,"org.junit.runners.model.TestClass.getOnlyConstructor",1,1,1,1
Private Method,"org.junit.runners.model.TestClass.getSuperClasses",1,2,2,2
Private Method,"org.junit.runners.model.TestClass.runsTopToBottom",1,1,1,2
Public Method,"org.junit.samples.ListTest.capacity",1,2,2,2
Public Method,"org.junit.samples.ListTest.contains",1,1,1,1
Public Method,"org.junit.samples.ListTest.elementAt",1,1,1,1
Public Static Method,"org.junit.samples.ListTest.main",1,1,1,1
Public Method,"org.junit.samples.ListTest.removeAll",1,1,1,1
Public Method,"org.junit.samples.ListTest.removeElement",1,1,1,1
Public Method,"org.junit.samples.ListTest.setUp",1,1,1,1
Public Static Method,"org.junit.samples.ListTest.setUpOnce",1,2,2,2
Public Static Method,"org.junit.samples.ListTest.suite",1,1,1,1
Public Method,"org.junit.samples.ListTest.testCopy",1,1,1,1
Public Method,"org.junit.samples.SimpleTest.divideByZero",1,1,1,1
Public Method,"org.junit.samples.SimpleTest.setUp",1,1,1,1
Public Static Method,"org.junit.samples.SimpleTest.suite",1,1,1,1
Public Method,"org.junit.samples.SimpleTest.testEquals",1,1,1,1
Public Method,"org.junit.samples.money.MoneyTest.setUp",1,1,1,1
Public Static Method,"org.junit.samples.money.MoneyTest.suite",1,1,1,1
Public Method,"org.junit.samples.money.MoneyTest.testBagMultiply",1,1,1,1
Public Method,"org.junit.samples.money.MoneyTest.testBagNegate",1,1,1,1
Public Method,"org.junit.samples.money.MoneyTest.testBagNotEquals",1,1,1,1
Public Method,"org.junit.samples.money.MoneyTest.testBagSimpleAdd",1,1,1,1
Public Method,"org.junit.samples.money.MoneyTest.testBagSubtract",1,1,1,1
Public Method,"org.junit.samples.money.MoneyTest.testBagSumAdd",1,1,1,1
Public Method,"org.junit.samples.money.MoneyTest.testIsZero",1,1,1,1
Public Method,"org.junit.samples.money.MoneyTest.testMixedSimpleAdd",1,1,1,1
Public Method,"org.junit.samples.money.MoneyTest.testMoneyBagEquals",1,1,1,1
Public Method,"org.junit.samples.money.MoneyTest.testMoneyBagHash",1,1,1,1
Public Method,"org.junit.samples.money.MoneyTest.testMoneyEquals",1,1,1,1
Public Method,"org.junit.samples.money.MoneyTest.testMoneyHash",1,1,1,1
Public Method,"org.junit.samples.money.MoneyTest.testNormalize2",1,1,1,1
Public Method,"org.junit.samples.money.MoneyTest.testNormalize3",1,1,1,1
Public Method,"org.junit.samples.money.MoneyTest.testNormalize4",1,1,1,1
Public Method,"org.junit.samples.money.MoneyTest.testPrint",1,1,1,1
Public Method,"org.junit.samples.money.MoneyTest.testSimpleAdd",1,1,1,1
Public Method,"org.junit.samples.money.MoneyTest.testSimpleBagAdd",1,1,1,1
Public Method,"org.junit.samples.money.MoneyTest.testSimpleMultiply",1,1,1,1
Public Method,"org.junit.samples.money.MoneyTest.testSimpleNegate",1,1,1,1
Public Method,"org.junit.samples.money.MoneyTest.testSimpleSubtract",1,1,1,1
Public Method,"org.junit.samples.money.MoneyTest.testSimplify",1,1,1,1
Public Method,"org.junit.samples.money.MoneyTest.zeroMoniesAreEqualRegardlessOfCurrency",1,1,1,1
Public Static Method,"org.junit.tests.AllTests.suite",1,1,1,1
Public Method,"org.junit.tests.ObjectContractTest.equalsMeansEqualHashCodes",1,1,1,1
Public Method,"org.junit.tests.ObjectContractTest.equalsThrowsNoException",1,1,1,1
Private Static Method,"org.junit.tests.ObjectContractTest.toStringMethod",3,3,3,3
Public Constructor,"org.junit.tests.TestSystem.TestSystem",1,1,1,1
Public Method,"org.junit.tests.TestSystem.exit",1,1,1,1
Public Method,"org.junit.tests.TestSystem.out",1,1,1,1
Public Method,"org.junit.tests.TestSystem.outContents",1,1,1,1
Public Method,"org.junit.tests.assertion.AssertionTest.IntegerDoesNotEqualLong",1,1,1,1
Public Method,"org.junit.tests.assertion.AssertionTest.arraysActualNullMessage",1,2,2,2
Public Method,"org.junit.tests.assertion.AssertionTest.arraysDeclaredAsObjectAreComparedAsObjects",1,1,1,1
Public Method,"org.junit.tests.assertion.AssertionTest.arraysDifferAtElement0nullMessage",1,2,2,2
Public Method,"org.junit.tests.assertion.AssertionTest.arraysDifferAtElement0withMessage",1,2,2,2
Public Method,"org.junit.tests.assertion.AssertionTest.arraysDifferAtElement1nullMessage",1,2,2,2
Public Method,"org.junit.tests.assertion.AssertionTest.arraysDifferAtElement1withMessage",1,2,2,2
Public Method,"org.junit.tests.assertion.AssertionTest.arraysDifferentLengthMessage",1,2,2,2
Public Method,"org.junit.tests.assertion.AssertionTest.arraysElementsDiffer",1,1,1,1
Public Method,"org.junit.tests.assertion.AssertionTest.arraysEqual",1,1,1,1
Public Method,"org.junit.tests.assertion.AssertionTest.arraysEqualWithMessage",1,1,1,1
Public Method,"org.junit.tests.assertion.AssertionTest.arraysExpectedNullMessage",1,2,2,2
Public Method,"org.junit.tests.assertion.AssertionTest.arraysNotEqual",1,1,1,1
Public Method,"org.junit.tests.assertion.AssertionTest.arraysNotEqualWithMessage",1,1,1,1
Public Method,"org.junit.tests.assertion.AssertionTest.arraysWithNullElementEqual",1,1,1,1
Public Method,"org.junit.tests.assertion.AssertionTest.assertThatDescriptionCanBeElided",1,2,2,2
Public Method,"org.junit.tests.assertion.AssertionTest.assertThatIncludesAdvancedMismatch",1,2,2,2
Public Method,"org.junit.tests.assertion.AssertionTest.assertThatIncludesDescriptionOfTestedValueInErrorMessage",1,2,2,2
Public Method,"org.junit.tests.assertion.AssertionTest.bigDecimalsNotEqual",1,1,1,1
Public Method,"org.junit.tests.assertion.AssertionTest.booleansNotEqual",1,1,1,1
Public Method,"org.junit.tests.assertion.AssertionTest.bytesNotEqual",1,1,1,1
Public Method,"org.junit.tests.assertion.AssertionTest.charsNotEqual",1,1,1,1
Public Method,"org.junit.tests.assertion.AssertionTest.compareBigDecimalAndInteger",1,1,1,1
Public Method,"org.junit.tests.assertion.AssertionTest.doublesNotEqual",1,1,1,1
Public Method,"org.junit.tests.assertion.AssertionTest.equals",1,1,1,1
Public Method,"org.junit.tests.assertion.AssertionTest.errorMessageDistinguishesDifferentValuesWithSameToString",1,2,2,2
Public Method,"org.junit.tests.assertion.AssertionTest.failWithMessageToString",1,2,2,2
Public Method,"org.junit.tests.assertion.AssertionTest.failWithNoMessageToString",1,2,2,2
Public Method,"org.junit.tests.assertion.AssertionTest.fails",1,1,1,1
Public Method,"org.junit.tests.assertion.AssertionTest.floatsNotEqual",1,1,1,1
Public Method,"org.junit.tests.assertion.AssertionTest.floatsNotEqualWithoutDelta",1,1,1,1
Public Method,"org.junit.tests.assertion.AssertionTest.implicitTypecastEquality",1,1,1,1
Public Method,"org.junit.tests.assertion.AssertionTest.intsEqualLongs",1,1,1,1
Public Method,"org.junit.tests.assertion.AssertionTest.intsNotEqual",1,1,1,1
Public Method,"org.junit.tests.assertion.AssertionTest.longsNotEqual",1,1,1,1
Public Method,"org.junit.tests.assertion.AssertionTest.multiDimensionalArraysAreEqual",1,1,1,1
Public Method,"org.junit.tests.assertion.AssertionTest.multiDimensionalArraysAreNotEqual",1,2,2,2
Public Method,"org.junit.tests.assertion.AssertionTest.multiDimensionalArraysAreNotEqualNoMessage",1,2,2,2
Public Method,"org.junit.tests.assertion.AssertionTest.multiDimensionalArraysDeclaredAsOneDimensionalAreEqual",1,1,1,1
Public Method,"org.junit.tests.assertion.AssertionTest.multiDimensionalIntArraysAreEqual",1,1,1,1
Public Method,"org.junit.tests.assertion.AssertionTest.naNsAreEqual",1,1,1,1
Public Method,"org.junit.tests.assertion.AssertionTest.notEqualsNullWithObject",1,1,1,1
Public Method,"org.junit.tests.assertion.AssertionTest.notEqualsNullWithObjectWithMessage",1,2,2,2
Public Method,"org.junit.tests.assertion.AssertionTest.notEqualsObjectWithNull",1,1,1,1
Public Method,"org.junit.tests.assertion.AssertionTest.notEqualsObjectWithNullWithMessage",1,2,2,2
Public Method,"org.junit.tests.assertion.AssertionTest.notSame",1,1,1,1
Public Method,"org.junit.tests.assertion.AssertionTest.notSameNullMessage",1,2,2,2
Public Method,"org.junit.tests.assertion.AssertionTest.notSameWithMessage",1,2,2,2
Public Method,"org.junit.tests.assertion.AssertionTest.nullAndStringNullPrintCorrectError",1,2,2,2
Public Method,"org.junit.tests.assertion.AssertionTest.nullMessage",1,2,2,2
Public Method,"org.junit.tests.assertion.AssertionTest.nullMessageDisappearsWithAssertEquals",1,2,2,2
Public Method,"org.junit.tests.assertion.AssertionTest.nullMessageDisappearsWithStringAssertEquals",1,2,2,2
Public Method,"org.junit.tests.assertion.AssertionTest.objectsAreSame",1,1,1,1
Public Method,"org.junit.tests.assertion.AssertionTest.objectsNotEquals",1,1,1,1
Public Method,"org.junit.tests.assertion.AssertionTest.objectsNotSame",1,1,1,1
Public Method,"org.junit.tests.assertion.AssertionTest.oneDimensionalDoubleArraysAreNotEqual",1,1,1,1
Public Method,"org.junit.tests.assertion.AssertionTest.oneDimensionalFloatArraysAreNotEqual",1,1,1,1
Public Method,"org.junit.tests.assertion.AssertionTest.oneDimensionalPrimitiveArraysAreEqual",1,1,1,1
Public Method,"org.junit.tests.assertion.AssertionTest.same",1,1,1,1
Public Method,"org.junit.tests.assertion.AssertionTest.sameNullMessage",1,2,2,2
Public Method,"org.junit.tests.assertion.AssertionTest.sameWithMessage",1,2,2,2
Public Method,"org.junit.tests.assertion.AssertionTest.shortsNotEqual",1,1,1,1
Public Method,"org.junit.tests.assertion.AssertionTest.stringNullAndNullWorksToo",1,1,1,1
Public Method,"org.junit.tests.assertion.AssertionTest.stringsDifferWithUserMessage",1,2,2,2
Public Method,"org.junit.tests.assertion.AssertionTest.stringsNotEqual",1,1,1,1
Public Method,"org.junit.tests.assertion.BothTest.bothFails",1,1,1,2
Public Method,"org.junit.tests.assertion.BothTest.bothPasses",1,1,1,1
Public Generic Method,"org.junit.tests.assertion.BothTest.descriptionIsSensible",1,1,1,1
Public Method,"org.junit.tests.assertion.BothTest.eitherPasses",1,1,1,1
Public Method,"org.junit.tests.assertion.BothTest.subclassesAreOkInSecondPositionOnly",1,1,1,1
Public Generic Method,"org.junit.tests.assertion.BothTest.threeAndsWork",1,1,1,3
Public Generic Method,"org.junit.tests.assertion.BothTest.threeOrsWork",1,1,1,3
Public Method,"org.junit.tests.assertion.EachTest.eachDescription",1,1,1,1
Public Constructor,"org.junit.tests.assertion.MultipleFailureExceptionTest.ExpectedException.ExpectedException",1,1,1,1
Public Method,"org.junit.tests.assertion.MultipleFailureExceptionTest.assertEmptyDoesNotThrowForEmptyList",1,1,1,1
Public Method,"org.junit.tests.assertion.MultipleFailureExceptionTest.assertEmptyRethrowsSingleThrowable",1,1,1,1
Public Method,"org.junit.tests.assertion.MultipleFailureExceptionTest.assertEmptyThrowsMutipleFailureExceptionForManyThrowables",1,2,2,2
Public Method,"org.junit.tests.deprecated.JUnit4ClassRunnerTest.Example.failure",1,1,1,1
Public Method,"org.junit.tests.deprecated.JUnit4ClassRunnerTest.Example.success",1,1,1,1
Public Constructor,"org.junit.tests.deprecated.JUnit4ClassRunnerTest.UnconstructableExample.UnconstructableExample",1,1,1,1
Public Method,"org.junit.tests.deprecated.JUnit4ClassRunnerTest.UnconstructableExample.failure",1,1,1,1
Public Method,"org.junit.tests.deprecated.JUnit4ClassRunnerTest.UnconstructableExample.success",1,1,1,1
Public Method,"org.junit.tests.deprecated.JUnit4ClassRunnerTest.runWithOldJUnit4ClassRunner",1,1,1,1
Public Method,"org.junit.tests.deprecated.JUnit4ClassRunnerTest.runWithOldJUnit4ClassRunnerAndBadConstructor",1,1,1,1
Public Method,"org.junit.tests.description.AnnotatedDescriptionTest.AnnotatedClass.a",1,1,1,1
Public Method,"org.junit.tests.description.AnnotatedDescriptionTest.IgnoredClass.a",1,1,1,1
Public Method,"org.junit.tests.description.AnnotatedDescriptionTest.ValueAnnotatedClass.a",1,1,1,1
Abstract Method,"org.junit.tests.description.AnnotatedDescriptionTest.ValuedAnnotation.value",1,1,1,1
Public Method,"org.junit.tests.description.AnnotatedDescriptionTest.annotationsExistOnDescriptionsOfClasses",1,1,1,1
Public Method,"org.junit.tests.description.AnnotatedDescriptionTest.annotationsExistOnDescriptionsOfIgnoredClass",1,1,1,1
Public Method,"org.junit.tests.description.AnnotatedDescriptionTest.characterizeCreatingMyOwnAnnotation",1,1,1,1
Public Method,"org.junit.tests.description.AnnotatedDescriptionTest.characterizeCreatingMyOwnAnnotation.(Anon_1).annotationType",1,1,1,1
Public Method,"org.junit.tests.description.AnnotatedDescriptionTest.characterizeCreatingMyOwnAnnotation.(Anon_1).value",1,1,1,1
Public Method,"org.junit.tests.description.AnnotatedDescriptionTest.childlessCopyOfDescriptionStillHasAnnotations",1,1,1,1
Private Method,"org.junit.tests.description.AnnotatedDescriptionTest.describe",1,1,1,1
Public Method,"org.junit.tests.description.AnnotatedDescriptionTest.descriptionOfTestClassHasValuedAnnotation",1,1,1,1
Public Method,"org.junit.tests.description.AnnotatedDescriptionTest.getAnnotationsReturnsAllAnnotations",1,1,1,1
Private Method,"org.junit.tests.description.SuiteDescriptionTest.descriptionWithTwoKids",1,1,1,1
Public Method,"org.junit.tests.description.SuiteDescriptionTest.equalsIsCorrect",1,1,1,1
Public Method,"org.junit.tests.description.SuiteDescriptionTest.hashCodeIsReasonable",1,1,1,1
Public Method,"org.junit.tests.description.TestDescriptionTest.equalsIsFalseForNonTestDescription",1,1,1,1
Public Constructor,"org.junit.tests.experimental.AssumptionTest.AssumptionFailureInConstructor.AssumptionFailureInConstructor",1,1,1,1
Public Method,"org.junit.tests.experimental.AssumptionTest.AssumptionFailureInConstructor.shouldFail",1,1,1,1
Public Method,"org.junit.tests.experimental.AssumptionTest.HasFailingAssumeInBefore.checkForSomethingThatIsntThere",1,1,1,1
Public Method,"org.junit.tests.experimental.AssumptionTest.HasFailingAssumeInBefore.failing",1,1,1,1
Public Static Method,"org.junit.tests.experimental.AssumptionTest.HasFailingAssumeInBeforeClass.checkForSomethingThatIsntThere",1,1,1,1
Public Method,"org.junit.tests.experimental.AssumptionTest.HasFailingAssumeInBeforeClass.failing",1,1,1,1
Public Method,"org.junit.tests.experimental.AssumptionTest.HasFailingAssumption.assumptionsFail",1,1,1,1
Public Method,"org.junit.tests.experimental.AssumptionTest.HasPassingAssumption.assumptionsFail",1,1,1,1
Private Method,"org.junit.tests.experimental.AssumptionTest.assertCompletesNormally",1,1,1,1
Public Method,"org.junit.tests.experimental.AssumptionTest.assumeNoExceptionThrows",1,2,2,2
Public Method,"org.junit.tests.experimental.AssumptionTest.assumeNotNullIncludesParameterList",1,3,3,3
Public Method,"org.junit.tests.experimental.AssumptionTest.assumeNotNullPasses",1,1,1,1
Public Method,"org.junit.tests.experimental.AssumptionTest.assumeNotNullThrowsException",1,1,1,1
Public Method,"org.junit.tests.experimental.AssumptionTest.assumeThatPasses",1,1,1,1
Public Method,"org.junit.tests.experimental.AssumptionTest.assumeThatPassesOnStrings",1,1,1,1
Public Method,"org.junit.tests.experimental.AssumptionTest.assumeThatWorks",1,1,1,1
Public Method,"org.junit.tests.experimental.AssumptionTest.assumeTrueWorks",1,1,1,1
Public Method,"org.junit.tests.experimental.AssumptionTest.assumeWithExpectedException",1,1,1,1
Public Method,"org.junit.tests.experimental.AssumptionTest.failedAssumptionsCanBeDetectedByListeners",1,1,1,1
Public Method,"org.junit.tests.experimental.AssumptionTest.failedAssumptionsCanBeDetectedByListeners.(Anon_1).testAssumptionFailure",1,1,1,1
Public Method,"org.junit.tests.experimental.AssumptionTest.failedAssumptionsMeanPassing",1,1,1,1
Public Method,"org.junit.tests.experimental.AssumptionTest.failingAssumptionInBeforeClassIgnoresClass",1,1,1,1
Public Method,"org.junit.tests.experimental.AssumptionTest.failingAssumptionInBeforePreventsTestRun",1,1,1,1
Public Method,"org.junit.tests.experimental.AssumptionTest.failingAssumptionInConstructorIgnoresClass",1,1,1,1
Public Method,"org.junit.tests.experimental.AssumptionTest.passingAssumptionsScootThrough",1,1,1,1
Public Method,"org.junit.tests.experimental.AssumptionViolatedExceptionTest.AssumptionViolatedExceptionDescribesItself",1,1,1,1
Public Method,"org.junit.tests.experimental.AssumptionViolatedExceptionTest.simpleAssumptionViolatedExceptionDescribesItself",1,1,1,1
Public Method,"org.junit.tests.experimental.AssumptionViolatedExceptionTest.toStringReportsMatcher",1,1,1,1
Public Method,"org.junit.tests.experimental.AssumptionViolatedExceptionTest.toStringReportsValue",1,1,1,1
Public Generic Method,"org.junit.tests.experimental.MatcherTest.differentMatchersHaveDifferentDescriptions",1,1,1,1
Private Static Method,"org.junit.tests.experimental.MatcherTest.failure",1,1,1,1
Public Constructor,"org.junit.tests.experimental.categories.CategoriesAndParameterizedTest.ParameterizedTestWithAttemptedMethodCategory.ParameterizedTestWithAttemptedMethodCategory",1,1,1,1
Public Static Method,"org.junit.tests.experimental.categories.CategoriesAndParameterizedTest.ParameterizedTestWithAttemptedMethodCategory.getParameters",1,1,1,1
Public Method,"org.junit.tests.experimental.categories.CategoriesAndParameterizedTest.ParameterizedTestWithAttemptedMethodCategory.testSomething",1,1,1,1
Public Method,"org.junit.tests.experimental.categories.CategoriesAndParameterizedTest.VanillaCategorizedJUnitTest.testSomething",1,1,1,1
Public Constructor,"org.junit.tests.experimental.categories.CategoriesAndParameterizedTest.WellBehavedParameterizedTest.WellBehavedParameterizedTest",1,1,1,1
Public Static Method,"org.junit.tests.experimental.categories.CategoriesAndParameterizedTest.WellBehavedParameterizedTest.getParameters",1,1,1,1
Public Method,"org.junit.tests.experimental.categories.CategoriesAndParameterizedTest.WellBehavedParameterizedTest.testSomething",1,1,1,1
Public Method,"org.junit.tests.experimental.categories.CategoriesAndParameterizedTest.shouldFailWithMethodLevelCategoryAnnotation",1,1,1,1
Public Method,"org.junit.tests.experimental.categories.CategoriesAndParameterizedTest.shouldFailWithMethodLevelCategoryAnnotationSwapped",1,1,1,1
Public Method,"org.junit.tests.experimental.categories.CategoriesAndParameterizedTest.shouldSucceedWithAParameterizedClassSomewhere",1,1,1,1
Public Method,"org.junit.tests.experimental.categories.CategoryTest.A.a",1,1,1,1
Public Method,"org.junit.tests.experimental.categories.CategoryTest.A.b",1,1,1,1
Public Method,"org.junit.tests.experimental.categories.CategoryTest.B.c",1,1,1,1
Public Method,"org.junit.tests.experimental.categories.CategoryTest.C.d",1,1,1,1
Public Method,"org.junit.tests.experimental.categories.CategoryTest.OneFast.a",1,1,1,1
Public Method,"org.junit.tests.experimental.categories.CategoryTest.OneFastOneSlow.a",1,1,1,1
Public Method,"org.junit.tests.experimental.categories.CategoryTest.OneFastOneSlow.b",1,1,1,1
Public Method,"org.junit.tests.experimental.categories.CategoryTest.OneMoreTest.a",1,1,1,1
Public Method,"org.junit.tests.experimental.categories.CategoryTest.OneThatIsBothFastAndSlow.a",1,1,1,1
Public Method,"org.junit.tests.experimental.categories.CategoryTest.OneVerySlowTest.a",1,1,1,1
Public Method,"org.junit.tests.experimental.categories.CategoryTest.SomeAreSlow.both",1,1,1,1
Public Method,"org.junit.tests.experimental.categories.CategoryTest.SomeAreSlow.bothReversed",1,1,1,1
Public Method,"org.junit.tests.experimental.categories.CategoryTest.SomeAreSlow.justCategory1",1,1,1,1
Public Method,"org.junit.tests.experimental.categories.CategoryTest.SomeAreSlow.justCategory2",1,1,1,1
Public Method,"org.junit.tests.experimental.categories.CategoryTest.SomeAreSlow.noCategory",1,1,1,1
Public Method,"org.junit.tests.experimental.categories.CategoryTest.categoryFilterLeavesOnlyMatchingMethods",1,1,1,1
Public Method,"org.junit.tests.experimental.categories.CategoryTest.categoryFilterRejectsIncompatibleCategory",1,1,1,1
Public Method,"org.junit.tests.experimental.categories.CategoryTest.classesCanBeCategories",1,1,1,1
Public Method,"org.junit.tests.experimental.categories.CategoryTest.describeACategoryFilter",1,1,1,1
Public Method,"org.junit.tests.experimental.categories.CategoryTest.ifNoTestsToRunUseErrorRunner",1,1,1,1
Public Method,"org.junit.tests.experimental.categories.CategoryTest.runMethodWithTwoCategories",1,1,1,1
Public Method,"org.junit.tests.experimental.categories.CategoryTest.subclassesOfIncludedCategoriesAreRun",1,1,1,1
Public Method,"org.junit.tests.experimental.categories.CategoryTest.testCount",1,1,1,1
Public Method,"org.junit.tests.experimental.categories.CategoryTest.testCountOnAWithoutSlowTests",1,1,1,1
Public Method,"org.junit.tests.experimental.categories.CategoryTest.testCountOnJustA",1,1,1,1
Public Method,"org.junit.tests.experimental.categories.CategoryTest.testCountWithExplicitFilter",1,1,1,1
Public Method,"org.junit.tests.experimental.categories.CategoryTest.testsThatAreBothIncludedAndExcludedAreExcluded",1,1,1,1
Public Method,"org.junit.tests.experimental.max.DescriptionTest.createSuiteDescription_whenZeroLength",1,1,1,1
Public Method,"org.junit.tests.experimental.max.DescriptionTest.parseClass_whenCantParse",1,1,1,1
Public Method,"org.junit.tests.experimental.max.DescriptionTest.parseMethod_whenCantParse",1,1,1,1
Public Method,"org.junit.tests.experimental.max.JUnit38SortingTest.JUnit38Test.testFails",1,1,1,1
Public Method,"org.junit.tests.experimental.max.JUnit38SortingTest.JUnit38Test.testSucceeds",1,1,1,1
Public Method,"org.junit.tests.experimental.max.JUnit38SortingTest.JUnit38Test.testSucceedsToo",1,1,1,1
Public Method,"org.junit.tests.experimental.max.JUnit38SortingTest.JUnit4Test.pass",1,1,1,1
Public Method,"org.junit.tests.experimental.max.JUnit38SortingTest.createMax",1,2,2,2
Public Method,"org.junit.tests.experimental.max.JUnit38SortingTest.forgetMax",1,1,1,1
Public Method,"org.junit.tests.experimental.max.JUnit38SortingTest.preferRecentlyFailed38Test",1,1,1,1
Private Method,"org.junit.tests.experimental.max.MaxStarterTest.HalfMalformedJUnit38TestMethod.testNothing",1,1,1,1
Public Method,"org.junit.tests.experimental.max.MaxStarterTest.HalfMalformedJUnit38TestMethod.testSomething",1,1,1,1
Private Constructor,"org.junit.tests.experimental.max.MaxStarterTest.MalformedJUnit38Test.MalformedJUnit38Test",1,1,1,1
Public Method,"org.junit.tests.experimental.max.MaxStarterTest.MalformedJUnit38Test.testSucceeds",1,1,1,1
Private Method,"org.junit.tests.experimental.max.MaxStarterTest.MalformedJUnit38TestMethod.testNothing",1,1,1,1
Public Method,"org.junit.tests.experimental.max.MaxStarterTest.TwoOldTests.testOne",1,1,1,1
Public Method,"org.junit.tests.experimental.max.MaxStarterTest.TwoOldTests.testTwo",1,1,1,1
Public Method,"org.junit.tests.experimental.max.MaxStarterTest.TwoTests.dontSucceed",1,1,1,1
Public Method,"org.junit.tests.experimental.max.MaxStarterTest.TwoTests.succeed",1,1,1,1
Public Method,"org.junit.tests.experimental.max.MaxStarterTest.TwoUnEqualTests.fast",1,1,1,1
Public Method,"org.junit.tests.experimental.max.MaxStarterTest.TwoUnEqualTests.slow",1,1,1,1
Private Method,"org.junit.tests.experimental.max.MaxStarterTest.assertFilterLeavesTestUnscathed",1,1,1,1
Public Method,"org.junit.tests.experimental.max.MaxStarterTest.assertFilterLeavesTestUnscathed.(Anon_2).describe",1,1,1,1
Public Method,"org.junit.tests.experimental.max.MaxStarterTest.assertFilterLeavesTestUnscathed.(Anon_2).shouldRun",1,1,1,1
Public Method,"org.junit.tests.experimental.max.MaxStarterTest.correctErrorFromHalfMalformedTest",1,1,1,1
Public Method,"org.junit.tests.experimental.max.MaxStarterTest.correctErrorFromMalformedTest",1,1,1,1
Public Method,"org.junit.tests.experimental.max.MaxStarterTest.createMax",1,2,2,2
Public Method,"org.junit.tests.experimental.max.MaxStarterTest.filterSingleMethodFromOldTestClass",1,1,1,1
Public Method,"org.junit.tests.experimental.max.MaxStarterTest.forgetMax",1,1,1,1
Public Method,"org.junit.tests.experimental.max.MaxStarterTest.halfMalformed",1,1,1,1
Public Method,"org.junit.tests.experimental.max.MaxStarterTest.junit3TestsAreRunOnce",1,1,1,1
Public Method,"org.junit.tests.experimental.max.MaxStarterTest.listenersAreCalledCorrectlyInTheFaceOfFailures",1,1,1,1
Public Method,"org.junit.tests.experimental.max.MaxStarterTest.listenersAreCalledCorrectlyInTheFaceOfFailures.(Anon_1).testRunFinished",1,1,1,1
Public Method,"org.junit.tests.experimental.max.MaxStarterTest.maxShouldSkipMalformedJUnit38Classes",1,1,1,1
Public Method,"org.junit.tests.experimental.max.MaxStarterTest.preferFast",1,1,1,1
Public Method,"org.junit.tests.experimental.max.MaxStarterTest.preferNewTests",1,1,1,1
Public Method,"org.junit.tests.experimental.max.MaxStarterTest.preferNewTestsOverTestsThatFailed",1,1,1,1
Public Method,"org.junit.tests.experimental.max.MaxStarterTest.preferRecentlyFailed",1,1,1,1
Public Method,"org.junit.tests.experimental.max.MaxStarterTest.rememberOldRuns",1,1,1,1
Public Method,"org.junit.tests.experimental.max.MaxStarterTest.sortTestsInMultipleClasses",1,1,1,1
Public Method,"org.junit.tests.experimental.max.MaxStarterTest.testCountsStandUpToFiltration",1,1,1,1
Public Method,"org.junit.tests.experimental.max.MaxStarterTest.testsAreOnlyIncludedOnceWhenExpandingForSorting",1,1,1,1
Public Method,"org.junit.tests.experimental.max.MaxStarterTest.twoTestsNotRunComeBackInRandomOrder",1,1,1,1
Public Method,"org.junit.tests.experimental.parallel.ParallelClassTest.Example1.one",1,1,1,1
Public Method,"org.junit.tests.experimental.parallel.ParallelClassTest.Example2.one",1,1,1,1
Private Method,"org.junit.tests.experimental.parallel.ParallelClassTest.greaterThan",1,1,1,1
Public Method,"org.junit.tests.experimental.parallel.ParallelClassTest.greaterThan.(Anon_1).describeTo",1,1,1,1
Public Method,"org.junit.tests.experimental.parallel.ParallelClassTest.greaterThan.(Anon_1).matchesSafely",1,1,1,1
Public Method,"org.junit.tests.experimental.parallel.ParallelClassTest.testsRunInParallel",1,1,1,1
Public Method,"org.junit.tests.experimental.parallel.ParallelMethodTest.Example.one",1,1,1,1
Public Method,"org.junit.tests.experimental.parallel.ParallelMethodTest.Example.two",1,1,1,1
Private Method,"org.junit.tests.experimental.parallel.ParallelMethodTest.betweenInclusive",1,1,1,1
Public Method,"org.junit.tests.experimental.parallel.ParallelMethodTest.betweenInclusive.(Anon_1).describeTo",1,1,1,1
Public Method,"org.junit.tests.experimental.parallel.ParallelMethodTest.betweenInclusive.(Anon_1).matchesSafely",1,1,1,2
Public Method,"org.junit.tests.experimental.parallel.ParallelMethodTest.testsRunInParallel",1,1,1,1
Public Method,"org.junit.tests.experimental.results.PrintableResultTest.backTraceHasGoodToString",1,1,1,1
Public Method,"org.junit.tests.experimental.results.PrintableResultTest.backTraceHasGoodToString.(Anon_1).getStackTrace",1,1,1,1
Public Method,"org.junit.tests.experimental.results.PrintableResultTest.includeMultipleFailures",1,1,1,1
Public Method,"org.junit.tests.experimental.results.ResultMatchersTest.hasFailuresDescriptionReflectsInput",1,1,1,1
Public Method,"org.junit.tests.experimental.results.ResultMatchersTest.hasFailuresHasGoodDescription",1,1,1,1
Public Method,"org.junit.tests.experimental.rules.BlockJUnit4ClassRunnerOverrideTest.FlipBitRule.apply",1,1,1,1
Public Method,"org.junit.tests.experimental.rules.BlockJUnit4ClassRunnerOverrideTest.FlipBitRule.apply.(Anon_1).evaluate",1,1,1,1
Public Constructor,"org.junit.tests.experimental.rules.BlockJUnit4ClassRunnerOverrideTest.OverrideRulesRunner.OverrideRulesRunner",1,1,1,1
Protected Method,"org.junit.tests.experimental.rules.BlockJUnit4ClassRunnerOverrideTest.OverrideRulesRunner.rules",1,1,1,1
Public Method,"org.junit.tests.experimental.rules.BlockJUnit4ClassRunnerOverrideTest.OverrideRulesTest.testFlipBit",1,1,1,1
Public Constructor,"org.junit.tests.experimental.rules.BlockJUnit4ClassRunnerOverrideTest.OverrideTestRulesRunner.OverrideTestRulesRunner",1,1,1,1
Protected Method,"org.junit.tests.experimental.rules.BlockJUnit4ClassRunnerOverrideTest.OverrideTestRulesRunner.getTestRules",1,1,1,1
Public Method,"org.junit.tests.experimental.rules.BlockJUnit4ClassRunnerOverrideTest.OverrideTestRulesRunner.getTestRules.(Anon_2).apply",1,1,1,1
Public Method,"org.junit.tests.experimental.rules.BlockJUnit4ClassRunnerOverrideTest.overrideRulesMethod",1,1,1,1
Public Method,"org.junit.tests.experimental.rules.BlockJUnit4ClassRunnerOverrideTest.overrideTestRulesMethod",1,1,1,1
Protected Method,"org.junit.tests.experimental.rules.ClassRulesTest.Counter.before",1,1,1,1
Public Method,"org.junit.tests.experimental.rules.ClassRulesTest.CustomCounter.apply",1,1,1,1
Public Method,"org.junit.tests.experimental.rules.ClassRulesTest.CustomCounter.apply.(Anon_1).evaluate",1,1,1,1
Public Method,"org.junit.tests.experimental.rules.ClassRulesTest.ExampleTestWithClassRule.firstTest",1,1,1,1
Public Method,"org.junit.tests.experimental.rules.ClassRulesTest.ExampleTestWithClassRule.secondTest",1,1,1,1
Public Method,"org.junit.tests.experimental.rules.ClassRulesTest.ExampleTestWithCustomClassRule.firstTest",1,1,1,1
Public Method,"org.junit.tests.experimental.rules.ClassRulesTest.ExampleTestWithCustomClassRule.secondTest",1,1,1,1
Public Method,"org.junit.tests.experimental.rules.ClassRulesTest.customRuleIsAppliedOnce",1,1,1,1
Public Method,"org.junit.tests.experimental.rules.ClassRulesTest.ruleIsAppliedOnce",1,1,1,1
Public Method,"org.junit.tests.experimental.rules.ClassRulesTest.ruleIsIntroducedAndEvaluatedOnSubclass",1,1,1,1
Public Method,"org.junit.tests.experimental.rules.ExpectedExceptionRuleTest.ExpectedMessageMatcherFails.throwsMore",1,1,1,1
Public Method,"org.junit.tests.experimental.rules.ExpectedExceptionRuleTest.ExpectsMatcher.throwsMore",1,1,1,1
Public Method,"org.junit.tests.experimental.rules.ExpectedExceptionRuleTest.ExpectsMessageMatcher.throwsMore",1,1,1,1
Public Method,"org.junit.tests.experimental.rules.ExpectedExceptionRuleTest.ExpectsMultipleMatchers.throwsMore",1,1,1,1
Public Method,"org.junit.tests.experimental.rules.ExpectedExceptionRuleTest.ExpectsSubstring.throwsMore",1,1,1,1
Public Method,"org.junit.tests.experimental.rules.ExpectedExceptionRuleTest.ExpectsSubstringNullMessage.throwsMore",1,1,1,1
Public Method,"org.junit.tests.experimental.rules.ExpectedExceptionRuleTest.HasExpectedException.throwsNothing",1,1,1,1
Public Method,"org.junit.tests.experimental.rules.ExpectedExceptionRuleTest.HasExpectedException.throwsNullPointerException",1,1,1,1
Public Method,"org.junit.tests.experimental.rules.ExpectedExceptionRuleTest.HasExpectedException.throwsNullPointerExceptionWithMessage",1,1,1,1
Public Method,"org.junit.tests.experimental.rules.ExpectedExceptionRuleTest.HasWrongExpectedException.throwsNullPointerException",1,1,1,1
Public Method,"org.junit.tests.experimental.rules.ExpectedExceptionRuleTest.HasWrongMessage.throwsNullPointerException",1,1,1,1
Public Method,"org.junit.tests.experimental.rules.ExpectedExceptionRuleTest.WronglyExpectsException.doesntThrowNullPointerException",1,1,1,1
Public Method,"org.junit.tests.experimental.rules.ExpectedExceptionRuleTest.WronglyExpectsExceptionMessage.doesntThrowAnything",1,1,1,1
Public Method,"org.junit.tests.experimental.rules.ExpectedExceptionRuleTest.expectedExceptionPasses",1,1,1,1
Public Method,"org.junit.tests.experimental.rules.ExpectedExceptionRuleTest.failsIfExceptionMessageNeverComes",1,1,1,1
Public Method,"org.junit.tests.experimental.rules.ExpectedExceptionRuleTest.failsIfExceptionNeverComes",1,1,1,1
Public Method,"org.junit.tests.experimental.rules.ExpectedExceptionRuleTest.failsWithMatcher",1,1,1,1
Public Method,"org.junit.tests.experimental.rules.ExpectedExceptionRuleTest.failsWithMultipleMatchers",1,1,1,1
Public Method,"org.junit.tests.experimental.rules.ExpectedExceptionRuleTest.failsWithNullExceptionMessage",1,1,1,1
Public Method,"org.junit.tests.experimental.rules.ExpectedExceptionRuleTest.passesWithSubstringMethod",1,1,1,1
Private Static Method,"org.junit.tests.experimental.rules.ExpectedExceptionRuleTest.startsWith",1,1,1,1
Public Method,"org.junit.tests.experimental.rules.ExpectedExceptionRuleTest.startsWith.(Anon_1).describeTo",1,1,1,1
Public Method,"org.junit.tests.experimental.rules.ExpectedExceptionRuleTest.startsWith.(Anon_1).matchesSafely",1,1,1,1
Public Method,"org.junit.tests.experimental.rules.ExpectedExceptionRuleTest.succeedsWithMatcher",1,1,1,1
Public Method,"org.junit.tests.experimental.rules.ExpectedExceptionRuleTest.succeedsWithMessageMatcher",1,1,1,1
Public Method,"org.junit.tests.experimental.rules.ExpectedExceptionRuleTest.unExpectedExceptionFails",1,1,1,1
Public Method,"org.junit.tests.experimental.rules.ExpectedExceptionRuleTest.wrongMessageFails",1,1,1,1
Protected Method,"org.junit.tests.experimental.rules.ExternalResourceRuleTest.UsesExternalResource.(Anon_1).after",1,1,1,1
Protected Method,"org.junit.tests.experimental.rules.ExternalResourceRuleTest.UsesExternalResource.(Anon_1).before",1,1,1,1
Public Method,"org.junit.tests.experimental.rules.ExternalResourceRuleTest.UsesExternalResource.testFoo",1,1,1,1
Public Method,"org.junit.tests.experimental.rules.ExternalResourceRuleTest.externalResourceGeneratesCorrectSequence",1,1,1,1
Public Method,"org.junit.tests.experimental.rules.MethodRulesTest.BeforesAndAfters.(Anon_6).finished",1,1,1,1
Public Method,"org.junit.tests.experimental.rules.MethodRulesTest.BeforesAndAfters.(Anon_6).starting",1,1,1,1
Public Method,"org.junit.tests.experimental.rules.MethodRulesTest.BeforesAndAfters.(Anon_6).succeeded",1,1,1,1
Public Method,"org.junit.tests.experimental.rules.MethodRulesTest.BeforesAndAfters.after",1,1,1,1
Public Method,"org.junit.tests.experimental.rules.MethodRulesTest.BeforesAndAfters.before",1,1,1,1
Public Method,"org.junit.tests.experimental.rules.MethodRulesTest.BeforesAndAfters.succeeds",1,1,1,1
Public Method,"org.junit.tests.experimental.rules.MethodRulesTest.CustomTestName.apply",1,1,1,1
Public Method,"org.junit.tests.experimental.rules.MethodRulesTest.CustomTestName.apply.(Anon_7).evaluate",1,1,1,1
Public Method,"org.junit.tests.experimental.rules.MethodRulesTest.ExampleTest.(Anon_1).apply",1,1,1,1
Public Method,"org.junit.tests.experimental.rules.MethodRulesTest.ExampleTest.(Anon_1).apply.(Anon_2).evaluate",1,1,1,1
Public Method,"org.junit.tests.experimental.rules.MethodRulesTest.ExampleTest.nothing",1,1,1,1
Public Method,"org.junit.tests.experimental.rules.MethodRulesTest.MultipleRuleTest.Increment.apply",1,1,1,1
Public Method,"org.junit.tests.experimental.rules.MethodRulesTest.MultipleRuleTest.Increment.apply.(Anon_3).evaluate",1,1,1,1
Public Method,"org.junit.tests.experimental.rules.MethodRulesTest.MultipleRuleTest.nothing",1,1,1,1
Public Method,"org.junit.tests.experimental.rules.MethodRulesTest.NoRulesTest.nothing",1,1,1,1
Public Method,"org.junit.tests.experimental.rules.MethodRulesTest.OnFailureTest.(Anon_4).failed",1,1,1,1
Public Method,"org.junit.tests.experimental.rules.MethodRulesTest.OnFailureTest.nothing",1,1,1,1
Public Method,"org.junit.tests.experimental.rules.MethodRulesTest.PrivateRule.foo",1,1,1,1
Public Method,"org.junit.tests.experimental.rules.MethodRulesTest.UsesCustomMethodRule.foo",1,1,1,1
Public Method,"org.junit.tests.experimental.rules.MethodRulesTest.WatchmanTest.(Anon_5).failed",1,1,1,1
Public Method,"org.junit.tests.experimental.rules.MethodRulesTest.WatchmanTest.(Anon_5).succeeded",1,1,1,1
Public Method,"org.junit.tests.experimental.rules.MethodRulesTest.WatchmanTest.fails",1,1,1,1
Public Method,"org.junit.tests.experimental.rules.MethodRulesTest.WatchmanTest.succeeds",1,1,1,1
Public Method,"org.junit.tests.experimental.rules.MethodRulesTest.WrongTypedField.foo",1,1,1,1
Public Method,"org.junit.tests.experimental.rules.MethodRulesTest.beforesAndAfters",1,1,1,1
Public Method,"org.junit.tests.experimental.rules.MethodRulesTest.ignoreNonRules",1,1,1,1
Public Method,"org.junit.tests.experimental.rules.MethodRulesTest.multipleRulesAreRun",1,1,1,1
Public Method,"org.junit.tests.experimental.rules.MethodRulesTest.onFailure",1,1,1,1
Public Method,"org.junit.tests.experimental.rules.MethodRulesTest.ruleIsIntroducedAndEvaluated",1,1,1,1
Public Method,"org.junit.tests.experimental.rules.MethodRulesTest.ruleIsIntroducedAndEvaluatedOnSubclass",1,1,1,1
Public Method,"org.junit.tests.experimental.rules.MethodRulesTest.succeeded",1,1,1,1
Public Method,"org.junit.tests.experimental.rules.MethodRulesTest.useCustomMethodRule",1,1,1,1
Public Method,"org.junit.tests.experimental.rules.MethodRulesTest.validatePrivateRule",1,1,1,1
Public Method,"org.junit.tests.experimental.rules.MethodRulesTest.validateWrongTypedField",1,1,1,1
Public Method,"org.junit.tests.experimental.rules.MethodRulesTest.validateWrongTypedFieldInSuperclass",1,1,1,1
Public Method,"org.junit.tests.experimental.rules.NameRulesTest.BeforeAndAfterTest.setUp",1,1,1,1
Public Method,"org.junit.tests.experimental.rules.NameRulesTest.BeforeAndAfterTest.tearDown",1,1,1,1
Public Method,"org.junit.tests.experimental.rules.NameRulesTest.BeforeAndAfterTest.x",1,1,1,1
Public Method,"org.junit.tests.experimental.rules.NameRulesTest.TestNames.testA",1,1,1,1
Public Method,"org.junit.tests.experimental.rules.NameRulesTest.TestNames.testB",1,1,1,1
Public Method,"org.junit.tests.experimental.rules.RuleFieldValidatorTest.TestWithMethodRule.(Anon_1).apply",1,1,1,1
Public Method,"org.junit.tests.experimental.rules.RuleFieldValidatorTest.acceptMethodRule",1,1,1,1
Public Method,"org.junit.tests.experimental.rules.RuleFieldValidatorTest.acceptNonStaticTestRule",1,1,1,1
Private Method,"org.junit.tests.experimental.rules.RuleFieldValidatorTest.assertNumberOfErrors",1,1,1,1
Private Method,"org.junit.tests.experimental.rules.RuleFieldValidatorTest.assertOneErrorWithMessage",1,1,1,1
Public Method,"org.junit.tests.experimental.rules.RuleFieldValidatorTest.rejectArbitraryObjectWithRuleAnnotation",1,1,1,1
Public Method,"org.junit.tests.experimental.rules.RuleFieldValidatorTest.rejectNonStaticClassRule",1,1,1,1
Public Method,"org.junit.tests.experimental.rules.RuleFieldValidatorTest.rejectProtectedClassRule",1,1,1,1
Public Method,"org.junit.tests.experimental.rules.TempFolderRuleTest.CreatesSubFolder.testUsingTempFolder",1,1,1,1
Public Method,"org.junit.tests.experimental.rules.TempFolderRuleTest.HasTempFolder.testUsingTempFolder",1,1,1,1
Public Method,"org.junit.tests.experimental.rules.TempFolderRuleTest.recursiveDeleteFolderWithOneElement",1,1,1,1
Public Method,"org.junit.tests.experimental.rules.TempFolderRuleTest.recursiveDeleteFolderWithZeroElements",1,1,1,1
Public Method,"org.junit.tests.experimental.rules.TempFolderRuleTest.subFolderIsDeleted",1,1,1,1
Public Method,"org.junit.tests.experimental.rules.TempFolderRuleTest.tempFolderIsDeleted",1,1,1,1
Protected Method,"org.junit.tests.experimental.rules.TestRuleTest.BeforesAndAfters.(Anon_6).finished",1,1,1,1
Protected Method,"org.junit.tests.experimental.rules.TestRuleTest.BeforesAndAfters.(Anon_6).starting",1,1,1,1
Protected Method,"org.junit.tests.experimental.rules.TestRuleTest.BeforesAndAfters.(Anon_6).succeeded",1,1,1,1
Public Method,"org.junit.tests.experimental.rules.TestRuleTest.BeforesAndAfters.after",1,1,1,1
Public Method,"org.junit.tests.experimental.rules.TestRuleTest.BeforesAndAfters.before",1,1,1,1
Public Method,"org.junit.tests.experimental.rules.TestRuleTest.BeforesAndAfters.succeeds",1,1,1,1
Public Method,"org.junit.tests.experimental.rules.TestRuleTest.BothKindsOfRule.apply",1,1,1,1
Public Method,"org.junit.tests.experimental.rules.TestRuleTest.BothKindsOfRule.apply",1,1,1,1
Public Method,"org.junit.tests.experimental.rules.TestRuleTest.CustomTestName.apply",1,1,1,1
Public Method,"org.junit.tests.experimental.rules.TestRuleTest.CustomTestName.apply.(Anon_7).evaluate",1,1,1,1
Public Method,"org.junit.tests.experimental.rules.TestRuleTest.ExampleTest.(Anon_1).apply",1,1,1,1
Public Method,"org.junit.tests.experimental.rules.TestRuleTest.ExampleTest.(Anon_1).apply.(Anon_2).evaluate",1,1,1,1
Public Method,"org.junit.tests.experimental.rules.TestRuleTest.ExampleTest.nothing",1,1,1,1
Public Method,"org.junit.tests.experimental.rules.TestRuleTest.MultipleRuleTest.Increment.apply",1,1,1,1
Public Method,"org.junit.tests.experimental.rules.TestRuleTest.MultipleRuleTest.Increment.apply.(Anon_3).evaluate",1,1,1,1
Public Method,"org.junit.tests.experimental.rules.TestRuleTest.MultipleRuleTest.nothing",1,1,1,1
Public Method,"org.junit.tests.experimental.rules.TestRuleTest.NoRulesTest.nothing",1,1,1,1
Protected Method,"org.junit.tests.experimental.rules.TestRuleTest.OnFailureTest.(Anon_4).failed",1,1,1,1
Public Method,"org.junit.tests.experimental.rules.TestRuleTest.OnFailureTest.nothing",1,1,1,1
Public Method,"org.junit.tests.experimental.rules.TestRuleTest.OneFieldTwoKindsOfRule.onlyOnce",1,1,1,1
Public Method,"org.junit.tests.experimental.rules.TestRuleTest.PrivateRule.foo",1,1,1,1
Public Method,"org.junit.tests.experimental.rules.TestRuleTest.UsesCustomMethodRule.foo",1,1,1,1
Protected Method,"org.junit.tests.experimental.rules.TestRuleTest.WatchmanTest.(Anon_5).failed",1,1,1,1
Protected Method,"org.junit.tests.experimental.rules.TestRuleTest.WatchmanTest.(Anon_5).succeeded",1,1,1,1
Public Method,"org.junit.tests.experimental.rules.TestRuleTest.WatchmanTest.fails",1,1,1,1
Public Method,"org.junit.tests.experimental.rules.TestRuleTest.WatchmanTest.succeeds",1,1,1,1
Public Method,"org.junit.tests.experimental.rules.TestRuleTest.WrongTypedField.foo",1,1,1,1
Public Method,"org.junit.tests.experimental.rules.TestRuleTest.beforesAndAfters",1,1,1,1
Public Method,"org.junit.tests.experimental.rules.TestRuleTest.ignoreNonRules",1,1,1,1
Public Method,"org.junit.tests.experimental.rules.TestRuleTest.multipleRulesAreRun",1,1,1,1
Public Method,"org.junit.tests.experimental.rules.TestRuleTest.onFailure",1,1,1,1
Public Method,"org.junit.tests.experimental.rules.TestRuleTest.onlyApplyOnceEvenIfImplementsBothInterfaces",1,1,1,1
Public Method,"org.junit.tests.experimental.rules.TestRuleTest.ruleIsIntroducedAndEvaluated",1,1,1,1
Public Method,"org.junit.tests.experimental.rules.TestRuleTest.ruleIsIntroducedAndEvaluatedOnSubclass",1,1,1,1
Public Method,"org.junit.tests.experimental.rules.TestRuleTest.succeeded",1,1,1,1
Public Method,"org.junit.tests.experimental.rules.TestRuleTest.useCustomMethodRule",1,1,1,1
Public Method,"org.junit.tests.experimental.rules.TestRuleTest.validatePrivateRule",1,1,1,1
Public Method,"org.junit.tests.experimental.rules.TestRuleTest.validateWrongTypedField",1,1,1,1
Public Method,"org.junit.tests.experimental.rules.TestRuleTest.validateWrongTypedFieldInSuperclass",1,1,1,1
Public Method,"org.junit.tests.experimental.rules.TimeoutRuleTest.HasGlobalTimeout.testInfiniteLoop1",1,2,2,2
Public Method,"org.junit.tests.experimental.rules.TimeoutRuleTest.HasGlobalTimeout.testInfiniteLoop2",1,2,2,2
Public Method,"org.junit.tests.experimental.rules.TimeoutRuleTest.globalTimeoutAvoidsInfiniteLoop",1,1,1,1
Public Method,"org.junit.tests.experimental.rules.VerifierRuleTest.UsesErrorCollector.example",1,1,1,1
Public Method,"org.junit.tests.experimental.rules.VerifierRuleTest.UsesErrorCollectorCheckSucceeds.example",1,1,1,1
Public Method,"org.junit.tests.experimental.rules.VerifierRuleTest.UsesErrorCollectorCheckSucceeds.example.(Anon_1).call",1,1,1,1
Public Method,"org.junit.tests.experimental.rules.VerifierRuleTest.UsesErrorCollectorCheckSucceeds.example.(Anon_2).call",1,1,1,1
Public Method,"org.junit.tests.experimental.rules.VerifierRuleTest.UsesErrorCollectorCheckSucceedsPasses.example",1,1,1,1
Public Method,"org.junit.tests.experimental.rules.VerifierRuleTest.UsesErrorCollectorCheckSucceedsPasses.example.(Anon_3).call",1,1,1,1
Public Method,"org.junit.tests.experimental.rules.VerifierRuleTest.UsesErrorCollectorCheckThat.example",1,1,1,1
Public Method,"org.junit.tests.experimental.rules.VerifierRuleTest.UsesErrorCollectorTwice.example",1,1,1,1
Protected Method,"org.junit.tests.experimental.rules.VerifierRuleTest.UsesVerifier.(Anon_4).verify",1,1,1,1
Public Method,"org.junit.tests.experimental.rules.VerifierRuleTest.UsesVerifier.example",1,1,1,1
Public Method,"org.junit.tests.experimental.rules.VerifierRuleTest.usedErrorCollectorCheckSucceedsShouldFail",1,1,1,1
Public Method,"org.junit.tests.experimental.rules.VerifierRuleTest.usedErrorCollectorCheckSucceedsShouldPass",1,1,1,1
Public Method,"org.junit.tests.experimental.rules.VerifierRuleTest.usedErrorCollectorCheckThatShouldFail",1,1,1,1
Public Method,"org.junit.tests.experimental.rules.VerifierRuleTest.usedErrorCollectorShouldFail",1,1,1,1
Public Method,"org.junit.tests.experimental.rules.VerifierRuleTest.usedErrorCollectorTwiceShouldFail",1,1,1,1
Public Method,"org.junit.tests.experimental.rules.VerifierRuleTest.verifierRunsAfterTest",1,1,1,1
Public Constructor,"org.junit.tests.experimental.theories.AllMembersSupplierTest.HasDataPoints.HasDataPoints",1,1,1,1
Public Method,"org.junit.tests.experimental.theories.AllMembersSupplierTest.dataPointsAnnotationMeansTreatAsArrayOnly",1,1,1,1
Public Method,"org.junit.tests.experimental.theories.ParameterSignatureTest.foo",1,1,1,1
Public Method,"org.junit.tests.experimental.theories.ParameterSignatureTest.getAnnotations",1,1,1,1
Public Static Method,"org.junit.tests.experimental.theories.ParameterSignatureTest.getType",1,1,1,1
Public Method,"org.junit.tests.experimental.theories.ParameterSignatureTest.getType",1,1,1,1
Public Method,"org.junit.tests.experimental.theories.ParameterizedAssertionErrorTest.buildParameterizedAssertionError",1,1,1,1
Public Method,"org.junit.tests.experimental.theories.ParameterizedAssertionErrorTest.canJoinWhenToStringFails",1,1,1,1
Public Method,"org.junit.tests.experimental.theories.ParameterizedAssertionErrorTest.canJoinWhenToStringFails.(Anon_1).toString",1,1,1,1
Public Method,"org.junit.tests.experimental.theories.ParameterizedAssertionErrorTest.differentParameterizedAssertionErrorsHaveDifferentToStrings",1,1,1,1
Public Method,"org.junit.tests.experimental.theories.ParameterizedAssertionErrorTest.equalParameterizedAssertionErrorsHaveSameToString",1,1,1,1
Public Method,"org.junit.tests.experimental.theories.ParameterizedAssertionErrorTest.equalsReturnsTrue",1,1,1,1
Abstract Method,"org.junit.tests.experimental.theories.extendingwithstubs.Correspondent.getAnswer",1,1,1,1
Public Constructor,"org.junit.tests.experimental.theories.extendingwithstubs.Guesser.GuessMap.GuessMap",1,1,1,1
Public Constructor,"org.junit.tests.experimental.theories.extendingwithstubs.Guesser.GuessMap.GuessMap",1,1,1,1
Protected Method,"org.junit.tests.experimental.theories.extendingwithstubs.Guesser.GuessMap.generateGuess",3,3,3,4
Method,"org.junit.tests.experimental.theories.extendingwithstubs.Guesser.GuessMap.getGuess",1,2,2,2
Public Method,"org.junit.tests.experimental.theories.extendingwithstubs.Guesser.GuessMap.invoke",1,1,1,1
Method,"org.junit.tests.experimental.theories.extendingwithstubs.Guesser.GuessMap.replaceGuess",1,3,3,3
Public Constructor,"org.junit.tests.experimental.theories.extendingwithstubs.Guesser.Guesser",1,1,1,1
Public Constructor,"org.junit.tests.experimental.theories.extendingwithstubs.Guesser.Guesser",1,1,1,1
Public Method,"org.junit.tests.experimental.theories.extendingwithstubs.Guesser.getDescription",1,1,1,1
Public Method,"org.junit.tests.experimental.theories.extendingwithstubs.Guesser.getProxy",1,1,1,1
Public Method,"org.junit.tests.experimental.theories.extendingwithstubs.Guesser.getType",1,1,1,1
Public Method,"org.junit.tests.experimental.theories.extendingwithstubs.Guesser.getValue",1,1,1,1
Public Method,"org.junit.tests.experimental.theories.extendingwithstubs.Guesser.reguesses",1,1,1,1
Protected Method,"org.junit.tests.experimental.theories.extendingwithstubs.Guesser.reguesses.(Anon_1).append",1,1,1,1
Public Method,"org.junit.tests.experimental.theories.extendingwithstubs.Guesser.reguesses.(Anon_1).appendValue",1,1,1,1
Private Method,"org.junit.tests.experimental.theories.extendingwithstubs.Guesser.reguesses.(Anon_1).noteValue",1,2,2,2
Public Constructor,"org.junit.tests.experimental.theories.extendingwithstubs.GuesserQueue.ReguessableDecorator.ReguessableDecorator",1,1,1,1
Public Method,"org.junit.tests.experimental.theories.extendingwithstubs.GuesserQueue.ReguessableDecorator.getDescription",1,1,1,1
Public Method,"org.junit.tests.experimental.theories.extendingwithstubs.GuesserQueue.ReguessableDecorator.getValue",1,1,1,1
Public Method,"org.junit.tests.experimental.theories.extendingwithstubs.GuesserQueue.ReguessableDecorator.reguesses",1,1,1,1
Static Method,"org.junit.tests.experimental.theories.extendingwithstubs.GuesserQueue.forSingleValues",1,2,2,2
Public Method,"org.junit.tests.experimental.theories.extendingwithstubs.GuesserQueue.remove",1,1,1,1
Public Method,"org.junit.tests.experimental.theories.extendingwithstubs.GuesserQueue.update",1,2,2,2
Public Constructor,"org.junit.tests.experimental.theories.extendingwithstubs.MethodCall.MethodCall",1,1,1,1
Private Method,"org.junit.tests.experimental.theories.extendingwithstubs.MethodCall.argList",1,2,2,2
Private Method,"org.junit.tests.experimental.theories.extendingwithstubs.MethodCall.argListString",1,2,2,2
Public Method,"org.junit.tests.experimental.theories.extendingwithstubs.MethodCall.equals",1,1,1,2
Public Method,"org.junit.tests.experimental.theories.extendingwithstubs.MethodCall.getReturnType",1,1,1,1
Public Method,"org.junit.tests.experimental.theories.extendingwithstubs.MethodCall.hashCode",1,1,1,1
Public Method,"org.junit.tests.experimental.theories.extendingwithstubs.MethodCall.stringableObject",1,1,1,1
Public Method,"org.junit.tests.experimental.theories.extendingwithstubs.MethodCall.toString",1,1,1,1
Public Constructor,"org.junit.tests.experimental.theories.extendingwithstubs.ReguessableValue.ReguessableValue",1,1,1,1
Public Abstract Method,"org.junit.tests.experimental.theories.extendingwithstubs.ReguessableValue.reguesses",1,1,1,1
Public Constructor,"org.junit.tests.experimental.theories.extendingwithstubs.StringableObject.StringableObject",1,1,1,1
Private Method,"org.junit.tests.experimental.theories.extendingwithstubs.StringableObject.isListableArray",1,1,1,2
Public Method,"org.junit.tests.experimental.theories.extendingwithstubs.StringableObject.stringableObject",1,2,2,2
Public Method,"org.junit.tests.experimental.theories.extendingwithstubs.StringableObject.toString",1,1,1,1
Public Constructor,"org.junit.tests.experimental.theories.extendingwithstubs.StubbedTheories.StubbedTheories",1,1,1,1
Public Constructor,"org.junit.tests.experimental.theories.extendingwithstubs.StubbedTheories.StubbedTheoryAnchor.StubbedTheoryAnchor",1,1,1,1
Private Method,"org.junit.tests.experimental.theories.extendingwithstubs.StubbedTheories.StubbedTheoryAnchor.createGuesserQueue",1,2,2,2
Protected Method,"org.junit.tests.experimental.theories.extendingwithstubs.StubbedTheories.StubbedTheoryAnchor.handleAssumptionViolation",1,2,2,2
Protected Method,"org.junit.tests.experimental.theories.extendingwithstubs.StubbedTheories.StubbedTheoryAnchor.runWithIncompleteAssignment",1,2,2,2
Public Method,"org.junit.tests.experimental.theories.extendingwithstubs.StubbedTheories.methodBlock",1,1,1,1
Public Method,"org.junit.tests.experimental.theories.extendingwithstubs.StubbedTheoriesTest.ask",1,1,1,1
Public Static Method,"org.junit.tests.experimental.theories.runner.SuccessfulWithDataPointFields.BeforeAndAfterEachTime.calledTwice",1,1,1,1
Public Method,"org.junit.tests.experimental.theories.runner.SuccessfulWithDataPointFields.BeforeAndAfterEachTime.incrementBefore",1,1,1,1
Public Static Method,"org.junit.tests.experimental.theories.runner.SuccessfulWithDataPointFields.BeforeAndAfterEachTime.resetCalls",1,1,1,1
Public Method,"org.junit.tests.experimental.theories.runner.SuccessfulWithDataPointFields.BeforeAndAfterEachTime.stringsAreOK",1,1,1,1
Public Method,"org.junit.tests.experimental.theories.runner.SuccessfulWithDataPointFields.BeforeAndAfterOnSameInstance.incrementBefore",1,1,1,1
Public Method,"org.junit.tests.experimental.theories.runner.SuccessfulWithDataPointFields.BeforeAndAfterOnSameInstance.stringsAreOK",1,1,1,1
Public Constructor,"org.junit.tests.experimental.theories.runner.SuccessfulWithDataPointFields.DifferentTypesInConstructor.DifferentTypesInConstructor",1,1,1,1
Public Method,"org.junit.tests.experimental.theories.runner.SuccessfulWithDataPointFields.DifferentTypesInConstructor.yesIndeed",1,1,1,1
Public Method,"org.junit.tests.experimental.theories.runner.SuccessfulWithDataPointFields.HasATwoParameterTheory.allIntsAreEqual",1,1,1,1
Public Method,"org.junit.tests.experimental.theories.runner.SuccessfulWithDataPointFields.NewObjectEachTime.addToEmptyList",1,1,1,1
Public Static Method,"org.junit.tests.experimental.theories.runner.SuccessfulWithDataPointFields.OneTestTwoAnnotations.calledTwice",1,1,1,1
Public Static Method,"org.junit.tests.experimental.theories.runner.SuccessfulWithDataPointFields.OneTestTwoAnnotations.resetCalls",1,1,1,1
Public Method,"org.junit.tests.experimental.theories.runner.SuccessfulWithDataPointFields.OneTestTwoAnnotations.stringsAreOK",1,1,1,1
Public Constructor,"org.junit.tests.experimental.theories.runner.SuccessfulWithDataPointFields.PositiveInts.PositiveInts",1,1,1,1
Public Method,"org.junit.tests.experimental.theories.runner.SuccessfulWithDataPointFields.PositiveInts.haveAPostiveSquare",1,1,1,1
Public Constructor,"org.junit.tests.experimental.theories.runner.SuccessfulWithDataPointFields.PositiveIntsWithMethodParams.PositiveIntsWithMethodParams",1,1,1,1
Public Method,"org.junit.tests.experimental.theories.runner.SuccessfulWithDataPointFields.PositiveIntsWithMethodParams.haveAPostiveSquare",1,1,1,1
Public Constructor,"org.junit.tests.experimental.theories.runner.SuccessfulWithDataPointFields.PositiveIntsWithNegativeField.PositiveIntsWithNegativeField",1,1,1,1
Public Method,"org.junit.tests.experimental.theories.runner.SuccessfulWithDataPointFields.PositiveIntsWithNegativeField.haveAPostiveSquare",1,1,1,1
Public Method,"org.junit.tests.experimental.theories.runner.SuccessfulWithDataPointFields.StaticPublicNonDataPoints.onlyAnnotatedFields",1,1,1,1
Public Method,"org.junit.tests.experimental.theories.runner.TheoriesPerformanceTest.UpToTen.threeInts",1,1,1,1
Public Method,"org.junit.tests.experimental.theories.runner.TheoriesPerformanceTest.tryCombinationsQuickly",1,1,1,1
Public Method,"org.junit.tests.experimental.theories.runner.UnsuccessfulWithDataPointFields.DataPointsMustBeStatic.numbers",1,1,1,1
Public Method,"org.junit.tests.experimental.theories.runner.UnsuccessfulWithDataPointFields.DoesntUseParams.everythingIsZero",1,1,1,1
Public Method,"org.junit.tests.experimental.theories.runner.UnsuccessfulWithDataPointFields.HasATheory.everythingIsZero",1,1,1,1
Public Method,"org.junit.tests.experimental.theories.runner.UnsuccessfulWithDataPointFields.NullsOK.everythingIsA",1,1,1,1
Method,"org.junit.tests.experimental.theories.runner.UnsuccessfulWithDataPointFields.TheoriesMustBePublic.numbers",1,1,1,1
Public Method,"org.junit.tests.experimental.theories.runner.UnsuccessfulWithDataPointFields.canRunTheories",1,1,1,1
Public Method,"org.junit.tests.experimental.theories.runner.UnsuccessfulWithDataPointFields.dataPointsMustBeStatic",1,1,1,1
Public Method,"org.junit.tests.experimental.theories.runner.UnsuccessfulWithDataPointFields.nullsUsedUnlessProhibited",1,1,1,1
Public Method,"org.junit.tests.experimental.theories.runner.UnsuccessfulWithDataPointFields.reportBadParams",1,1,1,1
Public Method,"org.junit.tests.experimental.theories.runner.UnsuccessfulWithDataPointFields.theoriesMustBePublic",1,1,1,1
Public Method,"org.junit.tests.experimental.theories.runner.UnsuccessfulWithDataPointFields.theoryAnnotationsAreRetained",1,1,1,1
Public Method,"org.junit.tests.experimental.theories.runner.UnsuccessfulWithDataPointFields.theoryClassMethodsShowUp",1,1,1,1
Public Method,"org.junit.tests.experimental.theories.runner.WhenNoParametersMatch.AssumptionsFail.nonZeroIntsAreFun",1,1,1,1
Public Method,"org.junit.tests.experimental.theories.runner.WhenNoParametersMatch.showFailedAssumptionsWhenNoParametersFound",1,1,1,1
Public Static Method,"org.junit.tests.experimental.theories.runner.WithDataPointMethod.DataPointMethodReturnsMutableObject.empty",1,1,1,1
Public Method,"org.junit.tests.experimental.theories.runner.WithDataPointMethod.DataPointMethodReturnsMutableObject.everythingsEmpty",1,1,1,1
Public Method,"org.junit.tests.experimental.theories.runner.WithDataPointMethod.HasDataPointMethod.allIntsOk",1,1,1,1
Public Static Method,"org.junit.tests.experimental.theories.runner.WithDataPointMethod.HasDataPointMethod.oneHundred",1,1,1,1
Public Method,"org.junit.tests.experimental.theories.runner.WithDataPointMethod.HasDateMethod.allIntsOk",1,1,1,1
Public Method,"org.junit.tests.experimental.theories.runner.WithDataPointMethod.HasDateMethod.notADataPoint",1,1,1,1
Public Method,"org.junit.tests.experimental.theories.runner.WithDataPointMethod.HasDateMethod.oneHundred",1,1,1,1
Public Method,"org.junit.tests.experimental.theories.runner.WithDataPointMethod.HasDateMethod.onlyDatesOk",1,1,1,1
Public Method,"org.junit.tests.experimental.theories.runner.WithDataPointMethod.HasDateMethod.onlyStringsOk",1,1,1,1
Public Method,"org.junit.tests.experimental.theories.runner.WithDataPointMethod.HasUglyDataPointMethod.allIntsOk",1,1,1,1
Public Static Method,"org.junit.tests.experimental.theories.runner.WithDataPointMethod.HasUglyDataPointMethod.oneHundred",1,1,1,1
Public Static Method,"org.junit.tests.experimental.theories.runner.WithDataPointMethod.HasUglyDataPointMethod.oneUglyHundred",1,1,1,1
Private Method,"org.junit.tests.experimental.theories.runner.WithDataPointMethod.empty",1,1,1,1
Private Method,"org.junit.tests.experimental.theories.runner.WithDataPointMethod.failures",1,1,1,1
Public Method,"org.junit.tests.experimental.theories.runner.WithDataPointMethod.ignoreDataPointMethodsWithWrongTypes",1,1,1,1
Public Method,"org.junit.tests.experimental.theories.runner.WithDataPointMethod.ignoreDataPointMethodsWithoutAnnotation",1,1,1,1
Public Method,"org.junit.tests.experimental.theories.runner.WithDataPointMethod.ignoreExceptionsFromDataPointMethods",1,1,1,1
Public Method,"org.junit.tests.experimental.theories.runner.WithDataPointMethod.mutableObjectsAreCreatedAfresh",1,1,1,1
Public Method,"org.junit.tests.experimental.theories.runner.WithDataPointMethod.pickUpDataPointMethods",1,1,1,1
Private Method,"org.junit.tests.experimental.theories.runner.WithDataPointMethod.potentialValues",1,1,1,1
Public Static Method,"org.junit.tests.experimental.theories.runner.WithExtendedParameterSources.DataPointArrayMethod.STRINGS",1,1,1,1
Public Method,"org.junit.tests.experimental.theories.runner.WithExtendedParameterSources.DataPointArrayMethod.addToLog",1,1,1,1
Public Method,"org.junit.tests.experimental.theories.runner.WithExtendedParameterSources.DataPointArrayToBeUsedForWholeParameter.addToLog",1,1,1,1
Public Method,"org.junit.tests.experimental.theories.runner.WithExtendedParameterSources.DataPointArrays.addToLog",1,1,1,1
Public Static Method,"org.junit.tests.experimental.theories.runner.WithExtendedParameterSources.DataPointMalformedArrayMethods.INTS",1,1,1,1
Public Static Method,"org.junit.tests.experimental.theories.runner.WithExtendedParameterSources.DataPointMalformedArrayMethods.STRING",1,1,1,1
Public Static Method,"org.junit.tests.experimental.theories.runner.WithExtendedParameterSources.DataPointMalformedArrayMethods.STRINGS",1,1,1,1
Public Method,"org.junit.tests.experimental.theories.runner.WithExtendedParameterSources.DataPointMalformedArrayMethods.addToLog",1,1,1,1
Public Method,"org.junit.tests.experimental.theories.runner.WithExtendedParameterSources.ParameterAnnotations.everythingIsOne",1,1,1,1
Public Method,"org.junit.tests.experimental.theories.runner.WithExtendedParameterSources.ShouldFilterNull.allStringsAreNonNull",1,1,1,1
Public Method,"org.junit.tests.experimental.theories.runner.WithExtendedParameterSources.dataPointCanBeArray",1,1,1,1
Public Method,"org.junit.tests.experimental.theories.runner.WithExtendedParameterSources.getDataPointsFromArray",1,1,1,1
Public Method,"org.junit.tests.experimental.theories.runner.WithExtendedParameterSources.getDataPointsFromArrayMethod",1,1,1,1
Public Method,"org.junit.tests.experimental.theories.runner.WithExtendedParameterSources.getDataPointsFromArrayMethodInSpiteOfMalformedness",1,1,1,1
Public Method,"org.junit.tests.experimental.theories.runner.WithExtendedParameterSources.shouldFilterNull",1,1,1,1
Public Method,"org.junit.tests.experimental.theories.runner.WithExtendedParameterSources.testedOnLimitsParameters",1,1,1,1
Public Method,"org.junit.tests.experimental.theories.runner.WithOnlyTestAnnotations.ErrorWhenTestHasParametersDespiteTheories.testMethod",1,1,1,1
Public Method,"org.junit.tests.experimental.theories.runner.WithOnlyTestAnnotations.HonorExpectedException.shouldThrow",1,1,1,1
Public Method,"org.junit.tests.experimental.theories.runner.WithOnlyTestAnnotations.HonorExpectedExceptionPasses.shouldThrow",1,1,1,1
Public Method,"org.junit.tests.experimental.theories.runner.WithOnlyTestAnnotations.HonorTimeout.shouldStop",1,3,3,3
Public Method,"org.junit.tests.experimental.theories.runner.WithOnlyTestAnnotations.honorExpected",1,1,1,1
Public Method,"org.junit.tests.experimental.theories.runner.WithOnlyTestAnnotations.honorExpectedPassing",1,1,1,1
Public Method,"org.junit.tests.experimental.theories.runner.WithOnlyTestAnnotations.honorTimeout",1,1,1,1
Public Method,"org.junit.tests.experimental.theories.runner.WithOnlyTestAnnotations.testErrorWhenTestHasParametersDespiteTheories",1,1,1,1
Public Static Method,"org.junit.tests.junit3compatibility.AllTestsTest.All.suite",1,1,1,1
Public Static Method,"org.junit.tests.junit3compatibility.AllTestsTest.AllJUnit4.suite",1,1,1,1
Public Static Method,"org.junit.tests.junit3compatibility.AllTestsTest.BadSuiteMethod.suite",1,1,1,1
Public Method,"org.junit.tests.junit3compatibility.AllTestsTest.JUnit4Test.testSomething",1,1,1,1
Public Method,"org.junit.tests.junit3compatibility.AllTestsTest.OneTest.testSomething",1,1,1,1
Public Method,"org.junit.tests.junit3compatibility.AllTestsTest.correctTestCount",1,1,1,1
Public Method,"org.junit.tests.junit3compatibility.AllTestsTest.correctTestCountAdapted",1,1,1,1
Public Method,"org.junit.tests.junit3compatibility.AllTestsTest.ensureTestIsRun",1,1,1,1
Public Method,"org.junit.tests.junit3compatibility.AllTestsTest.exceptionThrownWhenSuiteIsBad",1,1,1,1
Public Method,"org.junit.tests.junit3compatibility.AllTestsTest.someUsefulDescription",1,1,1,1
Static Method,"org.junit.tests.junit3compatibility.ClassRequestTest.PrivateSuiteMethod.suite",1,1,1,1
Public Method,"org.junit.tests.junit3compatibility.ClassRequestTest.noSuiteMethodIfMethodPrivate",1,1,1,1
Public Method,"org.junit.tests.junit3compatibility.ForwardCompatibilityPrintingTest.ATest.error",1,1,1,1
Constructor,"org.junit.tests.junit3compatibility.ForwardCompatibilityPrintingTest.TestResultPrinter.TestResultPrinter",1,1,1,1
Protected Method,"org.junit.tests.junit3compatibility.ForwardCompatibilityPrintingTest.TestResultPrinter.elapsedTimeAsString",1,1,1,1
Private Method,"org.junit.tests.junit3compatibility.ForwardCompatibilityPrintingTest.expected",1,2,2,2
Public Method,"org.junit.tests.junit3compatibility.ForwardCompatibilityPrintingTest.testError",1,1,1,1
Public Method,"org.junit.tests.junit3compatibility.ForwardCompatibilityPrintingTest.testError.(Anon_1).printErrors",1,1,1,1
Public Method,"org.junit.tests.junit3compatibility.ForwardCompatibilityPrintingTest.testError.(Anon_2).runTest",1,1,1,1
Public Method,"org.junit.tests.junit3compatibility.ForwardCompatibilityPrintingTest.testErrorAdapted",1,1,1,1
Public Method,"org.junit.tests.junit3compatibility.ForwardCompatibilityPrintingTest.testErrorAdapted.(Anon_3).printErrors",1,1,1,1
Public Method,"org.junit.tests.junit3compatibility.ForwardCompatibilityTest.BeforeClassTest.after",1,1,1,1
Public Static Method,"org.junit.tests.junit3compatibility.ForwardCompatibilityTest.BeforeClassTest.afterClass",1,1,1,1
Public Method,"org.junit.tests.junit3compatibility.ForwardCompatibilityTest.BeforeClassTest.before",1,1,1,1
Public Static Method,"org.junit.tests.junit3compatibility.ForwardCompatibilityTest.BeforeClassTest.beforeClass",1,1,1,1
Public Method,"org.junit.tests.junit3compatibility.ForwardCompatibilityTest.BeforeClassTest.one",1,1,1,1
Public Method,"org.junit.tests.junit3compatibility.ForwardCompatibilityTest.BeforeClassTest.two",1,1,1,1
Public Method,"org.junit.tests.junit3compatibility.ForwardCompatibilityTest.ErrorTest.error",1,1,1,1
Public Method,"org.junit.tests.junit3compatibility.ForwardCompatibilityTest.ExceptionInBeforeTest.error",1,1,1,1
Public Method,"org.junit.tests.junit3compatibility.ForwardCompatibilityTest.ExceptionInBeforeTest.nothing",1,1,1,1
Public Method,"org.junit.tests.junit3compatibility.ForwardCompatibilityTest.ExpectedTest.expected",1,1,1,1
Public Method,"org.junit.tests.junit3compatibility.ForwardCompatibilityTest.InvalidMethodTest.aTest",1,1,1,1
Public Method,"org.junit.tests.junit3compatibility.ForwardCompatibilityTest.InvalidMethodTest.shouldBeStatic",1,1,1,1
Public Constructor,"org.junit.tests.junit3compatibility.ForwardCompatibilityTest.MarkerRunner.MarkerRunner",1,1,1,1
Public Method,"org.junit.tests.junit3compatibility.ForwardCompatibilityTest.MarkerRunner.getDescription",1,1,1,1
Public Method,"org.junit.tests.junit3compatibility.ForwardCompatibilityTest.MarkerRunner.run",1,1,1,1
Public Method,"org.junit.tests.junit3compatibility.ForwardCompatibilityTest.MarkerRunner.testCount",1,1,1,1
Public Method,"org.junit.tests.junit3compatibility.ForwardCompatibilityTest.NewTest.after",1,1,1,1
Public Method,"org.junit.tests.junit3compatibility.ForwardCompatibilityTest.NewTest.before",1,1,1,1
Public Method,"org.junit.tests.junit3compatibility.ForwardCompatibilityTest.NewTest.test",1,1,1,1
Public Method,"org.junit.tests.junit3compatibility.ForwardCompatibilityTest.NoExceptionTest.succeed",1,1,1,1
Public Method,"org.junit.tests.junit3compatibility.ForwardCompatibilityTest.UnExpectedExceptionTest.expected",1,1,1,1
Public Method,"org.junit.tests.junit3compatibility.ForwardCompatibilityTest.testBeforeAndAfterClass",1,1,1,1
Public Method,"org.junit.tests.junit3compatibility.ForwardCompatibilityTest.testCompatibility",1,1,1,1
Public Method,"org.junit.tests.junit3compatibility.ForwardCompatibilityTest.testException",1,1,1,1
Public Method,"org.junit.tests.junit3compatibility.ForwardCompatibilityTest.testExceptionInBefore",1,1,1,1
Public Method,"org.junit.tests.junit3compatibility.ForwardCompatibilityTest.testExpected",1,1,1,1
Public Method,"org.junit.tests.junit3compatibility.ForwardCompatibilityTest.testInvalidMethod",1,1,1,1
Public Method,"org.junit.tests.junit3compatibility.ForwardCompatibilityTest.testNoException",1,1,1,1
Public Method,"org.junit.tests.junit3compatibility.ForwardCompatibilityTest.testNotifyResult",1,1,1,1
Public Method,"org.junit.tests.junit3compatibility.ForwardCompatibilityTest.testNotifyResult.(Anon_1).addError",1,1,1,1
Public Method,"org.junit.tests.junit3compatibility.ForwardCompatibilityTest.testNotifyResult.(Anon_1).addFailure",1,1,1,1
Public Method,"org.junit.tests.junit3compatibility.ForwardCompatibilityTest.testNotifyResult.(Anon_1).endTest",1,1,1,1
Public Method,"org.junit.tests.junit3compatibility.ForwardCompatibilityTest.testNotifyResult.(Anon_1).startTest",1,1,1,1
Public Method,"org.junit.tests.junit3compatibility.ForwardCompatibilityTest.testRunWithClass",1,1,1,1
Public Method,"org.junit.tests.junit3compatibility.ForwardCompatibilityTest.testToString",1,1,1,1
Public Method,"org.junit.tests.junit3compatibility.ForwardCompatibilityTest.testToStringSuite",1,1,1,1
Public Method,"org.junit.tests.junit3compatibility.ForwardCompatibilityTest.testUseGlobalCache",1,1,1,1
Public Constructor,"org.junit.tests.junit3compatibility.InitializationErrorForwardCompatibilityTest.CantInitialize.CantInitialize",1,1,1,1
Public Method,"org.junit.tests.junit3compatibility.InitializationErrorForwardCompatibilityTest.CantInitialize.getDescription",1,1,1,1
Public Method,"org.junit.tests.junit3compatibility.InitializationErrorForwardCompatibilityTest.CantInitialize.run",1,1,1,1
Public Method,"org.junit.tests.junit3compatibility.InitializationErrorForwardCompatibilityTest.ErrorRememberingListener.addError",1,1,1,1
Public Method,"org.junit.tests.junit3compatibility.InitializationErrorForwardCompatibilityTest.ErrorRememberingListener.addFailure",1,1,1,1
Public Method,"org.junit.tests.junit3compatibility.InitializationErrorForwardCompatibilityTest.ErrorRememberingListener.endTest",1,1,1,1
Public Method,"org.junit.tests.junit3compatibility.InitializationErrorForwardCompatibilityTest.ErrorRememberingListener.getError",1,1,1,1
Public Method,"org.junit.tests.junit3compatibility.InitializationErrorForwardCompatibilityTest.ErrorRememberingListener.startTest",1,1,1,1
Public Constructor,"org.junit.tests.junit3compatibility.InitializationErrorForwardCompatibilityTest.InitializesWithError.InitializesWithError",1,1,1,1
Public Method,"org.junit.tests.junit3compatibility.InitializationErrorForwardCompatibilityTest.createAdapter",1,1,1,1
Public Method,"org.junit.tests.junit3compatibility.InitializationErrorForwardCompatibilityTest.generatedErrorTestsMatchUp",1,1,1,1
Public Method,"org.junit.tests.junit3compatibility.InitializationErrorForwardCompatibilityTest.initializationErrorsAreThrownAtRuntime",1,1,1,1
Public Method,"org.junit.tests.junit3compatibility.InitializationErrorForwardCompatibilityTest.initializationErrorsShowUpAsWarnings",1,1,1,1
Public Method,"org.junit.tests.junit3compatibility.JUnit38ClassRunnerTest.AnnotatedTest.foo",1,1,1,1
Private Method,"org.junit.tests.junit3compatibility.JUnit38ClassRunnerTest.ClassWithInvalidMethod.testInvalid",1,1,1,1
Public Method,"org.junit.tests.junit3compatibility.JUnit38ClassRunnerTest.MyTest.testA",1,1,1,1
Public Method,"org.junit.tests.junit3compatibility.JUnit38ClassRunnerTest.OneTest.testOne",1,1,1,1
Public Method,"org.junit.tests.junit3compatibility.JUnit38ClassRunnerTest.canUnadaptAnAdapter",1,1,1,1
Public Method,"org.junit.tests.junit3compatibility.JUnit38ClassRunnerTest.invalidTestMethodReportedCorrectly",1,1,1,1
Public Method,"org.junit.tests.junit3compatibility.JUnit38ClassRunnerTest.plansDecoratorCorrectly",1,1,1,1
Public Method,"org.junit.tests.junit3compatibility.JUnit38ClassRunnerTest.testListener",1,1,1,1
Public Method,"org.junit.tests.junit3compatibility.JUnit38ClassRunnerTest.testListener.(Anon_1).testStarted",1,1,1,1
Public Method,"org.junit.tests.junit3compatibility.OldTestClassAdaptingListenerTest.addFailureDelegatesToNotifier",1,1,1,1
Public Static Method,"org.junit.tests.junit3compatibility.OldTests.suite",1,1,1,1
Public Method,"org.junit.tests.junit3compatibility.SuiteMethodTest.CompatibilityTest.ignored",1,1,1,1
Public Static Method,"org.junit.tests.junit3compatibility.SuiteMethodTest.CompatibilityTest.suite",1,1,1,1
Public Method,"org.junit.tests.junit3compatibility.SuiteMethodTest.NewTest.sample",1,1,1,1
Public Static Method,"org.junit.tests.junit3compatibility.SuiteMethodTest.NewTest.suite",1,1,1,1
Public Method,"org.junit.tests.junit3compatibility.SuiteMethodTest.NewTestSuiteFails.sample",1,1,1,1
Public Static Method,"org.junit.tests.junit3compatibility.SuiteMethodTest.NewTestSuiteFails.suite",1,1,1,1
Public Method,"org.junit.tests.junit3compatibility.SuiteMethodTest.NewTestSuiteNotUsed.ignore",1,1,1,1
Public Method,"org.junit.tests.junit3compatibility.SuiteMethodTest.NewTestSuiteNotUsed.sample",1,1,1,1
Public Static Method,"org.junit.tests.junit3compatibility.SuiteMethodTest.NewTestSuiteNotUsed.suite",1,1,1,1
Public Constructor,"org.junit.tests.junit3compatibility.SuiteMethodTest.OldTest.OldTest",1,1,1,1
Public Method,"org.junit.tests.junit3compatibility.SuiteMethodTest.OldTest.notObviouslyATest",1,1,1,1
Public Static Method,"org.junit.tests.junit3compatibility.SuiteMethodTest.OldTest.suite",1,1,1,1
Public Method,"org.junit.tests.junit3compatibility.SuiteMethodTest.descriptionAndRunNotificationsAreConsistent",1,1,1,1
Public Method,"org.junit.tests.junit3compatibility.SuiteMethodTest.makeSureSuiteIsCalled",1,1,1,1
Public Method,"org.junit.tests.junit3compatibility.SuiteMethodTest.makeSureSuiteNotUsedWithJUnit4Classes2",1,1,1,1
Public Method,"org.junit.tests.junit3compatibility.SuiteMethodTest.makeSureSuiteWorksWithJUnit4Classes",1,1,1,1
Public Method,"org.junit.tests.junit3compatibility.SuiteMethodTest.suiteIsUsedWithJUnit4Classes",1,1,1,1
Public Method,"org.junit.tests.listening.ListenerTest.OneTest.nothing",1,1,1,1
Public Method,"org.junit.tests.listening.ListenerTest.notifyListenersInTheOrderInWhichTheyAreAdded",1,1,1,1
Public Method,"org.junit.tests.listening.ListenerTest.notifyListenersInTheOrderInWhichTheyAreAdded.(Anon_1).testRunStarted",1,1,1,1
Public Method,"org.junit.tests.listening.ListenerTest.notifyListenersInTheOrderInWhichTheyAreAdded.(Anon_2).testRunStarted",1,1,1,1
Public Method,"org.junit.tests.listening.RunnerTest.Example.empty",1,1,1,1
Public Method,"org.junit.tests.listening.RunnerTest.ExampleTest.testEmpty",1,1,1,1
Public Method,"org.junit.tests.listening.RunnerTest.MyListener.testRunStarted",1,1,1,1
Public Method,"org.junit.tests.listening.RunnerTest.NewExample.empty",1,1,1,1
Public Method,"org.junit.tests.listening.RunnerTest.newTestCount",1,1,1,1
Public Method,"org.junit.tests.listening.RunnerTest.oldTestCount",1,1,1,1
Public Method,"org.junit.tests.listening.RunnerTest.testFinished",1,1,1,1
Public Method,"org.junit.tests.listening.RunnerTest.testFinished.(Anon_1).testFinished",1,1,1,1
Public Method,"org.junit.tests.listening.TestListenerTest.ErrorListener.testRunStarted",1,1,1,1
Public Method,"org.junit.tests.listening.TestListenerTest.ExceptionListener.testRunStarted",1,1,1,1
Public Method,"org.junit.tests.listening.TestListenerTest.OneTest.nothing",1,1,1,1
Public Method,"org.junit.tests.listening.TestListenerTest.failingListener",1,1,1,1
Public Method,"org.junit.tests.listening.TestListenerTest.freshResultEachTime",1,1,1,1
Public Method,"org.junit.tests.listening.TestListenerTest.removeFailingListeners",1,1,1,1
Public Method,"org.junit.tests.listening.TextListenerTest.ErrorTest.error",1,1,1,1
Public Method,"org.junit.tests.listening.TextListenerTest.OneTest.one",1,1,1,1
Public Method,"org.junit.tests.listening.TextListenerTest.Slow.pause",1,1,1,1
Private Method,"org.junit.tests.listening.TextListenerTest.convert",1,1,1,1
Public Method,"org.junit.tests.listening.TextListenerTest.setUp",1,1,1,1
Public Method,"org.junit.tests.listening.TextListenerTest.testError",1,1,1,1
Public Method,"org.junit.tests.listening.TextListenerTest.testSuccess",1,1,1,1
Public Method,"org.junit.tests.listening.TextListenerTest.testTime",1,1,1,1
Public Method,"org.junit.tests.listening.UserStopTest.OneTest.foo",1,1,1,1
Public Method,"org.junit.tests.listening.UserStopTest.createNotifier",1,1,1,1
Public Method,"org.junit.tests.listening.UserStopTest.stopClassRunner",1,1,1,1
Public Method,"org.junit.tests.listening.UserStopTest.userStop",1,1,1,1
Public Constructor,"org.junit.tests.manipulation.FilterTest.NamedFilter.NamedFilter",1,1,1,1
Public Method,"org.junit.tests.manipulation.FilterTest.NamedFilter.describe",1,1,1,1
Public Method,"org.junit.tests.manipulation.FilterTest.NamedFilter.shouldRun",1,1,1,1
Public Method,"org.junit.tests.manipulation.FilterTest.intersectAll",1,1,1,1
Public Method,"org.junit.tests.manipulation.FilterTest.intersectSelf",1,1,1,1
Public Method,"org.junit.tests.manipulation.FilterTest.intersectionText",1,1,1,1
Public Constructor,"org.junit.tests.manipulation.FilterableTest.FilteredRunner.FilteredRunner",1,1,1,1
Public Method,"org.junit.tests.manipulation.FilterableTest.FilteredRunner.FilteredRunner.(Anon_1).describe",1,1,1,1
Public Method,"org.junit.tests.manipulation.FilterableTest.FilteredRunner.FilteredRunner.(Anon_1).shouldRun",1,1,1,1
Public Constructor,"org.junit.tests.manipulation.FilterableTest.FilteredTest.FilteredTest",1,1,1,1
Public Static Method,"org.junit.tests.manipulation.FilterableTest.FilteredTest.parameters",1,1,1,1
Public Method,"org.junit.tests.manipulation.FilterableTest.FilteredTest.runThis",1,1,1,1
Public Method,"org.junit.tests.manipulation.FilterableTest.FilteredTest.skipThis",1,1,1,1
Public Method,"org.junit.tests.manipulation.FilterableTest.testFilterInRunnerConstructor",1,1,1,1
Public Method,"org.junit.tests.manipulation.SingleMethodTest.HasSuiteMethod.a",1,1,1,1
Public Method,"org.junit.tests.manipulation.SingleMethodTest.HasSuiteMethod.b",1,1,1,1
Public Static Method,"org.junit.tests.manipulation.SingleMethodTest.HasSuiteMethod.suite",1,1,1,1
Public Static Method,"org.junit.tests.manipulation.SingleMethodTest.OneTimeSetup.once",1,1,1,1
Public Method,"org.junit.tests.manipulation.SingleMethodTest.OneTimeSetup.one",1,1,1,1
Public Method,"org.junit.tests.manipulation.SingleMethodTest.OneTimeSetup.two",1,1,1,1
Public Constructor,"org.junit.tests.manipulation.SingleMethodTest.ParameterizedOneTimeBeforeClass.ParameterizedOneTimeBeforeClass",1,1,1,1
Public Static Method,"org.junit.tests.manipulation.SingleMethodTest.ParameterizedOneTimeBeforeClass.once",1,1,1,1
Public Method,"org.junit.tests.manipulation.SingleMethodTest.ParameterizedOneTimeBeforeClass.one",1,1,1,1
Public Static Method,"org.junit.tests.manipulation.SingleMethodTest.ParameterizedOneTimeBeforeClass.params",1,1,1,1
Public Constructor,"org.junit.tests.manipulation.SingleMethodTest.ParameterizedOneTimeSetup.ParameterizedOneTimeSetup",1,1,1,1
Public Method,"org.junit.tests.manipulation.SingleMethodTest.ParameterizedOneTimeSetup.one",1,1,1,1
Public Static Method,"org.junit.tests.manipulation.SingleMethodTest.ParameterizedOneTimeSetup.params",1,1,1,1
Public Method,"org.junit.tests.manipulation.SingleMethodTest.TestOne.a",1,1,1,1
Public Method,"org.junit.tests.manipulation.SingleMethodTest.TestOne.b",1,1,1,1
Public Method,"org.junit.tests.manipulation.SingleMethodTest.TestTwo.a",1,1,1,1
Public Method,"org.junit.tests.manipulation.SingleMethodTest.TestTwo.b",1,1,1,1
Public Method,"org.junit.tests.manipulation.SingleMethodTest.classesWithSuiteMethodsAreFiltered",1,1,1,1
Public Method,"org.junit.tests.manipulation.SingleMethodTest.eliminateUnnecessaryTreeBranches",1,1,1,1
Public Method,"org.junit.tests.manipulation.SingleMethodTest.filteringAffectsPlan",1,1,1,1
Public Method,"org.junit.tests.manipulation.SingleMethodTest.filteringAwayEverythingThrowsException",1,1,1,1
Public Method,"org.junit.tests.manipulation.SingleMethodTest.filteringAwayEverythingThrowsException.(Anon_1).describe",1,1,1,1
Public Method,"org.junit.tests.manipulation.SingleMethodTest.filteringAwayEverythingThrowsException.(Anon_1).shouldRun",1,1,1,1
Public Method,"org.junit.tests.manipulation.SingleMethodTest.nonexistentMethodCreatesFailure",1,1,1,1
Public Method,"org.junit.tests.manipulation.SingleMethodTest.oneTimeSetup",1,1,1,1
Public Method,"org.junit.tests.manipulation.SingleMethodTest.parameterizedBeforeClass",1,1,1,1
Public Method,"org.junit.tests.manipulation.SingleMethodTest.parameterizedFilterToSingleMethod",1,1,1,1
Public Method,"org.junit.tests.manipulation.SortableTest.TestClassRunnerIsSortable.Enclosing.A.a",1,1,1,1
Public Method,"org.junit.tests.manipulation.SortableTest.TestClassRunnerIsSortable.Enclosing.A.b",1,1,1,1
Public Method,"org.junit.tests.manipulation.SortableTest.TestClassRunnerIsSortable.Enclosing.A.c",1,1,1,1
Public Method,"org.junit.tests.manipulation.SortableTest.TestClassRunnerIsSortable.Enclosing.B.a",1,1,1,1
Public Method,"org.junit.tests.manipulation.SortableTest.TestClassRunnerIsSortable.Enclosing.B.b",1,1,1,1
Public Method,"org.junit.tests.manipulation.SortableTest.TestClassRunnerIsSortable.Enclosing.B.c",1,1,1,1
Public Method,"org.junit.tests.manipulation.SortableTest.TestClassRunnerIsSortable.SortMe.a",1,1,1,1
Public Method,"org.junit.tests.manipulation.SortableTest.TestClassRunnerIsSortable.SortMe.b",1,1,1,1
Public Method,"org.junit.tests.manipulation.SortableTest.TestClassRunnerIsSortable.SortMe.c",1,1,1,1
Public Method,"org.junit.tests.manipulation.SortableTest.TestClassRunnerIsSortable.resetLog",1,1,1,1
Public Method,"org.junit.tests.manipulation.SortableTest.TestClassRunnerIsSortable.sortingBackwardWorksOnSuite",1,1,1,1
Public Method,"org.junit.tests.manipulation.SortableTest.TestClassRunnerIsSortable.sortingBackwardWorksOnTestClassRunner",1,1,1,1
Public Method,"org.junit.tests.manipulation.SortableTest.TestClassRunnerIsSortable.sortingForwardWorksOnSuite",1,1,1,1
Public Method,"org.junit.tests.manipulation.SortableTest.TestClassRunnerIsSortable.sortingForwardWorksOnTestClassRunner",1,1,1,1
Public Method,"org.junit.tests.manipulation.SortableTest.TestClassRunnerIsSortableWithSuiteMethod.SortMe.a",1,1,1,1
Public Method,"org.junit.tests.manipulation.SortableTest.TestClassRunnerIsSortableWithSuiteMethod.SortMe.b",1,1,1,1
Public Method,"org.junit.tests.manipulation.SortableTest.TestClassRunnerIsSortableWithSuiteMethod.SortMe.c",1,1,1,1
Public Static Method,"org.junit.tests.manipulation.SortableTest.TestClassRunnerIsSortableWithSuiteMethod.SortMe.suite",1,1,1,1
Public Method,"org.junit.tests.manipulation.SortableTest.TestClassRunnerIsSortableWithSuiteMethod.resetLog",1,1,1,1
Public Method,"org.junit.tests.manipulation.SortableTest.TestClassRunnerIsSortableWithSuiteMethod.sortingBackwardWorksOnTestClassRunner",1,1,1,1
Public Method,"org.junit.tests.manipulation.SortableTest.TestClassRunnerIsSortableWithSuiteMethod.sortingForwardWorksOnTestClassRunner",1,1,1,1
Public Method,"org.junit.tests.manipulation.SortableTest.UnsortableRunnersAreHandledWithoutCrashing.Unsortable.a",1,1,1,1
Public Constructor,"org.junit.tests.manipulation.SortableTest.UnsortableRunnersAreHandledWithoutCrashing.UnsortableRunner.UnsortableRunner",1,1,1,1
Public Method,"org.junit.tests.manipulation.SortableTest.UnsortableRunnersAreHandledWithoutCrashing.UnsortableRunner.getDescription",1,1,1,1
Public Method,"org.junit.tests.manipulation.SortableTest.UnsortableRunnersAreHandledWithoutCrashing.UnsortableRunner.run",1,1,1,1
Public Method,"org.junit.tests.manipulation.SortableTest.UnsortableRunnersAreHandledWithoutCrashing.unsortablesAreHandledWithoutCrashing",1,1,1,1
Private Static Method,"org.junit.tests.manipulation.SortableTest.backward",1,1,1,1
Public Method,"org.junit.tests.manipulation.SortableTest.backward.(Anon_2).compare",1,1,1,1
Private Static Method,"org.junit.tests.manipulation.SortableTest.forward",1,1,1,1
Public Method,"org.junit.tests.manipulation.SortableTest.forward.(Anon_1).compare",1,1,1,1
Public Method,"org.junit.tests.running.classes.EnclosedTest.Enclosing.A.a",1,1,1,1
Public Method,"org.junit.tests.running.classes.EnclosedTest.Enclosing.A.b",1,1,1,1
Public Method,"org.junit.tests.running.classes.EnclosedTest.Enclosing.B.a",1,1,1,1
Public Method,"org.junit.tests.running.classes.EnclosedTest.Enclosing.B.b",1,1,1,1
Public Method,"org.junit.tests.running.classes.EnclosedTest.Enclosing.B.c",1,1,1,1
Public Method,"org.junit.tests.running.classes.EnclosedTest.enclosedRunnerIsNamedForEnclosingClass",1,1,1,1
Public Method,"org.junit.tests.running.classes.EnclosedTest.enclosedRunnerPlansEnclosedClasses",1,1,1,1
Public Method,"org.junit.tests.running.classes.EnclosedTest.enclosedRunnerRunsEnclosedClasses",1,1,1,1
Public Method,"org.junit.tests.running.classes.IgnoreClassTest.IgnoreMe.iFail",1,1,1,1
Public Method,"org.junit.tests.running.classes.IgnoreClassTest.IgnoreMe.iFailToo",1,1,1,1
Public Method,"org.junit.tests.running.classes.IgnoreClassTest.ignoreClass",1,1,1,1
Public Constructor,"org.junit.tests.running.classes.ParameterizedTestTest.BeforeAndAfter.BeforeAndAfter",1,1,1,1
Public Method,"org.junit.tests.running.classes.ParameterizedTestTest.BeforeAndAfter.aTest",1,1,1,1
Public Static Method,"org.junit.tests.running.classes.ParameterizedTestTest.BeforeAndAfter.after",1,1,1,1
Public Static Method,"org.junit.tests.running.classes.ParameterizedTestTest.BeforeAndAfter.before",1,1,1,1
Public Static Method,"org.junit.tests.running.classes.ParameterizedTestTest.BeforeAndAfter.data",1,1,1,1
Public Static Method,"org.junit.tests.running.classes.ParameterizedTestTest.EmptyTest.after",1,1,1,1
Public Static Method,"org.junit.tests.running.classes.ParameterizedTestTest.EmptyTest.before",1,1,1,1
Public Constructor,"org.junit.tests.running.classes.ParameterizedTestTest.FibonacciTest.FibonacciTest",1,1,1,1
Public Static Method,"org.junit.tests.running.classes.ParameterizedTestTest.FibonacciTest.data",1,1,1,1
Private Method,"org.junit.tests.running.classes.ParameterizedTestTest.FibonacciTest.fib",1,1,1,1
Public Method,"org.junit.tests.running.classes.ParameterizedTestTest.FibonacciTest.test",1,1,1,1
Public Static Method,"org.junit.tests.running.classes.ParameterizedTestTest.IncorrectTest.data",1,1,1,1
Public Method,"org.junit.tests.running.classes.ParameterizedTestTest.IncorrectTest.test",1,1,1,1
Private Constructor,"org.junit.tests.running.classes.ParameterizedTestTest.PrivateConstructor.PrivateConstructor",1,1,1,1
Public Method,"org.junit.tests.running.classes.ParameterizedTestTest.PrivateConstructor.aTest",1,1,1,1
Public Static Method,"org.junit.tests.running.classes.ParameterizedTestTest.PrivateConstructor.data",1,1,1,1
Public Method,"org.junit.tests.running.classes.ParameterizedTestTest.ProtectedParametersTest.aTest",1,1,1,1
Protected Static Method,"org.junit.tests.running.classes.ParameterizedTestTest.ProtectedParametersTest.data",1,1,1,1
Public Method,"org.junit.tests.running.classes.ParameterizedTestTest.WrongElementType.aTest",1,1,1,1
Public Static Method,"org.junit.tests.running.classes.ParameterizedTestTest.WrongElementType.data",1,1,1,1
Public Method,"org.junit.tests.running.classes.ParameterizedTestTest.beforeAndAfterClassAreRun",1,1,1,1
Public Method,"org.junit.tests.running.classes.ParameterizedTestTest.count",1,1,1,1
Public Method,"org.junit.tests.running.classes.ParameterizedTestTest.countBeforeRun",1,1,1,1
Public Method,"org.junit.tests.running.classes.ParameterizedTestTest.exceptionWhenPrivateConstructor",1,1,1,1
Public Method,"org.junit.tests.running.classes.ParameterizedTestTest.failuresAddedForBadTestMethod",1,1,1,1
Public Method,"org.junit.tests.running.classes.ParameterizedTestTest.failuresNamedCorrectly",1,1,1,1
Public Method,"org.junit.tests.running.classes.ParameterizedTestTest.meaningfulFailureWhenParameterListsAreNotArrays",1,1,1,1
Public Method,"org.junit.tests.running.classes.ParameterizedTestTest.meaningfulFailureWhenParametersNotPublic",1,1,1,1
Public Method,"org.junit.tests.running.classes.ParameterizedTestTest.plansNamedCorrectly",1,1,1,1
Public Method,"org.junit.tests.running.classes.ParameterizedTestTest.validateClassCatchesNoParameters",1,1,1,1
Public Method,"org.junit.tests.running.classes.ParentRunnerFilteringTest.CountingFilter.describe",1,1,1,1
Public Method,"org.junit.tests.running.classes.ParentRunnerFilteringTest.CountingFilter.getCount",1,2,2,2
Public Method,"org.junit.tests.running.classes.ParentRunnerFilteringTest.CountingFilter.shouldRun",1,2,2,2
Public Method,"org.junit.tests.running.classes.ParentRunnerFilteringTest.ExampleTest.test1",1,1,1,1
Public Constructor,"org.junit.tests.running.classes.ParentRunnerFilteringTest.SuiteWithUnmodifyableChildList.SuiteWithUnmodifyableChildList",1,1,1,1
Protected Method,"org.junit.tests.running.classes.ParentRunnerFilteringTest.SuiteWithUnmodifyableChildList.getChildren",1,1,1,1
Private Static Method,"org.junit.tests.running.classes.ParentRunnerFilteringTest.notThisMethodName",1,1,1,1
Public Method,"org.junit.tests.running.classes.ParentRunnerFilteringTest.notThisMethodName.(Anon_1).describe",1,1,1,1
Public Method,"org.junit.tests.running.classes.ParentRunnerFilteringTest.notThisMethodName.(Anon_1).shouldRun",1,1,1,2
Public Method,"org.junit.tests.running.classes.ParentRunnerFilteringTest.testCountClassFiltering",1,1,1,1
Public Method,"org.junit.tests.running.classes.ParentRunnerFilteringTest.testCountSuiteFiltering",1,1,1,1
Public Method,"org.junit.tests.running.classes.ParentRunnerFilteringTest.testRunSuiteFiltering",1,1,1,1
Public Method,"org.junit.tests.running.classes.ParentRunnerFilteringTest.testSuiteFiltering",1,2,2,2
Public Method,"org.junit.tests.running.classes.ParentRunnerFilteringTest.testSuiteFilteringWithUnmodifyableChildList",1,2,2,2
Public Method,"org.junit.tests.running.classes.ParentRunnerTest.ExampleTest.test1",1,1,1,1
Public Method,"org.junit.tests.running.classes.ParentRunnerTest.ExampleTest.test2",1,1,1,1
Public Method,"org.junit.tests.running.classes.ParentRunnerTest.ExampleTest.test3",1,1,1,1
Public Constructor,"org.junit.tests.running.classes.ParentRunnerTest.Exclude.Exclude",1,1,1,1
Public Method,"org.junit.tests.running.classes.ParentRunnerTest.Exclude.describe",1,1,1,1
Public Method,"org.junit.tests.running.classes.ParentRunnerTest.Exclude.shouldRun",1,1,1,1
Public Method,"org.junit.tests.running.classes.ParentRunnerTest.FruitTest.apple",1,1,1,1
Public Method,"org.junit.tests.running.classes.ParentRunnerTest.FruitTest.banana",1,1,1,1
Private Method,"org.junit.tests.running.classes.ParentRunnerTest.assertClassHasFailureMessage",1,1,1,1
Public Method,"org.junit.tests.running.classes.ParentRunnerTest.failWithHelpfulMessageForNonStaticClassRule",1,1,1,1
Public Method,"org.junit.tests.running.classes.ParentRunnerTest.failWithHelpfulMessageForProtectedClassRule",1,1,1,1
Private Method,"org.junit.tests.running.classes.ParentRunnerTest.isEmpty",1,1,1,1
Public Method,"org.junit.tests.running.classes.ParentRunnerTest.isEmpty.(Anon_2).describeTo",1,1,1,1
Public Method,"org.junit.tests.running.classes.ParentRunnerTest.isEmpty.(Anon_2).matchesSafely",1,1,1,1
Public Method,"org.junit.tests.running.classes.ParentRunnerTest.testMultipleFilters",1,1,1,1
Public Method,"org.junit.tests.running.classes.ParentRunnerTest.useChildHarvester",1,1,1,1
Public Method,"org.junit.tests.running.classes.ParentRunnerTest.useChildHarvester.(Anon_1).finished",1,1,1,1
Public Method,"org.junit.tests.running.classes.ParentRunnerTest.useChildHarvester.(Anon_1).schedule",1,1,1,1
Public Method,"org.junit.tests.running.classes.RunWithTest.BadRunner.getDescription",1,1,1,1
Public Method,"org.junit.tests.running.classes.RunWithTest.BadRunner.run",1,1,1,1
Public Constructor,"org.junit.tests.running.classes.RunWithTest.ExampleRunner.ExampleRunner",1,1,1,1
Public Method,"org.junit.tests.running.classes.RunWithTest.ExampleRunner.getDescription",1,1,1,1
Public Method,"org.junit.tests.running.classes.RunWithTest.ExampleRunner.run",1,1,1,1
Public Method,"org.junit.tests.running.classes.RunWithTest.ExampleRunner.testCount",1,1,1,1
Public Method,"org.junit.tests.running.classes.RunWithTest.characterizeErrorMessageFromBadRunner",1,1,1,1
Public Method,"org.junit.tests.running.classes.RunWithTest.run",1,1,1,1
Public Method,"org.junit.tests.running.classes.RunWithTest.runWithExtendsToSubclasses",1,1,1,1
Public Static Method,"org.junit.tests.running.classes.SuiteTest.AllWithBeforeAndAfterClass.after",1,1,1,1
Public Static Method,"org.junit.tests.running.classes.SuiteTest.AllWithBeforeAndAfterClass.before",1,1,1,1
Public Method,"org.junit.tests.running.classes.SuiteTest.TestA.pass",1,1,1,1
Public Method,"org.junit.tests.running.classes.SuiteTest.TestB.fail",1,1,1,1
Public Constructor,"org.junit.tests.running.classes.SuiteTest.WithoutDefaultConstructor.WithoutDefaultConstructor",1,1,1,1
Public Method,"org.junit.tests.running.classes.SuiteTest.beforeAndAfterClassRunOnSuite",1,1,1,1
Public Method,"org.junit.tests.running.classes.SuiteTest.ensureInheritedTestIsRun",1,1,1,1
Public Method,"org.junit.tests.running.classes.SuiteTest.ensureSuitesWorkWithForwardCompatibility",1,1,1,1
Public Method,"org.junit.tests.running.classes.SuiteTest.ensureTestIsRun",1,1,1,1
Public Method,"org.junit.tests.running.classes.SuiteTest.forwardCompatibilityWorksWithGetTests",1,1,1,1
Public Method,"org.junit.tests.running.classes.SuiteTest.forwardCompatibilityWorksWithTestCount",1,1,1,1
Public Method,"org.junit.tests.running.classes.SuiteTest.suiteShouldBeOKwithNonDefaultConstructor",1,1,1,1
Public Method,"org.junit.tests.running.classes.SuiteTest.suiteShouldComplainAboutNoSuiteClassesAnnotation",1,1,1,1
Public Method,"org.junit.tests.running.classes.SuiteTest.suiteTestCountIsCorrect",1,1,1,1
Public Method,"org.junit.tests.running.classes.SuiteTest.whatHappensWhenASuiteContainsItselfIndirectly",1,1,1,1
Public Method,"org.junit.tests.running.classes.SuiteTest.whatHappensWhenASuiteHasACycle",1,1,1,1
Public Method,"org.junit.tests.running.classes.SuiteTest.whatHappensWhenASuiteHasAForkingCycle",1,1,1,1
Public Method,"org.junit.tests.running.classes.SuiteTest.withoutSuiteClassAnnotationProducesFailure",1,1,1,1
Public Method,"org.junit.tests.running.classes.TestClassTest.ManyMethods.a",1,1,1,1
Public Method,"org.junit.tests.running.classes.TestClassTest.ManyMethods.b",1,1,1,1
Public Method,"org.junit.tests.running.classes.TestClassTest.ManyMethods.c",1,1,1,1
Public Method,"org.junit.tests.running.classes.TestClassTest.ManyMethods.d",1,1,1,1
Public Method,"org.junit.tests.running.classes.TestClassTest.ManyMethods.e",1,1,1,1
Public Method,"org.junit.tests.running.classes.TestClassTest.ManyMethods.f",1,1,1,1
Public Method,"org.junit.tests.running.classes.TestClassTest.ManyMethods.g",1,1,1,1
Public Method,"org.junit.tests.running.classes.TestClassTest.ManyMethods.h",1,1,1,1
Public Method,"org.junit.tests.running.classes.TestClassTest.ManyMethods.i",1,1,1,1
Public Method,"org.junit.tests.running.classes.TestClassTest.ManyMethods.j",1,1,1,1
Public Constructor,"org.junit.tests.running.classes.TestClassTest.TwoConstructors.TwoConstructors",1,1,1,1
Public Constructor,"org.junit.tests.running.classes.TestClassTest.TwoConstructors.TwoConstructors",1,1,1,1
Public Method,"org.junit.tests.running.classes.TestClassTest.complainIfMultipleConstructors",1,1,1,1
Public Method,"org.junit.tests.running.classes.TestClassTest.fieldsOnSubclassesShadowSuperclasses",1,1,1,1
Public Constructor,"org.junit.tests.running.classes.UseSuiteAsASuperclassTest.MySuite.MySuite",1,1,1,1
Public Method,"org.junit.tests.running.classes.UseSuiteAsASuperclassTest.TestA.pass",1,1,1,1
Public Method,"org.junit.tests.running.classes.UseSuiteAsASuperclassTest.TestB.dontPass",1,1,1,1
Public Method,"org.junit.tests.running.classes.UseSuiteAsASuperclassTest.ensureTestsAreRun",1,1,1,1
Public Method,"org.junit.tests.running.core.CommandLineTest.Count.increment",1,1,1,1
Public Method,"org.junit.tests.running.core.CommandLineTest.Example.test",1,1,1,1
Public Method,"org.junit.tests.running.core.CommandLineTest.after",1,1,1,1
Public Method,"org.junit.tests.running.core.CommandLineTest.before",1,1,1,1
Public Method,"org.junit.tests.running.core.CommandLineTest.runAClass",1,1,1,1
Public Method,"org.junit.tests.running.core.CommandLineTest.runATest",1,1,1,1
Public Method,"org.junit.tests.running.core.CommandLineTest.runTwoClasses",1,1,1,1
Public Method,"org.junit.tests.running.core.CommandLineTest.runTwoClassesAsArray",1,1,1,1
Public Method,"org.junit.tests.running.core.JUnitCoreReturnsCorrectExitCodeTest.Fail.kaboom",1,1,1,1
Public Method,"org.junit.tests.running.core.JUnitCoreReturnsCorrectExitCodeTest.Succeed.peacefulSilence",1,1,1,1
Public Method,"org.junit.tests.running.core.JUnitCoreReturnsCorrectExitCodeTest.failureCausesExitCodeOf1",1,1,1,1
Public Method,"org.junit.tests.running.core.JUnitCoreReturnsCorrectExitCodeTest.missingClassCausesExitCodeOf1",1,1,1,1
Private Method,"org.junit.tests.running.core.JUnitCoreReturnsCorrectExitCodeTest.runClass",1,1,1,1
Public Method,"org.junit.tests.running.core.JUnitCoreReturnsCorrectExitCodeTest.successCausesExitCodeOf0",1,1,1,1
Public Static Method,"org.junit.tests.running.core.SystemExitTest.Exit.main",1,1,1,1
Public Method,"org.junit.tests.running.core.SystemExitTest.failureCausesExitCodeOf1",1,2,2,2
Public Static Method,"org.junit.tests.running.methods.AnnotationTest.ErrorInAfterClass.after",1,1,1,1
Public Method,"org.junit.tests.running.methods.AnnotationTest.ErrorInAfterClass.test",1,1,1,1
Public Static Method,"org.junit.tests.running.methods.AnnotationTest.ErrorInBeforeClass.before",1,1,1,1
Public Method,"org.junit.tests.running.methods.AnnotationTest.ErrorInBeforeClass.test",1,1,1,1
Public Method,"org.junit.tests.running.methods.AnnotationTest.ExceptionTest.expectedException",1,1,1,1
Public Method,"org.junit.tests.running.methods.AnnotationTest.FailureTest.error",1,1,1,1
Public Method,"org.junit.tests.running.methods.AnnotationTest.NoExceptionTest.expectedException",1,1,1,1
Public Method,"org.junit.tests.running.methods.AnnotationTest.NonStaticOneTimeSetup.aTest",1,1,1,1
Public Method,"org.junit.tests.running.methods.AnnotationTest.NonStaticOneTimeSetup.once",1,1,1,1
Public Method,"org.junit.tests.running.methods.AnnotationTest.OldSuiteTest.testOne",1,1,1,1
Public Method,"org.junit.tests.running.methods.AnnotationTest.OldTest.test",1,1,1,1
Public Static Method,"org.junit.tests.running.methods.AnnotationTest.OneTimeSetup.once",1,1,1,1
Public Method,"org.junit.tests.running.methods.AnnotationTest.OneTimeSetup.one",1,1,1,1
Public Method,"org.junit.tests.running.methods.AnnotationTest.OneTimeSetup.two",1,1,1,1
Public Static Method,"org.junit.tests.running.methods.AnnotationTest.OneTimeTeardown.once",1,1,1,1
Public Method,"org.junit.tests.running.methods.AnnotationTest.OneTimeTeardown.one",1,1,1,1
Public Method,"org.junit.tests.running.methods.AnnotationTest.OneTimeTeardown.two",1,1,1,1
Public Method,"org.junit.tests.running.methods.AnnotationTest.OrderTest.after",1,1,1,1
Public Method,"org.junit.tests.running.methods.AnnotationTest.OrderTest.before",1,1,1,1
Public Static Method,"org.junit.tests.running.methods.AnnotationTest.OrderTest.onceAfter",1,1,1,1
Public Static Method,"org.junit.tests.running.methods.AnnotationTest.OrderTest.onceBefore",1,1,1,1
Public Method,"org.junit.tests.running.methods.AnnotationTest.OrderTest.test",1,1,1,1
Public Static Method,"org.junit.tests.running.methods.AnnotationTest.RunAllAfterClasses.bad",1,1,1,1
Public Method,"org.junit.tests.running.methods.AnnotationTest.RunAllAfterClasses.empty",1,1,1,1
Public Method,"org.junit.tests.running.methods.AnnotationTest.RunAllAfterClasses.good",1,1,1,1
Public Static Method,"org.junit.tests.running.methods.AnnotationTest.RunAllAfterClasses.one",1,1,1,1
Public Static Method,"org.junit.tests.running.methods.AnnotationTest.RunAllAfterClasses.two",1,1,1,1
Public Method,"org.junit.tests.running.methods.AnnotationTest.RunAllAfterClassesRegardless.empty",1,1,1,1
Public Static Method,"org.junit.tests.running.methods.AnnotationTest.RunAllAfterClassesRegardless.one",1,1,1,1
Public Static Method,"org.junit.tests.running.methods.AnnotationTest.RunAllAfterClassesRegardless.two",1,1,1,1
Public Method,"org.junit.tests.running.methods.AnnotationTest.RunAllAfters.bad",1,1,1,1
Public Method,"org.junit.tests.running.methods.AnnotationTest.RunAllAfters.empty",1,1,1,1
Public Method,"org.junit.tests.running.methods.AnnotationTest.RunAllAfters.good",1,1,1,1
Public Method,"org.junit.tests.running.methods.AnnotationTest.RunAllAfters.one",1,1,1,1
Public Method,"org.junit.tests.running.methods.AnnotationTest.RunAllAfters.two",1,1,1,1
Public Method,"org.junit.tests.running.methods.AnnotationTest.RunAllAftersRegardless.empty",1,1,1,1
Public Method,"org.junit.tests.running.methods.AnnotationTest.RunAllAftersRegardless.one",1,1,1,1
Public Method,"org.junit.tests.running.methods.AnnotationTest.RunAllAftersRegardless.two",1,1,1,1
Public Method,"org.junit.tests.running.methods.AnnotationTest.SetupFailureTest.before",1,1,1,1
Public Method,"org.junit.tests.running.methods.AnnotationTest.SetupFailureTest.test",1,1,1,1
Public Method,"org.junit.tests.running.methods.AnnotationTest.SetupTest.before",1,1,1,1
Public Method,"org.junit.tests.running.methods.AnnotationTest.SetupTest.success",1,1,1,1
Public Method,"org.junit.tests.running.methods.AnnotationTest.SimpleTest.success",1,1,1,1
Public Method,"org.junit.tests.running.methods.AnnotationTest.SimpleTestWithFutureProofExplicitRunner.success",1,1,1,1
Public Static Method,"org.junit.tests.running.methods.AnnotationTest.SubInheritance.afterClassSub",1,1,1,1
Public Method,"org.junit.tests.running.methods.AnnotationTest.SubInheritance.afterSub",1,1,1,1
Public Static Method,"org.junit.tests.running.methods.AnnotationTest.SubInheritance.beforeClassSub",1,1,1,1
Public Method,"org.junit.tests.running.methods.AnnotationTest.SubInheritance.beforeSub",1,1,1,1
Public Method,"org.junit.tests.running.methods.AnnotationTest.SubInheritance.test",1,1,1,1
Public Method,"org.junit.tests.running.methods.AnnotationTest.SubShadowing.after",1,1,1,1
Public Method,"org.junit.tests.running.methods.AnnotationTest.SubShadowing.before",1,1,1,1
Public Method,"org.junit.tests.running.methods.AnnotationTest.SubShadowing.test",1,1,1,1
Public Method,"org.junit.tests.running.methods.AnnotationTest.SubTest.one",1,1,1,1
Public Static Method,"org.junit.tests.running.methods.AnnotationTest.SuperInheritance.afterClassSuper",1,1,1,1
Public Method,"org.junit.tests.running.methods.AnnotationTest.SuperInheritance.afterSuper",1,1,1,1
Public Static Method,"org.junit.tests.running.methods.AnnotationTest.SuperInheritance.beforeClassSuper",1,1,1,1
Public Method,"org.junit.tests.running.methods.AnnotationTest.SuperInheritance.beforeSuper",1,1,1,1
Public Method,"org.junit.tests.running.methods.AnnotationTest.SuperShadowing.after",1,1,1,1
Public Method,"org.junit.tests.running.methods.AnnotationTest.SuperShadowing.before",1,1,1,1
Public Method,"org.junit.tests.running.methods.AnnotationTest.SuperTest.one",1,1,1,1
Public Method,"org.junit.tests.running.methods.AnnotationTest.SuperTest.two",1,1,1,1
Public Method,"org.junit.tests.running.methods.AnnotationTest.TeardownAfterFailureTest.after",1,1,1,1
Public Method,"org.junit.tests.running.methods.AnnotationTest.TeardownAfterFailureTest.test",1,1,1,1
Public Method,"org.junit.tests.running.methods.AnnotationTest.TeardownFailureTest.after",1,1,1,1
Public Method,"org.junit.tests.running.methods.AnnotationTest.TeardownFailureTest.test",1,1,1,1
Public Method,"org.junit.tests.running.methods.AnnotationTest.TeardownTest.after",1,1,1,1
Public Method,"org.junit.tests.running.methods.AnnotationTest.TeardownTest.success",1,1,1,1
Public Method,"org.junit.tests.running.methods.AnnotationTest.TestAndTeardownFailureTest.after",1,1,1,1
Public Method,"org.junit.tests.running.methods.AnnotationTest.TestAndTeardownFailureTest.test",1,1,1,1
Public Method,"org.junit.tests.running.methods.AnnotationTest.TwoTests.one",1,1,1,1
Public Method,"org.junit.tests.running.methods.AnnotationTest.TwoTests.two",1,1,1,1
Public Method,"org.junit.tests.running.methods.AnnotationTest.setUp",1,1,1,1
Public Method,"org.junit.tests.running.methods.AnnotationTest.testAnnotatedMethod",1,1,1,1
Public Method,"org.junit.tests.running.methods.AnnotationTest.testAnnotatedMethodWithFutureProofExplicitRunner",1,1,1,1
Public Method,"org.junit.tests.running.methods.AnnotationTest.testErrorInAfterClass",1,1,1,1
Public Method,"org.junit.tests.running.methods.AnnotationTest.testErrorInBeforeClass",1,1,1,1
Public Method,"org.junit.tests.running.methods.AnnotationTest.testException",1,1,1,1
Public Method,"org.junit.tests.running.methods.AnnotationTest.testExceptionNotThrown",1,1,1,1
Public Method,"org.junit.tests.running.methods.AnnotationTest.testNonStaticOneTimeSetup",1,1,1,1
Public Method,"org.junit.tests.running.methods.AnnotationTest.testOldSuiteTest",1,1,1,1
Public Method,"org.junit.tests.running.methods.AnnotationTest.testOldTest",1,1,1,1
Public Method,"org.junit.tests.running.methods.AnnotationTest.testOneTimeSetup",1,1,1,1
Public Method,"org.junit.tests.running.methods.AnnotationTest.testOneTimeTeardown",1,1,1,1
Public Method,"org.junit.tests.running.methods.AnnotationTest.testOrder",1,1,1,1
Public Method,"org.junit.tests.running.methods.AnnotationTest.testOrderingOfInheritance",1,1,1,1
Public Method,"org.junit.tests.running.methods.AnnotationTest.testRunAllAfterClasses",1,1,1,1
Public Method,"org.junit.tests.running.methods.AnnotationTest.testRunAllAfterClassesRegardless",1,1,1,1
Public Method,"org.junit.tests.running.methods.AnnotationTest.testRunAllAfters",1,1,1,1
Public Method,"org.junit.tests.running.methods.AnnotationTest.testRunAllAftersRegardless",1,1,1,1
Public Method,"org.junit.tests.running.methods.AnnotationTest.testRunFailure",1,1,1,1
Public Method,"org.junit.tests.running.methods.AnnotationTest.testSetup",1,1,1,1
Public Method,"org.junit.tests.running.methods.AnnotationTest.testSetupFailure",1,1,1,1
Public Method,"org.junit.tests.running.methods.AnnotationTest.testShadowing",1,1,1,1
Public Method,"org.junit.tests.running.methods.AnnotationTest.testTeardown",1,1,1,1
Public Method,"org.junit.tests.running.methods.AnnotationTest.testTeardownAfterFailure",1,1,1,1
Public Method,"org.junit.tests.running.methods.AnnotationTest.testTeardownFailure",1,1,1,1
Public Method,"org.junit.tests.running.methods.AnnotationTest.testTestAndTeardownFailure",1,1,1,1
Public Method,"org.junit.tests.running.methods.AnnotationTest.testTestInheritance",1,1,1,1
Public Method,"org.junit.tests.running.methods.AnnotationTest.testTwoTests",1,1,1,1
Public Method,"org.junit.tests.running.methods.ExpectedTest.ExpectSuperclass.throwsSubclass",1,1,1,1
Public Method,"org.junit.tests.running.methods.ExpectedTest.Expected.expected",1,1,1,1
Public Method,"org.junit.tests.running.methods.ExpectedTest.NoneThrown.nothing",1,1,1,1
Public Method,"org.junit.tests.running.methods.ExpectedTest.Unexpected.expected",1,1,1,1
Public Method,"org.junit.tests.running.methods.ExpectedTest.expected",1,1,1,1
Public Method,"org.junit.tests.running.methods.ExpectedTest.expectsSuperclass",1,1,1,1
Public Method,"org.junit.tests.running.methods.ExpectedTest.noneThrown",1,1,1,1
Public Method,"org.junit.tests.running.methods.ExpectedTest.unexpected",1,1,1,1
Public Method,"org.junit.tests.running.methods.InheritedTestTest.SubWithBefore.gack",1,1,1,1
Public Method,"org.junit.tests.running.methods.InheritedTestTest.Super.nothing",1,1,1,1
Public Method,"org.junit.tests.running.methods.InheritedTestTest.subclassWithInheritedTestAndOwnBeforeRunsBefore",1,1,1,1
Public Method,"org.junit.tests.running.methods.InheritedTestTest.subclassWithOnlyInheritedTestsRuns",1,1,1,1
Private Constructor,"org.junit.tests.running.methods.ParameterizedTestMethodTest.EverythingWrong.EverythingWrong",1,1,1,1
Public Method,"org.junit.tests.running.methods.ParameterizedTestMethodTest.EverythingWrong.argumentsA",1,1,1,1
Public Static Method,"org.junit.tests.running.methods.ParameterizedTestMethodTest.EverythingWrong.argumentsAC",1,1,1,1
Public Method,"org.junit.tests.running.methods.ParameterizedTestMethodTest.EverythingWrong.argumentsB",1,1,1,1
Public Static Method,"org.junit.tests.running.methods.ParameterizedTestMethodTest.EverythingWrong.argumentsBC",1,1,1,1
Public Method,"org.junit.tests.running.methods.ParameterizedTestMethodTest.EverythingWrong.argumentsT",1,1,1,1
Public Method,"org.junit.tests.running.methods.ParameterizedTestMethodTest.EverythingWrong.fineA",1,1,1,1
Public Static Method,"org.junit.tests.running.methods.ParameterizedTestMethodTest.EverythingWrong.fineAC",1,1,1,1
Public Method,"org.junit.tests.running.methods.ParameterizedTestMethodTest.EverythingWrong.fineB",1,1,1,1
Public Static Method,"org.junit.tests.running.methods.ParameterizedTestMethodTest.EverythingWrong.fineBC",1,1,1,1
Public Method,"org.junit.tests.running.methods.ParameterizedTestMethodTest.EverythingWrong.fineT",1,1,1,1
Public Method,"org.junit.tests.running.methods.ParameterizedTestMethodTest.EverythingWrong.nonVoidA",1,1,1,1
Public Static Method,"org.junit.tests.running.methods.ParameterizedTestMethodTest.EverythingWrong.nonVoidAC",1,1,1,1
Public Method,"org.junit.tests.running.methods.ParameterizedTestMethodTest.EverythingWrong.nonVoidB",1,1,1,1
Public Static Method,"org.junit.tests.running.methods.ParameterizedTestMethodTest.EverythingWrong.nonVoidBC",1,1,1,1
Public Method,"org.junit.tests.running.methods.ParameterizedTestMethodTest.EverythingWrong.nonVoidT",1,1,1,1
Method,"org.junit.tests.running.methods.ParameterizedTestMethodTest.EverythingWrong.notPublicA",1,1,1,1
Static Method,"org.junit.tests.running.methods.ParameterizedTestMethodTest.EverythingWrong.notPublicAC",1,1,1,1
Method,"org.junit.tests.running.methods.ParameterizedTestMethodTest.EverythingWrong.notPublicB",1,1,1,1
Static Method,"org.junit.tests.running.methods.ParameterizedTestMethodTest.EverythingWrong.notPublicBC",1,1,1,1
Method,"org.junit.tests.running.methods.ParameterizedTestMethodTest.EverythingWrong.notPublicT",1,1,1,1
Public Method,"org.junit.tests.running.methods.ParameterizedTestMethodTest.EverythingWrong.notStaticAC",1,1,1,1
Public Method,"org.junit.tests.running.methods.ParameterizedTestMethodTest.EverythingWrong.notStaticBC",1,1,1,1
Public Static Method,"org.junit.tests.running.methods.ParameterizedTestMethodTest.EverythingWrong.staticA",1,1,1,1
Public Static Method,"org.junit.tests.running.methods.ParameterizedTestMethodTest.EverythingWrong.staticB",1,1,1,1
Public Static Method,"org.junit.tests.running.methods.ParameterizedTestMethodTest.EverythingWrong.staticT",1,1,1,1
Public Constructor,"org.junit.tests.running.methods.ParameterizedTestMethodTest.ParameterizedTestMethodTest",1,1,1,1
Public Method,"org.junit.tests.running.methods.ParameterizedTestMethodTest.SubShadows.notPublic",1,1,1,1
Public Method,"org.junit.tests.running.methods.ParameterizedTestMethodTest.SubWrong.justFine",1,1,1,1
Method,"org.junit.tests.running.methods.ParameterizedTestMethodTest.SuperWrong.notPublic",1,1,1,1
Public Static Method,"org.junit.tests.running.methods.ParameterizedTestMethodTest.params",1,1,1,1
Public Static Method,"org.junit.tests.running.methods.ParameterizedTestMethodTest.suite",1,1,1,1
Public Method,"org.junit.tests.running.methods.ParameterizedTestMethodTest.testFailures",1,1,1,1
Private Method,"org.junit.tests.running.methods.ParameterizedTestMethodTest.validateAllMethods",1,2,2,2
Public Method,"org.junit.tests.running.methods.TestMethodTest.Confused.a",1,1,1,1
Public Method,"org.junit.tests.running.methods.TestMethodTest.Confused.a",1,1,1,1
Public Constructor,"org.junit.tests.running.methods.TestMethodTest.ConstructorParameter.ConstructorParameter",1,1,1,1
Public Method,"org.junit.tests.running.methods.TestMethodTest.ConstructorParameter.a",1,1,1,1
Private Constructor,"org.junit.tests.running.methods.TestMethodTest.EverythingWrong.EverythingWrong",1,1,1,1
Public Method,"org.junit.tests.running.methods.TestMethodTest.EverythingWrong.argumentsA",1,1,1,1
Public Static Method,"org.junit.tests.running.methods.TestMethodTest.EverythingWrong.argumentsAC",1,1,1,1
Public Method,"org.junit.tests.running.methods.TestMethodTest.EverythingWrong.argumentsB",1,1,1,1
Public Static Method,"org.junit.tests.running.methods.TestMethodTest.EverythingWrong.argumentsBC",1,1,1,1
Public Method,"org.junit.tests.running.methods.TestMethodTest.EverythingWrong.argumentsT",1,1,1,1
Public Method,"org.junit.tests.running.methods.TestMethodTest.EverythingWrong.fineA",1,1,1,1
Public Static Method,"org.junit.tests.running.methods.TestMethodTest.EverythingWrong.fineAC",1,1,1,1
Public Method,"org.junit.tests.running.methods.TestMethodTest.EverythingWrong.fineB",1,1,1,1
Public Static Method,"org.junit.tests.running.methods.TestMethodTest.EverythingWrong.fineBC",1,1,1,1
Public Method,"org.junit.tests.running.methods.TestMethodTest.EverythingWrong.fineT",1,1,1,1
Public Method,"org.junit.tests.running.methods.TestMethodTest.EverythingWrong.nonVoidA",1,1,1,1
Public Static Method,"org.junit.tests.running.methods.TestMethodTest.EverythingWrong.nonVoidAC",1,1,1,1
Public Method,"org.junit.tests.running.methods.TestMethodTest.EverythingWrong.nonVoidB",1,1,1,1
Public Static Method,"org.junit.tests.running.methods.TestMethodTest.EverythingWrong.nonVoidBC",1,1,1,1
Public Method,"org.junit.tests.running.methods.TestMethodTest.EverythingWrong.nonVoidT",1,1,1,1
Method,"org.junit.tests.running.methods.TestMethodTest.EverythingWrong.notPublicA",1,1,1,1
Static Method,"org.junit.tests.running.methods.TestMethodTest.EverythingWrong.notPublicAC",1,1,1,1
Method,"org.junit.tests.running.methods.TestMethodTest.EverythingWrong.notPublicB",1,1,1,1
Static Method,"org.junit.tests.running.methods.TestMethodTest.EverythingWrong.notPublicBC",1,1,1,1
Method,"org.junit.tests.running.methods.TestMethodTest.EverythingWrong.notPublicT",1,1,1,1
Public Method,"org.junit.tests.running.methods.TestMethodTest.EverythingWrong.notStaticAC",1,1,1,1
Public Method,"org.junit.tests.running.methods.TestMethodTest.EverythingWrong.notStaticBC",1,1,1,1
Public Static Method,"org.junit.tests.running.methods.TestMethodTest.EverythingWrong.staticA",1,1,1,1
Public Static Method,"org.junit.tests.running.methods.TestMethodTest.EverythingWrong.staticB",1,1,1,1
Public Static Method,"org.junit.tests.running.methods.TestMethodTest.EverythingWrong.staticT",1,1,1,1
Public Method,"org.junit.tests.running.methods.TestMethodTest.IgnoredTest.ignored",1,1,1,1
Public Method,"org.junit.tests.running.methods.TestMethodTest.IgnoredTest.valid",1,1,1,1
Public Method,"org.junit.tests.running.methods.TestMethodTest.IgnoredTest.withReason",1,1,1,1
Public Method,"org.junit.tests.running.methods.TestMethodTest.OnlyTestIsIgnored.ignored",1,1,1,1
Public Method,"org.junit.tests.running.methods.TestMethodTest.SubShadows.notPublic",1,1,1,1
Public Method,"org.junit.tests.running.methods.TestMethodTest.SubWrong.justFine",1,1,1,1
Method,"org.junit.tests.running.methods.TestMethodTest.SuperWrong.notPublic",1,1,1,1
Public Method,"org.junit.tests.running.methods.TestMethodTest.compatibility",1,1,1,1
Public Method,"org.junit.tests.running.methods.TestMethodTest.constructorParameter",1,1,1,1
Public Method,"org.junit.tests.running.methods.TestMethodTest.dontValidateShadowedMethods",1,1,1,1
Public Method,"org.junit.tests.running.methods.TestMethodTest.ignoreRunner",1,1,1,1
Public Method,"org.junit.tests.running.methods.TestMethodTest.onlyIgnoredMethodsIsStillFineTestClass",1,1,1,1
Public Method,"org.junit.tests.running.methods.TestMethodTest.overloaded",1,1,1,1
Public Method,"org.junit.tests.running.methods.TestMethodTest.testFailures",1,1,1,1
Private Method,"org.junit.tests.running.methods.TestMethodTest.validateAllMethods",1,2,2,2
Public Method,"org.junit.tests.running.methods.TestMethodTest.validateInheritedMethods",1,1,1,1
Public Method,"org.junit.tests.running.methods.TimeoutTest.FailureWithTimeoutRunTimeExceptionTest.failure",1,1,1,1
Public Method,"org.junit.tests.running.methods.TimeoutTest.FailureWithTimeoutTest.failure",1,1,1,1
Public Method,"org.junit.tests.running.methods.TimeoutTest.ImpatientLoopTest.failure",1,1,1,1
Private Method,"org.junit.tests.running.methods.TimeoutTest.ImpatientLoopTest.infiniteLoop",1,2,2,2
Public Method,"org.junit.tests.running.methods.TimeoutTest.InfiniteLoopTest.failure",1,1,1,1
Private Method,"org.junit.tests.running.methods.TimeoutTest.InfiniteLoopTest.infiniteLoop",1,3,3,3
Public Method,"org.junit.tests.running.methods.TimeoutTest.SuccessWithTimeoutTest.success",1,1,1,1
Public Method,"org.junit.tests.running.methods.TimeoutTest.TimeoutFailureTest.success",1,1,1,1
Public Method,"org.junit.tests.running.methods.TimeoutTest.WillTimeOut.after",1,1,1,1
Public Method,"org.junit.tests.running.methods.TimeoutTest.WillTimeOut.test",1,3,3,3
Public Method,"org.junit.tests.running.methods.TimeoutTest.compatibility",1,1,1,1
Public Method,"org.junit.tests.running.methods.TimeoutTest.failureWithTimeout",1,1,1,1
Public Method,"org.junit.tests.running.methods.TimeoutTest.failureWithTimeoutRunTimeException",1,1,1,1
Public Method,"org.junit.tests.running.methods.TimeoutTest.infiniteLoop",1,1,1,1
Public Method,"org.junit.tests.running.methods.TimeoutTest.infiniteLoopRunsForApproximatelyLengthOfTimeout",1,1,1,1
Public Method,"org.junit.tests.running.methods.TimeoutTest.makeSureAfterIsCalledAfterATimeout",1,1,1,1
Private Method,"org.junit.tests.running.methods.TimeoutTest.runAndTime",1,1,1,1
Public Method,"org.junit.tests.running.methods.TimeoutTest.stalledThreadAppearsInStackTrace",1,1,1,1
Public Method,"org.junit.tests.running.methods.TimeoutTest.successWithTimeout",1,1,1,1
Public Method,"org.junit.tests.running.methods.TimeoutTest.timeoutFailure",1,1,1,1
Method,"org.junit.tests.validation.BadlyFormedClassesTest.BadBeforeMethodWithLegacyRunner.before",1,1,1,1
Public Method,"org.junit.tests.validation.BadlyFormedClassesTest.BadBeforeMethodWithLegacyRunner.someTest",1,1,1,1
Public Constructor,"org.junit.tests.validation.BadlyFormedClassesTest.FaultyConstructor.FaultyConstructor",1,1,1,1
Public Method,"org.junit.tests.validation.BadlyFormedClassesTest.FaultyConstructor.someTest",1,1,1,1
Public Method,"org.junit.tests.validation.BadlyFormedClassesTest.badBeforeMethodWithLegacyRunner",1,1,1,1
Public Method,"org.junit.tests.validation.BadlyFormedClassesTest.constructorException",1,1,1,1
Private Method,"org.junit.tests.validation.BadlyFormedClassesTest.exceptionMessageFrom",1,1,1,1
Public Method,"org.junit.tests.validation.BadlyFormedClassesTest.noRunnableMethods",1,1,1,1
Public Constructor,"org.junit.tests.validation.FailedConstructionTest.CantConstruct.CantConstruct",1,1,1,1
Public Method,"org.junit.tests.validation.FailedConstructionTest.CantConstruct.foo",1,1,1,1
Public Method,"org.junit.tests.validation.FailedConstructionTest.failedConstructionIsTestFailure",1,1,1,1
Public Method,"org.junit.tests.validation.InaccessibleBaseClassTest.inaccessibleBaseClassIsCaughtAtValidation",1,1,1,1
Public Method,"org.junit.tests.validation.ValidationTest.NonStaticBeforeClass.before",1,1,1,1
Public Method,"org.junit.tests.validation.ValidationTest.NonStaticBeforeClass.hereBecauseEveryTestClassNeedsATest",1,1,1,1
Protected Method,"org.junit.tests.validation.ValidationTest.WrongBeforeClass.a",1,1,1,1
Public Method,"org.junit.tests.validation.ValidationTest.initializationErrorIsOnCorrectClass",1,1,1,1
Public Method,"org.junit.tests.validation.ValidationTest.nonStaticBeforeClass",1,1,1,1
Public Method,"org.junit.tests.validation.anotherpackage.Super.a",1,1,1,1
